[0.861s] Invoking command in '/home/yusuf/turtlebot3_ws/yusuf_ozyer': PYTHONPATH=/home/yusuf/turtlebot3_ws/build/yusuf_ozyer/prefix_override:/usr/lib/python3/dist-packages/colcon_core/task/python/colcon_distutils_commands:/home/yusuf/turtlebot3_ws/install/yusuf_ozyer/lib/python3.10/site-packages:${PYTHONPATH} /usr/bin/python3 -W ignore:setup.py install is deprecated setup.py egg_info --egg-base ../build/yusuf_ozyer build --build-base /home/yusuf/turtlebot3_ws/build/yusuf_ozyer/build install --record /home/yusuf/turtlebot3_ws/build/yusuf_ozyer/install.log --single-version-externally-managed install_data
[1.148s] running egg_info
[1.148s] writing ../build/yusuf_ozyer/yusuf_ozyer.egg-info/PKG-INFO
[1.149s] writing dependency_links to ../build/yusuf_ozyer/yusuf_ozyer.egg-info/dependency_links.txt
[1.149s] writing entry points to ../build/yusuf_ozyer/yusuf_ozyer.egg-info/entry_points.txt
[1.149s] writing requirements to ../build/yusuf_ozyer/yusuf_ozyer.egg-info/requires.txt
[1.149s] writing top-level names to ../build/yusuf_ozyer/yusuf_ozyer.egg-info/top_level.txt
[1.151s] reading manifest file '../build/yusuf_ozyer/yusuf_ozyer.egg-info/SOURCES.txt'
[1.151s] adding license file 'LICENSE'
[1.152s] writing manifest file '../build/yusuf_ozyer/yusuf_ozyer.egg-info/SOURCES.txt'
[1.152s] running build
[1.152s] running build_py
[1.152s] copying yusuf_ozyer/hareket_kontrol.py -> /home/yusuf/turtlebot3_ws/build/yusuf_ozyer/build/lib/yusuf_ozyer
[1.152s] running install
[1.153s] running install_lib
[1.154s] copying /home/yusuf/turtlebot3_ws/build/yusuf_ozyer/build/lib/yusuf_ozyer/hareket_kontrol.py -> /home/yusuf/turtlebot3_ws/install/yusuf_ozyer/lib/python3.10/site-packages/yusuf_ozyer
[1.155s] byte-compiling /home/yusuf/turtlebot3_ws/install/yusuf_ozyer/lib/python3.10/site-packages/yusuf_ozyer/hareket_kontrol.py to hareket_kontrol.cpython-310.pyc
[1.156s] running install_data
[1.157s] copying package.xml -> /home/yusuf/turtlebot3_ws/install/yusuf_ozyer/share/yusuf_ozyer
[1.157s] running install_egg_info
[1.160s] removing '/home/yusuf/turtlebot3_ws/install/yusuf_ozyer/lib/python3.10/site-packages/yusuf_ozyer-0.0.0-py3.10.egg-info' (and everything under it)
[1.160s] Copying ../build/yusuf_ozyer/yusuf_ozyer.egg-info to /home/yusuf/turtlebot3_ws/install/yusuf_ozyer/lib/python3.10/site-packages/yusuf_ozyer-0.0.0-py3.10.egg-info
[1.161s] running install_scripts
[1.183s] Installing hareket_kontrol script to /home/yusuf/turtlebot3_ws/install/yusuf_ozyer/lib/yusuf_ozyer
[1.183s] Installing lidar_subscriber script to /home/yusuf/turtlebot3_ws/install/yusuf_ozyer/lib/yusuf_ozyer
[1.184s] writing list of installed files to '/home/yusuf/turtlebot3_ws/build/yusuf_ozyer/install.log'
[1.213s] Invoked command in '/home/yusuf/turtlebot3_ws/yusuf_ozyer' returned '0': PYTHONPATH=/home/yusuf/turtlebot3_ws/build/yusuf_ozyer/prefix_override:/usr/lib/python3/dist-packages/colcon_core/task/python/colcon_distutils_commands:/home/yusuf/turtlebot3_ws/install/yusuf_ozyer/lib/python3.10/site-packages:${PYTHONPATH} /usr/bin/python3 -W ignore:setup.py install is deprecated setup.py egg_info --egg-base ../build/yusuf_ozyer build --build-base /home/yusuf/turtlebot3_ws/build/yusuf_ozyer/build install --record /home/yusuf/turtlebot3_ws/build/yusuf_ozyer/install.log --single-version-externally-managed install_data
