[0.654s] Invoking command in '/home/yusuf/turtlebot3_ws/build/yusuf_ozyer': PYTHONPATH=/home/yusuf/turtlebot3_ws/build/yusuf_ozyer/prefix_override:/usr/lib/python3/dist-packages/colcon_core/task/python/colcon_distutils_commands:/home/yusuf/turtlebot3_ws/install/yusuf_ozyer/lib/python3.10/site-packages:${PYTHONPATH} /usr/bin/python3 -W ignore:setup.py install is deprecated setup.py develop --editable --build-directory /home/yusuf/turtlebot3_ws/build/yusuf_ozyer/build --no-deps symlink_data --force
[0.910s] running develop
[0.911s] /usr/lib/python3/dist-packages/setuptools/command/easy_install.py:158: EasyInstallDeprecationWarning: easy_install command is deprecated. Use build and pip and other standards-based tools.
[0.911s]   warnings.warn(
[1.074s] running egg_info
[1.074s] writing yusuf_ozyer.egg-info/PKG-INFO
[1.074s] writing dependency_links to yusuf_ozyer.egg-info/dependency_links.txt
[1.074s] writing entry points to yusuf_ozyer.egg-info/entry_points.txt
[1.074s] writing requirements to yusuf_ozyer.egg-info/requires.txt
[1.075s] writing top-level names to yusuf_ozyer.egg-info/top_level.txt
[1.076s] reading manifest file 'yusuf_ozyer.egg-info/SOURCES.txt'
[1.077s] writing manifest file 'yusuf_ozyer.egg-info/SOURCES.txt'
[1.078s] running build_ext
[1.078s] Creating /home/yusuf/turtlebot3_ws/install/yusuf_ozyer/lib/python3.10/site-packages/yusuf-ozyer.egg-link (link to .)
[1.079s] Installing hareket_kontrol script to /home/yusuf/turtlebot3_ws/install/yusuf_ozyer/lib/yusuf_ozyer
[1.079s] Installing lidar_subscriber script to /home/yusuf/turtlebot3_ws/install/yusuf_ozyer/lib/yusuf_ozyer
[1.079s] 
[1.080s] Installed /home/yusuf/turtlebot3_ws/build/yusuf_ozyer
[1.080s] running symlink_data
[1.080s] symbolically linking /home/yusuf/turtlebot3_ws/build/yusuf_ozyer/resource/yusuf_ozyer -> /home/yusuf/turtlebot3_ws/install/yusuf_ozyer/share/ament_index/resource_index/packages
[1.080s] symbolically linking /home/yusuf/turtlebot3_ws/build/yusuf_ozyer/package.xml -> /home/yusuf/turtlebot3_ws/install/yusuf_ozyer/share/yusuf_ozyer
[1.111s] Invoked command in '/home/yusuf/turtlebot3_ws/build/yusuf_ozyer' returned '0': PYTHONPATH=/home/yusuf/turtlebot3_ws/build/yusuf_ozyer/prefix_override:/usr/lib/python3/dist-packages/colcon_core/task/python/colcon_distutils_commands:/home/yusuf/turtlebot3_ws/install/yusuf_ozyer/lib/python3.10/site-packages:${PYTHONPATH} /usr/bin/python3 -W ignore:setup.py install is deprecated setup.py develop --editable --build-directory /home/yusuf/turtlebot3_ws/build/yusuf_ozyer/build --no-deps symlink_data --force
