[0.094s] DEBUG:colcon:Command line arguments: ['/usr/bin/colcon', 'build']
[0.095s] DEBUG:colcon:Parsed command line arguments: Namespace(log_base=None, log_level=None, verb_name='build', build_base='build', install_base='install', merge_install=False, symlink_install=False, test_result_base=None, continue_on_error=False, executor='parallel', parallel_workers=8, event_handlers=None, ignore_user_meta=False, metas=['./colcon.meta'], base_paths=['.'], packages_ignore=None, packages_ignore_regex=None, paths=None, packages_up_to=None, packages_up_to_regex=None, packages_above=None, packages_above_and_dependencies=None, packages_above_depth=None, packages_select_by_dep=None, packages_skip_by_dep=None, packages_skip_up_to=None, packages_select_build_failed=False, packages_skip_build_finished=False, packages_select_test_failures=False, packages_skip_test_passed=False, packages_select=None, packages_skip=None, packages_select_regex=None, packages_skip_regex=None, packages_start=None, packages_end=None, allow_overriding=[], cmake_args=None, cmake_target=None, cmake_target_skip_unavailable=False, cmake_clean_cache=False, cmake_clean_first=False, cmake_force_configure=False, ament_cmake_args=None, catkin_cmake_args=None, catkin_skip_building_tests=False, verb_parser=<colcon_defaults.argument_parser.defaults.DefaultArgumentsDecorator object at 0x70ab30b551b0>, verb_extension=<colcon_core.verb.build.BuildVerb object at 0x70ab30b54ca0>, main=<bound method BuildVerb.main of <colcon_core.verb.build.BuildVerb object at 0x70ab30b54ca0>>)
[0.251s] Level 1:colcon.colcon_core.package_discovery:discover_packages(colcon_meta) check parameters
[0.251s] Level 1:colcon.colcon_core.package_discovery:discover_packages(recursive) check parameters
[0.251s] Level 1:colcon.colcon_core.package_discovery:discover_packages(ignore) check parameters
[0.251s] Level 1:colcon.colcon_core.package_discovery:discover_packages(path) check parameters
[0.251s] Level 1:colcon.colcon_core.package_discovery:discover_packages(colcon_meta) discover
[0.251s] Level 1:colcon.colcon_core.package_discovery:discover_packages(recursive) discover
[0.251s] INFO:colcon.colcon_core.package_discovery:Crawling recursively for packages in '/home/yusuf/turtlebot3_ws'
[0.251s] Level 1:colcon.colcon_core.package_identification:_identify(.) by extensions ['ignore', 'ignore_ament_install']
[0.251s] Level 1:colcon.colcon_core.package_identification:_identify(.) by extension 'ignore'
[0.252s] Level 1:colcon.colcon_core.package_identification:_identify(.) by extension 'ignore_ament_install'
[0.252s] Level 1:colcon.colcon_core.package_identification:_identify(.) by extensions ['colcon_pkg']
[0.252s] Level 1:colcon.colcon_core.package_identification:_identify(.) by extension 'colcon_pkg'
[0.252s] Level 1:colcon.colcon_core.package_identification:_identify(.) by extensions ['colcon_meta']
[0.252s] Level 1:colcon.colcon_core.package_identification:_identify(.) by extension 'colcon_meta'
[0.252s] Level 1:colcon.colcon_core.package_identification:_identify(.) by extensions ['ros']
[0.252s] Level 1:colcon.colcon_core.package_identification:_identify(.) by extension 'ros'
[0.262s] Level 1:colcon.colcon_core.package_identification:_identify(.) by extensions ['cmake', 'python']
[0.262s] Level 1:colcon.colcon_core.package_identification:_identify(.) by extension 'cmake'
[0.262s] Level 1:colcon.colcon_core.package_identification:_identify(.) by extension 'python'
[0.262s] Level 1:colcon.colcon_core.package_identification:_identify(.) by extensions ['python_setup_py']
[0.262s] Level 1:colcon.colcon_core.package_identification:_identify(.) by extension 'python_setup_py'
[0.262s] Level 1:colcon.colcon_core.package_identification:_identify(build) by extensions ['ignore', 'ignore_ament_install']
[0.262s] Level 1:colcon.colcon_core.package_identification:_identify(build) by extension 'ignore'
[0.262s] Level 1:colcon.colcon_core.package_identification:_identify(build) ignored
[0.262s] Level 1:colcon.colcon_core.package_identification:_identify(install) by extensions ['ignore', 'ignore_ament_install']
[0.263s] Level 1:colcon.colcon_core.package_identification:_identify(install) by extension 'ignore'
[0.263s] Level 1:colcon.colcon_core.package_identification:_identify(install) ignored
[0.263s] Level 1:colcon.colcon_core.package_identification:_identify(log) by extensions ['ignore', 'ignore_ament_install']
[0.263s] Level 1:colcon.colcon_core.package_identification:_identify(log) by extension 'ignore'
[0.263s] Level 1:colcon.colcon_core.package_identification:_identify(log) ignored
[0.263s] Level 1:colcon.colcon_core.package_identification:_identify(src) by extensions ['ignore', 'ignore_ament_install']
[0.263s] Level 1:colcon.colcon_core.package_identification:_identify(src) by extension 'ignore'
[0.263s] Level 1:colcon.colcon_core.package_identification:_identify(src) by extension 'ignore_ament_install'
[0.263s] Level 1:colcon.colcon_core.package_identification:_identify(src) by extensions ['colcon_pkg']
[0.263s] Level 1:colcon.colcon_core.package_identification:_identify(src) by extension 'colcon_pkg'
[0.263s] Level 1:colcon.colcon_core.package_identification:_identify(src) by extensions ['colcon_meta']
[0.263s] Level 1:colcon.colcon_core.package_identification:_identify(src) by extension 'colcon_meta'
[0.263s] Level 1:colcon.colcon_core.package_identification:_identify(src) by extensions ['ros']
[0.263s] Level 1:colcon.colcon_core.package_identification:_identify(src) by extension 'ros'
[0.263s] Level 1:colcon.colcon_core.package_identification:_identify(src) by extensions ['cmake', 'python']
[0.263s] Level 1:colcon.colcon_core.package_identification:_identify(src) by extension 'cmake'
[0.263s] Level 1:colcon.colcon_core.package_identification:_identify(src) by extension 'python'
[0.263s] Level 1:colcon.colcon_core.package_identification:_identify(src) by extensions ['python_setup_py']
[0.263s] Level 1:colcon.colcon_core.package_identification:_identify(src) by extension 'python_setup_py'
[0.264s] Level 1:colcon.colcon_core.package_identification:_identify(src/build) by extensions ['ignore', 'ignore_ament_install']
[0.264s] Level 1:colcon.colcon_core.package_identification:_identify(src/build) by extension 'ignore'
[0.264s] Level 1:colcon.colcon_core.package_identification:_identify(src/build) ignored
[0.264s] Level 1:colcon.colcon_core.package_identification:_identify(src/install) by extensions ['ignore', 'ignore_ament_install']
[0.264s] Level 1:colcon.colcon_core.package_identification:_identify(src/install) by extension 'ignore'
[0.264s] Level 1:colcon.colcon_core.package_identification:_identify(src/install) ignored
[0.264s] Level 1:colcon.colcon_core.package_identification:_identify(src/log) by extensions ['ignore', 'ignore_ament_install']
[0.264s] Level 1:colcon.colcon_core.package_identification:_identify(src/log) by extension 'ignore'
[0.264s] Level 1:colcon.colcon_core.package_identification:_identify(src/log) ignored
[0.264s] Level 1:colcon.colcon_core.package_identification:_identify(src/turtlebot3_simulations) by extensions ['ignore', 'ignore_ament_install']
[0.264s] Level 1:colcon.colcon_core.package_identification:_identify(src/turtlebot3_simulations) by extension 'ignore'
[0.264s] Level 1:colcon.colcon_core.package_identification:_identify(src/turtlebot3_simulations) by extension 'ignore_ament_install'
[0.264s] Level 1:colcon.colcon_core.package_identification:_identify(src/turtlebot3_simulations) by extensions ['colcon_pkg']
[0.264s] Level 1:colcon.colcon_core.package_identification:_identify(src/turtlebot3_simulations) by extension 'colcon_pkg'
[0.264s] Level 1:colcon.colcon_core.package_identification:_identify(src/turtlebot3_simulations) by extensions ['colcon_meta']
[0.264s] Level 1:colcon.colcon_core.package_identification:_identify(src/turtlebot3_simulations) by extension 'colcon_meta'
[0.264s] Level 1:colcon.colcon_core.package_identification:_identify(src/turtlebot3_simulations) by extensions ['ros']
[0.265s] Level 1:colcon.colcon_core.package_identification:_identify(src/turtlebot3_simulations) by extension 'ros'
[0.265s] Level 1:colcon.colcon_core.package_identification:_identify(src/turtlebot3_simulations) by extensions ['cmake', 'python']
[0.265s] Level 1:colcon.colcon_core.package_identification:_identify(src/turtlebot3_simulations) by extension 'cmake'
[0.265s] Level 1:colcon.colcon_core.package_identification:_identify(src/turtlebot3_simulations) by extension 'python'
[0.265s] Level 1:colcon.colcon_core.package_identification:_identify(src/turtlebot3_simulations) by extensions ['python_setup_py']
[0.265s] Level 1:colcon.colcon_core.package_identification:_identify(src/turtlebot3_simulations) by extension 'python_setup_py'
[0.265s] Level 1:colcon.colcon_core.package_identification:_identify(src/turtlebot3_simulations/turtlebot3_fake_node) by extensions ['ignore', 'ignore_ament_install']
[0.265s] Level 1:colcon.colcon_core.package_identification:_identify(src/turtlebot3_simulations/turtlebot3_fake_node) by extension 'ignore'
[0.265s] Level 1:colcon.colcon_core.package_identification:_identify(src/turtlebot3_simulations/turtlebot3_fake_node) by extension 'ignore_ament_install'
[0.265s] Level 1:colcon.colcon_core.package_identification:_identify(src/turtlebot3_simulations/turtlebot3_fake_node) by extensions ['colcon_pkg']
[0.265s] Level 1:colcon.colcon_core.package_identification:_identify(src/turtlebot3_simulations/turtlebot3_fake_node) by extension 'colcon_pkg'
[0.265s] Level 1:colcon.colcon_core.package_identification:_identify(src/turtlebot3_simulations/turtlebot3_fake_node) by extensions ['colcon_meta']
[0.265s] Level 1:colcon.colcon_core.package_identification:_identify(src/turtlebot3_simulations/turtlebot3_fake_node) by extension 'colcon_meta'
[0.265s] Level 1:colcon.colcon_core.package_identification:_identify(src/turtlebot3_simulations/turtlebot3_fake_node) by extensions ['ros']
[0.265s] Level 1:colcon.colcon_core.package_identification:_identify(src/turtlebot3_simulations/turtlebot3_fake_node) by extension 'ros'
[0.268s] DEBUG:colcon.colcon_core.package_identification:Package 'src/turtlebot3_simulations/turtlebot3_fake_node' with type 'ros.ament_cmake' and name 'turtlebot3_fake_node'
[0.268s] Level 1:colcon.colcon_core.package_identification:_identify(src/turtlebot3_simulations/turtlebot3_gazebo) by extensions ['ignore', 'ignore_ament_install']
[0.268s] Level 1:colcon.colcon_core.package_identification:_identify(src/turtlebot3_simulations/turtlebot3_gazebo) by extension 'ignore'
[0.268s] Level 1:colcon.colcon_core.package_identification:_identify(src/turtlebot3_simulations/turtlebot3_gazebo) by extension 'ignore_ament_install'
[0.268s] Level 1:colcon.colcon_core.package_identification:_identify(src/turtlebot3_simulations/turtlebot3_gazebo) by extensions ['colcon_pkg']
[0.268s] Level 1:colcon.colcon_core.package_identification:_identify(src/turtlebot3_simulations/turtlebot3_gazebo) by extension 'colcon_pkg'
[0.268s] Level 1:colcon.colcon_core.package_identification:_identify(src/turtlebot3_simulations/turtlebot3_gazebo) by extensions ['colcon_meta']
[0.268s] Level 1:colcon.colcon_core.package_identification:_identify(src/turtlebot3_simulations/turtlebot3_gazebo) by extension 'colcon_meta'
[0.268s] Level 1:colcon.colcon_core.package_identification:_identify(src/turtlebot3_simulations/turtlebot3_gazebo) by extensions ['ros']
[0.268s] Level 1:colcon.colcon_core.package_identification:_identify(src/turtlebot3_simulations/turtlebot3_gazebo) by extension 'ros'
[0.269s] DEBUG:colcon.colcon_core.package_identification:Package 'src/turtlebot3_simulations/turtlebot3_gazebo' with type 'ros.ament_cmake' and name 'turtlebot3_gazebo'
[0.269s] Level 1:colcon.colcon_core.package_identification:_identify(src/turtlebot3_simulations/turtlebot3_simulations) by extensions ['ignore', 'ignore_ament_install']
[0.269s] Level 1:colcon.colcon_core.package_identification:_identify(src/turtlebot3_simulations/turtlebot3_simulations) by extension 'ignore'
[0.270s] Level 1:colcon.colcon_core.package_identification:_identify(src/turtlebot3_simulations/turtlebot3_simulations) by extension 'ignore_ament_install'
[0.270s] Level 1:colcon.colcon_core.package_identification:_identify(src/turtlebot3_simulations/turtlebot3_simulations) by extensions ['colcon_pkg']
[0.270s] Level 1:colcon.colcon_core.package_identification:_identify(src/turtlebot3_simulations/turtlebot3_simulations) by extension 'colcon_pkg'
[0.270s] Level 1:colcon.colcon_core.package_identification:_identify(src/turtlebot3_simulations/turtlebot3_simulations) by extensions ['colcon_meta']
[0.270s] Level 1:colcon.colcon_core.package_identification:_identify(src/turtlebot3_simulations/turtlebot3_simulations) by extension 'colcon_meta'
[0.270s] Level 1:colcon.colcon_core.package_identification:_identify(src/turtlebot3_simulations/turtlebot3_simulations) by extensions ['ros']
[0.270s] Level 1:colcon.colcon_core.package_identification:_identify(src/turtlebot3_simulations/turtlebot3_simulations) by extension 'ros'
[0.270s] DEBUG:colcon.colcon_core.package_identification:Package 'src/turtlebot3_simulations/turtlebot3_simulations' with type 'ros.ament_cmake' and name 'turtlebot3_simulations'
[0.270s] Level 1:colcon.colcon_core.package_identification:_identify(yusuf_ozyer) by extensions ['ignore', 'ignore_ament_install']
[0.271s] Level 1:colcon.colcon_core.package_identification:_identify(yusuf_ozyer) by extension 'ignore'
[0.271s] Level 1:colcon.colcon_core.package_identification:_identify(yusuf_ozyer) by extension 'ignore_ament_install'
[0.271s] Level 1:colcon.colcon_core.package_identification:_identify(yusuf_ozyer) by extensions ['colcon_pkg']
[0.271s] Level 1:colcon.colcon_core.package_identification:_identify(yusuf_ozyer) by extension 'colcon_pkg'
[0.271s] Level 1:colcon.colcon_core.package_identification:_identify(yusuf_ozyer) by extensions ['colcon_meta']
[0.271s] Level 1:colcon.colcon_core.package_identification:_identify(yusuf_ozyer) by extension 'colcon_meta'
[0.271s] Level 1:colcon.colcon_core.package_identification:_identify(yusuf_ozyer) by extensions ['ros']
[0.271s] Level 1:colcon.colcon_core.package_identification:_identify(yusuf_ozyer) by extension 'ros'
[0.271s] DEBUG:colcon.colcon_core.package_identification:Package 'yusuf_ozyer' with type 'ros.ament_python' and name 'yusuf_ozyer'
[0.271s] Level 1:colcon.colcon_core.package_discovery:discover_packages(recursive) using defaults
[0.271s] Level 1:colcon.colcon_core.package_discovery:discover_packages(ignore) discover
[0.271s] Level 1:colcon.colcon_core.package_discovery:discover_packages(ignore) using defaults
[0.271s] Level 1:colcon.colcon_core.package_discovery:discover_packages(path) discover
[0.271s] Level 1:colcon.colcon_core.package_discovery:discover_packages(path) using defaults
[0.298s] Level 1:colcon.colcon_core.package_discovery:discover_packages(prefix_path) check parameters
[0.298s] Level 1:colcon.colcon_core.package_discovery:discover_packages(prefix_path) discover
[0.299s] DEBUG:colcon.colcon_installed_package_information.package_discovery:Found 4 installed packages in /home/yusuf/turtlebot3_ws/install
[0.301s] DEBUG:colcon.colcon_installed_package_information.package_discovery:Found 374 installed packages in /opt/ros/humble
[0.302s] Level 1:colcon.colcon_core.package_discovery:discover_packages(prefix_path) using defaults
[0.348s] Level 5:colcon.colcon_core.verb:set package 'turtlebot3_fake_node' build argument 'cmake_args' from command line to 'None'
[0.348s] Level 5:colcon.colcon_core.verb:set package 'turtlebot3_fake_node' build argument 'cmake_target' from command line to 'None'
[0.348s] Level 5:colcon.colcon_core.verb:set package 'turtlebot3_fake_node' build argument 'cmake_target_skip_unavailable' from command line to 'False'
[0.348s] Level 5:colcon.colcon_core.verb:set package 'turtlebot3_fake_node' build argument 'cmake_clean_cache' from command line to 'False'
[0.348s] Level 5:colcon.colcon_core.verb:set package 'turtlebot3_fake_node' build argument 'cmake_clean_first' from command line to 'False'
[0.348s] Level 5:colcon.colcon_core.verb:set package 'turtlebot3_fake_node' build argument 'cmake_force_configure' from command line to 'False'
[0.348s] Level 5:colcon.colcon_core.verb:set package 'turtlebot3_fake_node' build argument 'ament_cmake_args' from command line to 'None'
[0.348s] Level 5:colcon.colcon_core.verb:set package 'turtlebot3_fake_node' build argument 'catkin_cmake_args' from command line to 'None'
[0.348s] Level 5:colcon.colcon_core.verb:set package 'turtlebot3_fake_node' build argument 'catkin_skip_building_tests' from command line to 'False'
[0.348s] DEBUG:colcon.colcon_core.verb:Building package 'turtlebot3_fake_node' with the following arguments: {'ament_cmake_args': None, 'build_base': '/home/yusuf/turtlebot3_ws/build/turtlebot3_fake_node', 'catkin_cmake_args': None, 'catkin_skip_building_tests': False, 'cmake_args': None, 'cmake_clean_cache': False, 'cmake_clean_first': False, 'cmake_force_configure': False, 'cmake_target': None, 'cmake_target_skip_unavailable': False, 'install_base': '/home/yusuf/turtlebot3_ws/install/turtlebot3_fake_node', 'merge_install': False, 'path': '/home/yusuf/turtlebot3_ws/src/turtlebot3_simulations/turtlebot3_fake_node', 'symlink_install': False, 'test_result_base': None}
[0.348s] Level 5:colcon.colcon_core.verb:set package 'turtlebot3_gazebo' build argument 'cmake_args' from command line to 'None'
[0.348s] Level 5:colcon.colcon_core.verb:set package 'turtlebot3_gazebo' build argument 'cmake_target' from command line to 'None'
[0.348s] Level 5:colcon.colcon_core.verb:set package 'turtlebot3_gazebo' build argument 'cmake_target_skip_unavailable' from command line to 'False'
[0.348s] Level 5:colcon.colcon_core.verb:set package 'turtlebot3_gazebo' build argument 'cmake_clean_cache' from command line to 'False'
[0.348s] Level 5:colcon.colcon_core.verb:set package 'turtlebot3_gazebo' build argument 'cmake_clean_first' from command line to 'False'
[0.348s] Level 5:colcon.colcon_core.verb:set package 'turtlebot3_gazebo' build argument 'cmake_force_configure' from command line to 'False'
[0.348s] Level 5:colcon.colcon_core.verb:set package 'turtlebot3_gazebo' build argument 'ament_cmake_args' from command line to 'None'
[0.348s] Level 5:colcon.colcon_core.verb:set package 'turtlebot3_gazebo' build argument 'catkin_cmake_args' from command line to 'None'
[0.348s] Level 5:colcon.colcon_core.verb:set package 'turtlebot3_gazebo' build argument 'catkin_skip_building_tests' from command line to 'False'
[0.349s] DEBUG:colcon.colcon_core.verb:Building package 'turtlebot3_gazebo' with the following arguments: {'ament_cmake_args': None, 'build_base': '/home/yusuf/turtlebot3_ws/build/turtlebot3_gazebo', 'catkin_cmake_args': None, 'catkin_skip_building_tests': False, 'cmake_args': None, 'cmake_clean_cache': False, 'cmake_clean_first': False, 'cmake_force_configure': False, 'cmake_target': None, 'cmake_target_skip_unavailable': False, 'install_base': '/home/yusuf/turtlebot3_ws/install/turtlebot3_gazebo', 'merge_install': False, 'path': '/home/yusuf/turtlebot3_ws/src/turtlebot3_simulations/turtlebot3_gazebo', 'symlink_install': False, 'test_result_base': None}
[0.349s] Level 5:colcon.colcon_core.verb:set package 'yusuf_ozyer' build argument 'cmake_args' from command line to 'None'
[0.349s] Level 5:colcon.colcon_core.verb:set package 'yusuf_ozyer' build argument 'cmake_target' from command line to 'None'
[0.349s] Level 5:colcon.colcon_core.verb:set package 'yusuf_ozyer' build argument 'cmake_target_skip_unavailable' from command line to 'False'
[0.349s] Level 5:colcon.colcon_core.verb:set package 'yusuf_ozyer' build argument 'cmake_clean_cache' from command line to 'False'
[0.349s] Level 5:colcon.colcon_core.verb:set package 'yusuf_ozyer' build argument 'cmake_clean_first' from command line to 'False'
[0.349s] Level 5:colcon.colcon_core.verb:set package 'yusuf_ozyer' build argument 'cmake_force_configure' from command line to 'False'
[0.349s] Level 5:colcon.colcon_core.verb:set package 'yusuf_ozyer' build argument 'ament_cmake_args' from command line to 'None'
[0.349s] Level 5:colcon.colcon_core.verb:set package 'yusuf_ozyer' build argument 'catkin_cmake_args' from command line to 'None'
[0.349s] Level 5:colcon.colcon_core.verb:set package 'yusuf_ozyer' build argument 'catkin_skip_building_tests' from command line to 'False'
[0.349s] DEBUG:colcon.colcon_core.verb:Building package 'yusuf_ozyer' with the following arguments: {'ament_cmake_args': None, 'build_base': '/home/yusuf/turtlebot3_ws/build/yusuf_ozyer', 'catkin_cmake_args': None, 'catkin_skip_building_tests': False, 'cmake_args': None, 'cmake_clean_cache': False, 'cmake_clean_first': False, 'cmake_force_configure': False, 'cmake_target': None, 'cmake_target_skip_unavailable': False, 'install_base': '/home/yusuf/turtlebot3_ws/install/yusuf_ozyer', 'merge_install': False, 'path': '/home/yusuf/turtlebot3_ws/yusuf_ozyer', 'symlink_install': False, 'test_result_base': None}
[0.349s] Level 5:colcon.colcon_core.verb:set package 'turtlebot3_simulations' build argument 'cmake_args' from command line to 'None'
[0.350s] Level 5:colcon.colcon_core.verb:set package 'turtlebot3_simulations' build argument 'cmake_target' from command line to 'None'
[0.350s] Level 5:colcon.colcon_core.verb:set package 'turtlebot3_simulations' build argument 'cmake_target_skip_unavailable' from command line to 'False'
[0.350s] Level 5:colcon.colcon_core.verb:set package 'turtlebot3_simulations' build argument 'cmake_clean_cache' from command line to 'False'
[0.350s] Level 5:colcon.colcon_core.verb:set package 'turtlebot3_simulations' build argument 'cmake_clean_first' from command line to 'False'
[0.350s] Level 5:colcon.colcon_core.verb:set package 'turtlebot3_simulations' build argument 'cmake_force_configure' from command line to 'False'
[0.350s] Level 5:colcon.colcon_core.verb:set package 'turtlebot3_simulations' build argument 'ament_cmake_args' from command line to 'None'
[0.350s] Level 5:colcon.colcon_core.verb:set package 'turtlebot3_simulations' build argument 'catkin_cmake_args' from command line to 'None'
[0.350s] Level 5:colcon.colcon_core.verb:set package 'turtlebot3_simulations' build argument 'catkin_skip_building_tests' from command line to 'False'
[0.350s] DEBUG:colcon.colcon_core.verb:Building package 'turtlebot3_simulations' with the following arguments: {'ament_cmake_args': None, 'build_base': '/home/yusuf/turtlebot3_ws/build/turtlebot3_simulations', 'catkin_cmake_args': None, 'catkin_skip_building_tests': False, 'cmake_args': None, 'cmake_clean_cache': False, 'cmake_clean_first': False, 'cmake_force_configure': False, 'cmake_target': None, 'cmake_target_skip_unavailable': False, 'install_base': '/home/yusuf/turtlebot3_ws/install/turtlebot3_simulations', 'merge_install': False, 'path': '/home/yusuf/turtlebot3_ws/src/turtlebot3_simulations/turtlebot3_simulations', 'symlink_install': False, 'test_result_base': None}
[0.350s] INFO:colcon.colcon_core.executor:Executing jobs using 'parallel' executor
[0.351s] DEBUG:colcon.colcon_parallel_executor.executor.parallel:run_until_complete
[0.351s] INFO:colcon.colcon_ros.task.ament_cmake.build:Building ROS package in '/home/yusuf/turtlebot3_ws/src/turtlebot3_simulations/turtlebot3_fake_node' with build type 'ament_cmake'
[0.351s] INFO:colcon.colcon_cmake.task.cmake.build:Building CMake package in '/home/yusuf/turtlebot3_ws/src/turtlebot3_simulations/turtlebot3_fake_node'
[0.353s] INFO:colcon.colcon_core.plugin_system:Skipping extension 'colcon_core.shell.bat': Not used on non-Windows systems
[0.353s] INFO:colcon.colcon_core.shell:Skip shell extension 'powershell' for command environment: Not usable outside of PowerShell
[0.353s] DEBUG:colcon.colcon_core.shell:Skip shell extension 'dsv' for command environment
[0.357s] INFO:colcon.colcon_ros.task.ament_cmake.build:Building ROS package in '/home/yusuf/turtlebot3_ws/src/turtlebot3_simulations/turtlebot3_gazebo' with build type 'ament_cmake'
[0.357s] INFO:colcon.colcon_cmake.task.cmake.build:Building CMake package in '/home/yusuf/turtlebot3_ws/src/turtlebot3_simulations/turtlebot3_gazebo'
[0.357s] INFO:colcon.colcon_core.shell:Skip shell extension 'powershell' for command environment: Not usable outside of PowerShell
[0.357s] DEBUG:colcon.colcon_core.shell:Skip shell extension 'dsv' for command environment
[0.360s] INFO:colcon.colcon_ros.task.ament_python.build:Building ROS package in '/home/yusuf/turtlebot3_ws/yusuf_ozyer' with build type 'ament_python'
[0.360s] Level 1:colcon.colcon_core.shell:create_environment_hook('yusuf_ozyer', 'ament_prefix_path')
[0.361s] INFO:colcon.colcon_core.shell:Creating environment hook '/home/yusuf/turtlebot3_ws/install/yusuf_ozyer/share/yusuf_ozyer/hook/ament_prefix_path.ps1'
[0.361s] INFO:colcon.colcon_core.shell:Creating environment descriptor '/home/yusuf/turtlebot3_ws/install/yusuf_ozyer/share/yusuf_ozyer/hook/ament_prefix_path.dsv'
[0.362s] INFO:colcon.colcon_core.shell:Creating environment hook '/home/yusuf/turtlebot3_ws/install/yusuf_ozyer/share/yusuf_ozyer/hook/ament_prefix_path.sh'
[0.362s] INFO:colcon.colcon_core.shell:Skip shell extension 'powershell' for command environment: Not usable outside of PowerShell
[0.362s] DEBUG:colcon.colcon_core.shell:Skip shell extension 'dsv' for command environment
[0.371s] DEBUG:colcon.colcon_core.event_handler.log_command:Invoking command in '/home/yusuf/turtlebot3_ws/build/turtlebot3_fake_node': CMAKE_PREFIX_PATH=${CMAKE_PREFIX_PATH}:/home/yusuf/turtlebot3_ws/install/yusuf_ozyer:/opt/ros/humble /usr/bin/cmake --build /home/yusuf/turtlebot3_ws/build/turtlebot3_fake_node -- -j8 -l8
[0.375s] DEBUG:colcon.colcon_core.event_handler.log_command:Invoking command in '/home/yusuf/turtlebot3_ws/build/turtlebot3_gazebo': CMAKE_PREFIX_PATH=${CMAKE_PREFIX_PATH}:/home/yusuf/turtlebot3_ws/install/yusuf_ozyer:/opt/ros/humble /usr/bin/cmake --build /home/yusuf/turtlebot3_ws/build/turtlebot3_gazebo -- -j8 -l8
[0.612s] INFO:colcon.colcon_core.task.python.build:Building Python package in '/home/yusuf/turtlebot3_ws/yusuf_ozyer'
[0.612s] INFO:colcon.colcon_core.shell:Skip shell extension 'powershell' for command environment: Not usable outside of PowerShell
[0.612s] DEBUG:colcon.colcon_core.shell:Skip shell extension 'dsv' for command environment
[0.617s] DEBUG:colcon.colcon_core.event_handler.log_command:Invoked command in '/home/yusuf/turtlebot3_ws/build/turtlebot3_gazebo' returned '0': CMAKE_PREFIX_PATH=${CMAKE_PREFIX_PATH}:/home/yusuf/turtlebot3_ws/install/yusuf_ozyer:/opt/ros/humble /usr/bin/cmake --build /home/yusuf/turtlebot3_ws/build/turtlebot3_gazebo -- -j8 -l8
[0.618s] DEBUG:colcon.colcon_core.event_handler.log_command:Invoked command in '/home/yusuf/turtlebot3_ws/build/turtlebot3_fake_node' returned '0': CMAKE_PREFIX_PATH=${CMAKE_PREFIX_PATH}:/home/yusuf/turtlebot3_ws/install/yusuf_ozyer:/opt/ros/humble /usr/bin/cmake --build /home/yusuf/turtlebot3_ws/build/turtlebot3_fake_node -- -j8 -l8
[0.650s] DEBUG:colcon.colcon_core.event_handler.log_command:Invoking command in '/home/yusuf/turtlebot3_ws/build/turtlebot3_fake_node': CMAKE_PREFIX_PATH=${CMAKE_PREFIX_PATH}:/home/yusuf/turtlebot3_ws/install/yusuf_ozyer:/opt/ros/humble /usr/bin/cmake --install /home/yusuf/turtlebot3_ws/build/turtlebot3_fake_node
[0.652s] DEBUG:colcon.colcon_core.event_handler.log_command:Invoking command in '/home/yusuf/turtlebot3_ws/build/turtlebot3_gazebo': CMAKE_PREFIX_PATH=${CMAKE_PREFIX_PATH}:/home/yusuf/turtlebot3_ws/install/yusuf_ozyer:/opt/ros/humble /usr/bin/cmake --install /home/yusuf/turtlebot3_ws/build/turtlebot3_gazebo
[0.672s] Level 1:colcon.colcon_core.environment:create_environment_scripts_only(turtlebot3_fake_node)
[0.673s] DEBUG:colcon.colcon_core.event_handler.log_command:Invoked command in '/home/yusuf/turtlebot3_ws/build/turtlebot3_fake_node' returned '0': CMAKE_PREFIX_PATH=${CMAKE_PREFIX_PATH}:/home/yusuf/turtlebot3_ws/install/yusuf_ozyer:/opt/ros/humble /usr/bin/cmake --install /home/yusuf/turtlebot3_ws/build/turtlebot3_fake_node
[0.675s] Level 1:colcon.colcon_core.environment:checking '/home/yusuf/turtlebot3_ws/install/turtlebot3_fake_node' for CMake module files
[0.676s] Level 1:colcon.colcon_core.environment:checking '/home/yusuf/turtlebot3_ws/install/turtlebot3_fake_node' for CMake config files
[0.676s] Level 1:colcon.colcon_core.shell:create_environment_hook('turtlebot3_fake_node', 'cmake_prefix_path')
[0.676s] INFO:colcon.colcon_core.shell:Creating environment hook '/home/yusuf/turtlebot3_ws/install/turtlebot3_fake_node/share/turtlebot3_fake_node/hook/cmake_prefix_path.ps1'
[0.676s] INFO:colcon.colcon_core.shell:Creating environment descriptor '/home/yusuf/turtlebot3_ws/install/turtlebot3_fake_node/share/turtlebot3_fake_node/hook/cmake_prefix_path.dsv'
[0.677s] INFO:colcon.colcon_core.shell:Creating environment hook '/home/yusuf/turtlebot3_ws/install/turtlebot3_fake_node/share/turtlebot3_fake_node/hook/cmake_prefix_path.sh'
[0.677s] Level 1:colcon.colcon_core.environment:checking '/home/yusuf/turtlebot3_ws/install/turtlebot3_fake_node/lib'
[0.677s] Level 1:colcon.colcon_core.environment:checking '/home/yusuf/turtlebot3_ws/install/turtlebot3_fake_node/bin'
[0.677s] Level 1:colcon.colcon_core.environment:checking '/home/yusuf/turtlebot3_ws/install/turtlebot3_fake_node/lib/pkgconfig/turtlebot3_fake_node.pc'
[0.678s] Level 1:colcon.colcon_core.environment:checking '/home/yusuf/turtlebot3_ws/install/turtlebot3_fake_node/lib/python3.10/site-packages'
[0.678s] Level 1:colcon.colcon_core.environment:checking '/home/yusuf/turtlebot3_ws/install/turtlebot3_fake_node/bin'
[0.678s] INFO:colcon.colcon_core.shell:Creating package script '/home/yusuf/turtlebot3_ws/install/turtlebot3_fake_node/share/turtlebot3_fake_node/package.ps1'
[0.679s] INFO:colcon.colcon_core.shell:Creating package descriptor '/home/yusuf/turtlebot3_ws/install/turtlebot3_fake_node/share/turtlebot3_fake_node/package.dsv'
[0.679s] INFO:colcon.colcon_core.shell:Creating package script '/home/yusuf/turtlebot3_ws/install/turtlebot3_fake_node/share/turtlebot3_fake_node/package.sh'
[0.681s] INFO:colcon.colcon_core.shell:Creating package script '/home/yusuf/turtlebot3_ws/install/turtlebot3_fake_node/share/turtlebot3_fake_node/package.bash'
[0.682s] INFO:colcon.colcon_core.shell:Creating package script '/home/yusuf/turtlebot3_ws/install/turtlebot3_fake_node/share/turtlebot3_fake_node/package.zsh'
[0.682s] Level 1:colcon.colcon_core.environment:create_file_with_runtime_dependencies(/home/yusuf/turtlebot3_ws/install/turtlebot3_fake_node/share/colcon-core/packages/turtlebot3_fake_node)
[0.684s] Level 1:colcon.colcon_core.environment:create_environment_scripts_only(turtlebot3_gazebo)
[0.684s] Level 1:colcon.colcon_core.environment:checking '/home/yusuf/turtlebot3_ws/install/turtlebot3_gazebo' for CMake module files
[0.685s] DEBUG:colcon.colcon_core.event_handler.log_command:Invoked command in '/home/yusuf/turtlebot3_ws/build/turtlebot3_gazebo' returned '0': CMAKE_PREFIX_PATH=${CMAKE_PREFIX_PATH}:/home/yusuf/turtlebot3_ws/install/yusuf_ozyer:/opt/ros/humble /usr/bin/cmake --install /home/yusuf/turtlebot3_ws/build/turtlebot3_gazebo
[0.685s] Level 1:colcon.colcon_core.environment:checking '/home/yusuf/turtlebot3_ws/install/turtlebot3_gazebo' for CMake config files
[0.685s] Level 1:colcon.colcon_core.shell:create_environment_hook('turtlebot3_gazebo', 'cmake_prefix_path')
[0.685s] INFO:colcon.colcon_core.shell:Creating environment hook '/home/yusuf/turtlebot3_ws/install/turtlebot3_gazebo/share/turtlebot3_gazebo/hook/cmake_prefix_path.ps1'
[0.686s] INFO:colcon.colcon_core.shell:Creating environment descriptor '/home/yusuf/turtlebot3_ws/install/turtlebot3_gazebo/share/turtlebot3_gazebo/hook/cmake_prefix_path.dsv'
[0.686s] INFO:colcon.colcon_core.shell:Creating environment hook '/home/yusuf/turtlebot3_ws/install/turtlebot3_gazebo/share/turtlebot3_gazebo/hook/cmake_prefix_path.sh'
[0.686s] Level 1:colcon.colcon_core.environment:checking '/home/yusuf/turtlebot3_ws/install/turtlebot3_gazebo/lib'
[0.686s] Level 1:colcon.colcon_core.environment:checking '/home/yusuf/turtlebot3_ws/install/turtlebot3_gazebo/bin'
[0.687s] Level 1:colcon.colcon_core.environment:checking '/home/yusuf/turtlebot3_ws/install/turtlebot3_gazebo/lib/pkgconfig/turtlebot3_gazebo.pc'
[0.687s] Level 1:colcon.colcon_core.environment:checking '/home/yusuf/turtlebot3_ws/install/turtlebot3_gazebo/lib/python3.10/site-packages'
[0.687s] Level 1:colcon.colcon_core.environment:checking '/home/yusuf/turtlebot3_ws/install/turtlebot3_gazebo/bin'
[0.687s] INFO:colcon.colcon_core.shell:Creating package script '/home/yusuf/turtlebot3_ws/install/turtlebot3_gazebo/share/turtlebot3_gazebo/package.ps1'
[0.688s] INFO:colcon.colcon_core.shell:Creating package descriptor '/home/yusuf/turtlebot3_ws/install/turtlebot3_gazebo/share/turtlebot3_gazebo/package.dsv'
[0.688s] INFO:colcon.colcon_core.shell:Creating package script '/home/yusuf/turtlebot3_ws/install/turtlebot3_gazebo/share/turtlebot3_gazebo/package.sh'
[0.688s] INFO:colcon.colcon_core.shell:Creating package script '/home/yusuf/turtlebot3_ws/install/turtlebot3_gazebo/share/turtlebot3_gazebo/package.bash'
[0.689s] INFO:colcon.colcon_core.shell:Creating package script '/home/yusuf/turtlebot3_ws/install/turtlebot3_gazebo/share/turtlebot3_gazebo/package.zsh'
[0.689s] Level 1:colcon.colcon_core.environment:create_file_with_runtime_dependencies(/home/yusuf/turtlebot3_ws/install/turtlebot3_gazebo/share/colcon-core/packages/turtlebot3_gazebo)
[0.706s] Level 1:colcon.colcon_core.environment:create_environment_scripts_only(turtlebot3_fake_node)
[0.706s] Level 1:colcon.colcon_core.environment:checking '/home/yusuf/turtlebot3_ws/install/turtlebot3_fake_node' for CMake module files
[0.707s] Level 1:colcon.colcon_core.environment:checking '/home/yusuf/turtlebot3_ws/install/turtlebot3_fake_node' for CMake config files
[0.707s] Level 1:colcon.colcon_core.shell:create_environment_hook('turtlebot3_fake_node', 'cmake_prefix_path')
[0.707s] INFO:colcon.colcon_core.shell:Creating environment hook '/home/yusuf/turtlebot3_ws/install/turtlebot3_fake_node/share/turtlebot3_fake_node/hook/cmake_prefix_path.ps1'
[0.708s] INFO:colcon.colcon_core.shell:Creating environment descriptor '/home/yusuf/turtlebot3_ws/install/turtlebot3_fake_node/share/turtlebot3_fake_node/hook/cmake_prefix_path.dsv'
[0.708s] INFO:colcon.colcon_core.shell:Creating environment hook '/home/yusuf/turtlebot3_ws/install/turtlebot3_fake_node/share/turtlebot3_fake_node/hook/cmake_prefix_path.sh'
[0.708s] Level 1:colcon.colcon_core.environment:checking '/home/yusuf/turtlebot3_ws/install/turtlebot3_fake_node/lib'
[0.709s] Level 1:colcon.colcon_core.environment:checking '/home/yusuf/turtlebot3_ws/install/turtlebot3_fake_node/bin'
[0.709s] Level 1:colcon.colcon_core.environment:checking '/home/yusuf/turtlebot3_ws/install/turtlebot3_fake_node/lib/pkgconfig/turtlebot3_fake_node.pc'
[0.709s] Level 1:colcon.colcon_core.environment:checking '/home/yusuf/turtlebot3_ws/install/turtlebot3_fake_node/lib/python3.10/site-packages'
[0.709s] Level 1:colcon.colcon_core.environment:checking '/home/yusuf/turtlebot3_ws/install/turtlebot3_fake_node/bin'
[0.709s] INFO:colcon.colcon_core.shell:Creating package script '/home/yusuf/turtlebot3_ws/install/turtlebot3_fake_node/share/turtlebot3_fake_node/package.ps1'
[0.710s] INFO:colcon.colcon_core.shell:Creating package descriptor '/home/yusuf/turtlebot3_ws/install/turtlebot3_fake_node/share/turtlebot3_fake_node/package.dsv'
[0.710s] INFO:colcon.colcon_core.shell:Creating package script '/home/yusuf/turtlebot3_ws/install/turtlebot3_fake_node/share/turtlebot3_fake_node/package.sh'
[0.711s] INFO:colcon.colcon_core.shell:Creating package script '/home/yusuf/turtlebot3_ws/install/turtlebot3_fake_node/share/turtlebot3_fake_node/package.bash'
[0.711s] INFO:colcon.colcon_core.shell:Creating package script '/home/yusuf/turtlebot3_ws/install/turtlebot3_fake_node/share/turtlebot3_fake_node/package.zsh'
[0.711s] Level 1:colcon.colcon_core.environment:create_file_with_runtime_dependencies(/home/yusuf/turtlebot3_ws/install/turtlebot3_fake_node/share/colcon-core/packages/turtlebot3_fake_node)
[0.722s] Level 1:colcon.colcon_core.environment:create_environment_scripts_only(turtlebot3_gazebo)
[0.722s] Level 1:colcon.colcon_core.environment:checking '/home/yusuf/turtlebot3_ws/install/turtlebot3_gazebo' for CMake module files
[0.723s] Level 1:colcon.colcon_core.environment:checking '/home/yusuf/turtlebot3_ws/install/turtlebot3_gazebo' for CMake config files
[0.723s] Level 1:colcon.colcon_core.shell:create_environment_hook('turtlebot3_gazebo', 'cmake_prefix_path')
[0.723s] INFO:colcon.colcon_core.shell:Creating environment hook '/home/yusuf/turtlebot3_ws/install/turtlebot3_gazebo/share/turtlebot3_gazebo/hook/cmake_prefix_path.ps1'
[0.724s] INFO:colcon.colcon_core.shell:Creating environment descriptor '/home/yusuf/turtlebot3_ws/install/turtlebot3_gazebo/share/turtlebot3_gazebo/hook/cmake_prefix_path.dsv'
[0.724s] INFO:colcon.colcon_core.shell:Creating environment hook '/home/yusuf/turtlebot3_ws/install/turtlebot3_gazebo/share/turtlebot3_gazebo/hook/cmake_prefix_path.sh'
[0.725s] Level 1:colcon.colcon_core.environment:checking '/home/yusuf/turtlebot3_ws/install/turtlebot3_gazebo/lib'
[0.725s] Level 1:colcon.colcon_core.environment:checking '/home/yusuf/turtlebot3_ws/install/turtlebot3_gazebo/bin'
[0.725s] Level 1:colcon.colcon_core.environment:checking '/home/yusuf/turtlebot3_ws/install/turtlebot3_gazebo/lib/pkgconfig/turtlebot3_gazebo.pc'
[0.725s] Level 1:colcon.colcon_core.environment:checking '/home/yusuf/turtlebot3_ws/install/turtlebot3_gazebo/lib/python3.10/site-packages'
[0.725s] Level 1:colcon.colcon_core.environment:checking '/home/yusuf/turtlebot3_ws/install/turtlebot3_gazebo/bin'
[0.726s] INFO:colcon.colcon_core.shell:Creating package script '/home/yusuf/turtlebot3_ws/install/turtlebot3_gazebo/share/turtlebot3_gazebo/package.ps1'
[0.726s] INFO:colcon.colcon_core.shell:Creating package descriptor '/home/yusuf/turtlebot3_ws/install/turtlebot3_gazebo/share/turtlebot3_gazebo/package.dsv'
[0.726s] INFO:colcon.colcon_core.shell:Creating package script '/home/yusuf/turtlebot3_ws/install/turtlebot3_gazebo/share/turtlebot3_gazebo/package.sh'
[0.727s] INFO:colcon.colcon_core.shell:Creating package script '/home/yusuf/turtlebot3_ws/install/turtlebot3_gazebo/share/turtlebot3_gazebo/package.bash'
[0.727s] INFO:colcon.colcon_core.shell:Creating package script '/home/yusuf/turtlebot3_ws/install/turtlebot3_gazebo/share/turtlebot3_gazebo/package.zsh'
[0.728s] Level 1:colcon.colcon_core.environment:create_file_with_runtime_dependencies(/home/yusuf/turtlebot3_ws/install/turtlebot3_gazebo/share/colcon-core/packages/turtlebot3_gazebo)
[0.728s] INFO:colcon.colcon_ros.task.ament_cmake.build:Building ROS package in '/home/yusuf/turtlebot3_ws/src/turtlebot3_simulations/turtlebot3_simulations' with build type 'ament_cmake'
[0.728s] INFO:colcon.colcon_cmake.task.cmake.build:Building CMake package in '/home/yusuf/turtlebot3_ws/src/turtlebot3_simulations/turtlebot3_simulations'
[0.728s] INFO:colcon.colcon_core.shell:Skip shell extension 'powershell' for command environment: Not usable outside of PowerShell
[0.728s] DEBUG:colcon.colcon_core.shell:Skip shell extension 'dsv' for command environment
[0.738s] DEBUG:colcon.colcon_core.event_handler.log_command:Invoking command in '/home/yusuf/turtlebot3_ws/build/turtlebot3_simulations': CMAKE_PREFIX_PATH=/home/yusuf/turtlebot3_ws/install/turtlebot3_gazebo:/home/yusuf/turtlebot3_ws/install/turtlebot3_fake_node:/home/yusuf/turtlebot3_ws/install/turtlebot3_simulations:/home/yusuf/turtlebot3_ws/install/yusuf_ozyer:/opt/ros/humble /usr/bin/cmake --build /home/yusuf/turtlebot3_ws/build/turtlebot3_simulations -- -j8 -l8
[0.773s] DEBUG:colcon.colcon_core.event_handler.log_command:Invoked command in '/home/yusuf/turtlebot3_ws/build/turtlebot3_simulations' returned '0': CMAKE_PREFIX_PATH=/home/yusuf/turtlebot3_ws/install/turtlebot3_gazebo:/home/yusuf/turtlebot3_ws/install/turtlebot3_fake_node:/home/yusuf/turtlebot3_ws/install/turtlebot3_simulations:/home/yusuf/turtlebot3_ws/install/yusuf_ozyer:/opt/ros/humble /usr/bin/cmake --build /home/yusuf/turtlebot3_ws/build/turtlebot3_simulations -- -j8 -l8
[0.796s] DEBUG:colcon.colcon_core.event_handler.log_command:Invoking command in '/home/yusuf/turtlebot3_ws/build/turtlebot3_simulations': CMAKE_PREFIX_PATH=/home/yusuf/turtlebot3_ws/install/turtlebot3_gazebo:/home/yusuf/turtlebot3_ws/install/turtlebot3_fake_node:/home/yusuf/turtlebot3_ws/install/turtlebot3_simulations:/home/yusuf/turtlebot3_ws/install/yusuf_ozyer:/opt/ros/humble /usr/bin/cmake --install /home/yusuf/turtlebot3_ws/build/turtlebot3_simulations
[0.815s] Level 1:colcon.colcon_core.environment:create_environment_scripts_only(turtlebot3_simulations)
[0.816s] DEBUG:colcon.colcon_core.event_handler.log_command:Invoked command in '/home/yusuf/turtlebot3_ws/build/turtlebot3_simulations' returned '0': CMAKE_PREFIX_PATH=/home/yusuf/turtlebot3_ws/install/turtlebot3_gazebo:/home/yusuf/turtlebot3_ws/install/turtlebot3_fake_node:/home/yusuf/turtlebot3_ws/install/turtlebot3_simulations:/home/yusuf/turtlebot3_ws/install/yusuf_ozyer:/opt/ros/humble /usr/bin/cmake --install /home/yusuf/turtlebot3_ws/build/turtlebot3_simulations
[0.816s] Level 1:colcon.colcon_core.environment:checking '/home/yusuf/turtlebot3_ws/install/turtlebot3_simulations' for CMake module files
[0.816s] Level 1:colcon.colcon_core.environment:checking '/home/yusuf/turtlebot3_ws/install/turtlebot3_simulations' for CMake config files
[0.817s] Level 1:colcon.colcon_core.shell:create_environment_hook('turtlebot3_simulations', 'cmake_prefix_path')
[0.817s] INFO:colcon.colcon_core.shell:Creating environment hook '/home/yusuf/turtlebot3_ws/install/turtlebot3_simulations/share/turtlebot3_simulations/hook/cmake_prefix_path.ps1'
[0.817s] INFO:colcon.colcon_core.shell:Creating environment descriptor '/home/yusuf/turtlebot3_ws/install/turtlebot3_simulations/share/turtlebot3_simulations/hook/cmake_prefix_path.dsv'
[0.818s] INFO:colcon.colcon_core.shell:Creating environment hook '/home/yusuf/turtlebot3_ws/install/turtlebot3_simulations/share/turtlebot3_simulations/hook/cmake_prefix_path.sh'
[0.818s] Level 1:colcon.colcon_core.environment:checking '/home/yusuf/turtlebot3_ws/install/turtlebot3_simulations/bin'
[0.818s] Level 1:colcon.colcon_core.environment:checking '/home/yusuf/turtlebot3_ws/install/turtlebot3_simulations/lib/pkgconfig/turtlebot3_simulations.pc'
[0.818s] Level 1:colcon.colcon_core.environment:checking '/home/yusuf/turtlebot3_ws/install/turtlebot3_simulations/lib/python3.10/site-packages'
[0.819s] Level 1:colcon.colcon_core.environment:checking '/home/yusuf/turtlebot3_ws/install/turtlebot3_simulations/bin'
[0.819s] INFO:colcon.colcon_core.shell:Creating package script '/home/yusuf/turtlebot3_ws/install/turtlebot3_simulations/share/turtlebot3_simulations/package.ps1'
[0.819s] INFO:colcon.colcon_core.shell:Creating package descriptor '/home/yusuf/turtlebot3_ws/install/turtlebot3_simulations/share/turtlebot3_simulations/package.dsv'
[0.820s] INFO:colcon.colcon_core.shell:Creating package script '/home/yusuf/turtlebot3_ws/install/turtlebot3_simulations/share/turtlebot3_simulations/package.sh'
[0.820s] INFO:colcon.colcon_core.shell:Creating package script '/home/yusuf/turtlebot3_ws/install/turtlebot3_simulations/share/turtlebot3_simulations/package.bash'
[0.820s] INFO:colcon.colcon_core.shell:Creating package script '/home/yusuf/turtlebot3_ws/install/turtlebot3_simulations/share/turtlebot3_simulations/package.zsh'
[0.821s] Level 1:colcon.colcon_core.environment:create_file_with_runtime_dependencies(/home/yusuf/turtlebot3_ws/install/turtlebot3_simulations/share/colcon-core/packages/turtlebot3_simulations)
[0.841s] Level 1:colcon.colcon_core.environment:create_environment_scripts_only(turtlebot3_simulations)
[0.841s] Level 1:colcon.colcon_core.environment:checking '/home/yusuf/turtlebot3_ws/install/turtlebot3_simulations' for CMake module files
[0.842s] Level 1:colcon.colcon_core.environment:checking '/home/yusuf/turtlebot3_ws/install/turtlebot3_simulations' for CMake config files
[0.842s] Level 1:colcon.colcon_core.shell:create_environment_hook('turtlebot3_simulations', 'cmake_prefix_path')
[0.842s] INFO:colcon.colcon_core.shell:Creating environment hook '/home/yusuf/turtlebot3_ws/install/turtlebot3_simulations/share/turtlebot3_simulations/hook/cmake_prefix_path.ps1'
[0.843s] INFO:colcon.colcon_core.shell:Creating environment descriptor '/home/yusuf/turtlebot3_ws/install/turtlebot3_simulations/share/turtlebot3_simulations/hook/cmake_prefix_path.dsv'
[0.843s] INFO:colcon.colcon_core.shell:Creating environment hook '/home/yusuf/turtlebot3_ws/install/turtlebot3_simulations/share/turtlebot3_simulations/hook/cmake_prefix_path.sh'
[0.843s] Level 1:colcon.colcon_core.environment:checking '/home/yusuf/turtlebot3_ws/install/turtlebot3_simulations/bin'
[0.843s] Level 1:colcon.colcon_core.environment:checking '/home/yusuf/turtlebot3_ws/install/turtlebot3_simulations/lib/pkgconfig/turtlebot3_simulations.pc'
[0.844s] Level 1:colcon.colcon_core.environment:checking '/home/yusuf/turtlebot3_ws/install/turtlebot3_simulations/lib/python3.10/site-packages'
[0.844s] Level 1:colcon.colcon_core.environment:checking '/home/yusuf/turtlebot3_ws/install/turtlebot3_simulations/bin'
[0.844s] INFO:colcon.colcon_core.shell:Creating package script '/home/yusuf/turtlebot3_ws/install/turtlebot3_simulations/share/turtlebot3_simulations/package.ps1'
[0.844s] INFO:colcon.colcon_core.shell:Creating package descriptor '/home/yusuf/turtlebot3_ws/install/turtlebot3_simulations/share/turtlebot3_simulations/package.dsv'
[0.845s] INFO:colcon.colcon_core.shell:Creating package script '/home/yusuf/turtlebot3_ws/install/turtlebot3_simulations/share/turtlebot3_simulations/package.sh'
[0.845s] INFO:colcon.colcon_core.shell:Creating package script '/home/yusuf/turtlebot3_ws/install/turtlebot3_simulations/share/turtlebot3_simulations/package.bash'
[0.846s] INFO:colcon.colcon_core.shell:Creating package script '/home/yusuf/turtlebot3_ws/install/turtlebot3_simulations/share/turtlebot3_simulations/package.zsh'
[0.846s] Level 1:colcon.colcon_core.environment:create_file_with_runtime_dependencies(/home/yusuf/turtlebot3_ws/install/turtlebot3_simulations/share/colcon-core/packages/turtlebot3_simulations)
[0.960s] DEBUG:colcon.colcon_core.event_handler.log_command:Invoking command in '/home/yusuf/turtlebot3_ws/yusuf_ozyer': PYTHONPATH=/home/yusuf/turtlebot3_ws/build/yusuf_ozyer/prefix_override:/usr/lib/python3/dist-packages/colcon_core/task/python/colcon_distutils_commands:/home/yusuf/turtlebot3_ws/install/yusuf_ozyer/lib/python3.10/site-packages:${PYTHONPATH} /usr/bin/python3 -W ignore:setup.py install is deprecated setup.py egg_info --egg-base ../build/yusuf_ozyer build --build-base /home/yusuf/turtlebot3_ws/build/yusuf_ozyer/build install --record /home/yusuf/turtlebot3_ws/build/yusuf_ozyer/install.log --single-version-externally-managed install_data
[1.230s] Level 1:colcon.colcon_core.environment:checking '/home/yusuf/turtlebot3_ws/install/yusuf_ozyer' for CMake module files
[1.230s] DEBUG:colcon.colcon_core.event_handler.log_command:Invoked command in '/home/yusuf/turtlebot3_ws/yusuf_ozyer' returned '0': PYTHONPATH=/home/yusuf/turtlebot3_ws/build/yusuf_ozyer/prefix_override:/usr/lib/python3/dist-packages/colcon_core/task/python/colcon_distutils_commands:/home/yusuf/turtlebot3_ws/install/yusuf_ozyer/lib/python3.10/site-packages:${PYTHONPATH} /usr/bin/python3 -W ignore:setup.py install is deprecated setup.py egg_info --egg-base ../build/yusuf_ozyer build --build-base /home/yusuf/turtlebot3_ws/build/yusuf_ozyer/build install --record /home/yusuf/turtlebot3_ws/build/yusuf_ozyer/install.log --single-version-externally-managed install_data
[1.230s] Level 1:colcon.colcon_core.environment:checking '/home/yusuf/turtlebot3_ws/install/yusuf_ozyer' for CMake config files
[1.231s] Level 1:colcon.colcon_core.environment:checking '/home/yusuf/turtlebot3_ws/install/yusuf_ozyer/lib'
[1.231s] Level 1:colcon.colcon_core.environment:checking '/home/yusuf/turtlebot3_ws/install/yusuf_ozyer/bin'
[1.231s] Level 1:colcon.colcon_core.environment:checking '/home/yusuf/turtlebot3_ws/install/yusuf_ozyer/lib/pkgconfig/yusuf_ozyer.pc'
[1.231s] Level 1:colcon.colcon_core.environment:checking '/home/yusuf/turtlebot3_ws/install/yusuf_ozyer/lib/python3.10/site-packages'
[1.231s] Level 1:colcon.colcon_core.shell:create_environment_hook('yusuf_ozyer', 'pythonpath')
[1.231s] INFO:colcon.colcon_core.shell:Creating environment hook '/home/yusuf/turtlebot3_ws/install/yusuf_ozyer/share/yusuf_ozyer/hook/pythonpath.ps1'
[1.232s] INFO:colcon.colcon_core.shell:Creating environment descriptor '/home/yusuf/turtlebot3_ws/install/yusuf_ozyer/share/yusuf_ozyer/hook/pythonpath.dsv'
[1.232s] INFO:colcon.colcon_core.shell:Creating environment hook '/home/yusuf/turtlebot3_ws/install/yusuf_ozyer/share/yusuf_ozyer/hook/pythonpath.sh'
[1.232s] Level 1:colcon.colcon_core.environment:checking '/home/yusuf/turtlebot3_ws/install/yusuf_ozyer/bin'
[1.233s] Level 1:colcon.colcon_core.environment:create_environment_scripts_only(yusuf_ozyer)
[1.233s] INFO:colcon.colcon_core.shell:Creating package script '/home/yusuf/turtlebot3_ws/install/yusuf_ozyer/share/yusuf_ozyer/package.ps1'
[1.233s] INFO:colcon.colcon_core.shell:Creating package descriptor '/home/yusuf/turtlebot3_ws/install/yusuf_ozyer/share/yusuf_ozyer/package.dsv'
[1.234s] INFO:colcon.colcon_core.shell:Creating package script '/home/yusuf/turtlebot3_ws/install/yusuf_ozyer/share/yusuf_ozyer/package.sh'
[1.234s] INFO:colcon.colcon_core.shell:Creating package script '/home/yusuf/turtlebot3_ws/install/yusuf_ozyer/share/yusuf_ozyer/package.bash'
[1.234s] INFO:colcon.colcon_core.shell:Creating package script '/home/yusuf/turtlebot3_ws/install/yusuf_ozyer/share/yusuf_ozyer/package.zsh'
[1.234s] Level 1:colcon.colcon_core.environment:create_file_with_runtime_dependencies(/home/yusuf/turtlebot3_ws/install/yusuf_ozyer/share/colcon-core/packages/yusuf_ozyer)
[1.235s] DEBUG:colcon.colcon_parallel_executor.executor.parallel:closing loop
[1.235s] DEBUG:colcon.colcon_parallel_executor.executor.parallel:loop closed
[1.235s] DEBUG:colcon.colcon_parallel_executor.executor.parallel:run_until_complete finished with '0'
[1.235s] DEBUG:colcon.colcon_core.event_reactor:joining thread
[1.239s] INFO:colcon.colcon_core.plugin_system:Skipping extension 'colcon_notification.desktop_notification.terminal_notifier': Not used on non-Darwin systems
[1.239s] INFO:colcon.colcon_core.plugin_system:Skipping extension 'colcon_notification.desktop_notification.win32': Not used on non-Windows systems
[1.239s] INFO:colcon.colcon_notification.desktop_notification:Sending desktop notification using 'notify2'
[1.245s] DEBUG:colcon.colcon_core.event_reactor:joined thread
[1.246s] INFO:colcon.colcon_core.shell:Creating prefix script '/home/yusuf/turtlebot3_ws/install/local_setup.ps1'
[1.247s] INFO:colcon.colcon_core.shell:Creating prefix util module '/home/yusuf/turtlebot3_ws/install/_local_setup_util_ps1.py'
[1.249s] INFO:colcon.colcon_core.shell:Creating prefix chain script '/home/yusuf/turtlebot3_ws/install/setup.ps1'
[1.250s] INFO:colcon.colcon_core.shell:Creating prefix script '/home/yusuf/turtlebot3_ws/install/local_setup.sh'
[1.250s] INFO:colcon.colcon_core.shell:Creating prefix util module '/home/yusuf/turtlebot3_ws/install/_local_setup_util_sh.py'
[1.251s] INFO:colcon.colcon_core.shell:Creating prefix chain script '/home/yusuf/turtlebot3_ws/install/setup.sh'
[1.252s] INFO:colcon.colcon_core.shell:Creating prefix script '/home/yusuf/turtlebot3_ws/install/local_setup.bash'
[1.252s] INFO:colcon.colcon_core.shell:Creating prefix chain script '/home/yusuf/turtlebot3_ws/install/setup.bash'
[1.253s] INFO:colcon.colcon_core.shell:Creating prefix script '/home/yusuf/turtlebot3_ws/install/local_setup.zsh'
[1.254s] INFO:colcon.colcon_core.shell:Creating prefix chain script '/home/yusuf/turtlebot3_ws/install/setup.zsh'
