[0.837s] Invoking command in '/home/yusuf/turtlebot3_ws/yusuf_ozyer': PYTHONPATH=/home/yusuf/turtlebot3_ws/build/yusuf_ozyer/prefix_override:/usr/lib/python3/dist-packages/colcon_core/task/python/colcon_distutils_commands:/home/yusuf/turtlebot3_ws/install/yusuf_ozyer/lib/python3.10/site-packages:${PYTHONPATH} /usr/bin/python3 -W ignore:setup.py install is deprecated setup.py egg_info --egg-base ../build/yusuf_ozyer build --build-base /home/yusuf/turtlebot3_ws/build/yusuf_ozyer/build install --record /home/yusuf/turtlebot3_ws/build/yusuf_ozyer/install.log --single-version-externally-managed install_data
[1.129s] running egg_info
[1.129s] writing ../build/yusuf_ozyer/yusuf_ozyer.egg-info/PKG-INFO
[1.130s] writing dependency_links to ../build/yusuf_ozyer/yusuf_ozyer.egg-info/dependency_links.txt
[1.130s] writing entry points to ../build/yusuf_ozyer/yusuf_ozyer.egg-info/entry_points.txt
[1.130s] writing requirements to ../build/yusuf_ozyer/yusuf_ozyer.egg-info/requires.txt
[1.130s] writing top-level names to ../build/yusuf_ozyer/yusuf_ozyer.egg-info/top_level.txt
[1.132s] reading manifest file '../build/yusuf_ozyer/yusuf_ozyer.egg-info/SOURCES.txt'
[1.132s] adding license file 'LICENSE'
[1.133s] writing manifest file '../build/yusuf_ozyer/yusuf_ozyer.egg-info/SOURCES.txt'
[1.133s] running build
[1.133s] running build_py
[1.133s] running install
[1.133s] running install_lib
[1.135s] running install_data
[1.135s] running install_egg_info
[1.137s] removing '/home/yusuf/turtlebot3_ws/install/yusuf_ozyer/lib/python3.10/site-packages/yusuf_ozyer-0.0.0-py3.10.egg-info' (and everything under it)
[1.137s] Copying ../build/yusuf_ozyer/yusuf_ozyer.egg-info to /home/yusuf/turtlebot3_ws/install/yusuf_ozyer/lib/python3.10/site-packages/yusuf_ozyer-0.0.0-py3.10.egg-info
[1.138s] running install_scripts
[1.159s] Installing my_node script to /home/yusuf/turtlebot3_ws/install/yusuf_ozyer/lib/yusuf_ozyer
[1.160s] writing list of installed files to '/home/yusuf/turtlebot3_ws/build/yusuf_ozyer/install.log'
[1.180s] Invoked command in '/home/yusuf/turtlebot3_ws/yusuf_ozyer' returned '0': PYTHONPATH=/home/yusuf/turtlebot3_ws/build/yusuf_ozyer/prefix_override:/usr/lib/python3/dist-packages/colcon_core/task/python/colcon_distutils_commands:/home/yusuf/turtlebot3_ws/install/yusuf_ozyer/lib/python3.10/site-packages:${PYTHONPATH} /usr/bin/python3 -W ignore:setup.py install is deprecated setup.py egg_info --egg-base ../build/yusuf_ozyer build --build-base /home/yusuf/turtlebot3_ws/build/yusuf_ozyer/build install --record /home/yusuf/turtlebot3_ws/build/yusuf_ozyer/install.log --single-version-externally-managed install_data
