[0.021s] Invoking command in '/home/yusuf/turtlebot3_ws/build/turtlebot3_gazebo': CMAKE_PREFIX_PATH=/opt/ros/humble /usr/bin/cmake /home/yusuf/turtlebot3_ws/src/turtlebot3_simulations/turtlebot3_gazebo -DAMENT_CMAKE_SYMLINK_INSTALL=1 -DCMAKE_INSTALL_PREFIX=/home/yusuf/turtlebot3_ws/install/turtlebot3_gazebo
[0.059s] -- Found ament_cmake: 1.3.10 (/opt/ros/humble/share/ament_cmake/cmake)
[0.174s] -- Override CMake install command with custom implementation using symlinks instead of copying resources
[0.196s] [33mCMake Warning (dev) at /usr/share/cmake-3.22/Modules/FindPackageHandleStandardArgs.cmake:438 (message):
[0.196s]   The package name passed to `find_package_handle_standard_args` (PkgConfig)
[0.197s]   does not match the name of the calling package (gazebo).  This can lead to
[0.197s]   problems in calling code that expects `find_package` result variables
[0.197s]   (e.g., `_FOUND`) to follow a certain pattern.
[0.197s] Call Stack (most recent call first):
[0.197s]   /usr/share/cmake-3.22/Modules/FindPkgConfig.cmake:99 (find_package_handle_standard_args)
[0.197s]   /usr/lib/x86_64-linux-gnu/cmake/gazebo/gazebo-config.cmake:72 (include)
[0.197s]   CMakeLists.txt:23 (find_package)
[0.197s] This warning is for project developers.  Use -Wno-dev to suppress it.
[0.197s] [0m
[0.227s] -- Found DART: /usr/include (Required is at least version "6.6") found components: dart 
[0.269s] -- Found Protobuf: /usr/lib/x86_64-linux-gnu/libprotobuf.so (found version "3.12.4") 
[0.271s] -- Looking for ignition-math6 -- found version 6.15.1
[0.279s] -- Searching for dependencies of ignition-math6
[0.281s] -- Looking for OGRE...
[0.286s] -- Found Ogre Ghadamon (1.9.0)
[0.286s] -- Found OGRE: optimized;/usr/lib/x86_64-linux-gnu/libOgreMain.so;debug;/usr/lib/x86_64-linux-gnu/libOgreMain.so
[0.295s] -- Looking for OGRE_Paging...
[0.295s] -- Found OGRE_Paging: optimized;/usr/lib/x86_64-linux-gnu/libOgrePaging.so;debug;/usr/lib/x86_64-linux-gnu/libOgrePaging.so
[0.295s] -- Looking for OGRE_Terrain...
[0.295s] -- Found OGRE_Terrain: optimized;/usr/lib/x86_64-linux-gnu/libOgreTerrain.so;debug;/usr/lib/x86_64-linux-gnu/libOgreTerrain.so
[0.295s] -- Looking for OGRE_Property...
[0.296s] -- Found OGRE_Property: optimized;/usr/lib/x86_64-linux-gnu/libOgreProperty.so;debug;/usr/lib/x86_64-linux-gnu/libOgreProperty.so
[0.296s] -- Looking for OGRE_RTShaderSystem...
[0.296s] -- Found OGRE_RTShaderSystem: optimized;/usr/lib/x86_64-linux-gnu/libOgreRTShaderSystem.so;debug;/usr/lib/x86_64-linux-gnu/libOgreRTShaderSystem.so
[0.296s] -- Looking for OGRE_Volume...
[0.296s] -- Found OGRE_Volume: optimized;/usr/lib/x86_64-linux-gnu/libOgreVolume.so;debug;/usr/lib/x86_64-linux-gnu/libOgreVolume.so
[0.296s] -- Looking for OGRE_Overlay...
[0.296s] -- Found OGRE_Overlay: optimized;/usr/lib/x86_64-linux-gnu/libOgreOverlay.so;debug;/usr/lib/x86_64-linux-gnu/libOgreOverlay.so
[0.399s] -- Looking for ignition-math6 -- found version 6.15.1
[0.400s] -- Looking for ignition-transport8 -- found version 8.2.1
[0.400s] -- Searching for dependencies of ignition-transport8
[0.416s] -- Found Protobuf: /usr/lib/x86_64-linux-gnu/libprotobuf.so (found suitable version "3.12.4", minimum required is "3") 
[0.426s] -- Config-file not installed for ZeroMQ -- checking for pkg-config
[0.431s] -- Checking for module 'libzmq >= 4'
[0.445s] --   Found libzmq , version 4.3.4
[0.484s] -- Checking for module 'uuid'
[0.497s] --   Found uuid, version 2.37.2
[0.524s] -- Looking for ignition-msgs5 -- found version 5.8.1
[0.525s] -- Searching for dependencies of ignition-msgs5
[0.542s] -- Looking for ignition-math6 -- found version 6.15.1
[0.546s] -- Checking for module 'tinyxml2'
[0.557s] --   Found tinyxml2, version 9.0.0
[0.585s] -- Looking for ignition-msgs5 -- found version 5.8.1
[0.586s] -- Looking for ignition-common3 -- found version 3.14.0
[0.586s] -- Searching for dependencies of ignition-common3
[0.587s] -- Looking for dlfcn.h - found
[0.587s] -- Looking for libdl - found
[0.601s] -- Searching for <ignition-common3> component [graphics]
[0.602s] -- Looking for ignition-common3-graphics -- found version 3.14.0
[0.603s] -- Searching for dependencies of ignition-common3-graphics
[0.603s] -- Looking for ignition-math6 -- found version 6.15.1
[0.606s] -- Looking for ignition-fuel_tools4 -- found version 4.4.0
[0.606s] -- Searching for dependencies of ignition-fuel_tools4
[0.646s] -- Checking for module 'jsoncpp'
[0.658s] --   Found jsoncpp, version 1.9.5
[0.696s] -- Checking for module 'libzip'
[0.709s] --   Found libzip, version 1.7.3
[0.741s] -- Looking for ignition-common3 -- found version 3.14.0
[0.741s] -- Looking for ignition-math6 -- found version 6.15.1
[0.742s] -- Looking for ignition-msgs5 -- found version 5.8.1
[0.749s] -- Found gazebo_ros_pkgs: 3.7.0 (/opt/ros/humble/share/gazebo_ros_pkgs/cmake)
[0.750s] -- Found geometry_msgs: 4.2.4 (/opt/ros/humble/share/geometry_msgs/cmake)
[0.766s] -- Found rosidl_generator_c: 3.1.5 (/opt/ros/humble/share/rosidl_generator_c/cmake)
[0.769s] -- Found rosidl_adapter: 3.1.5 (/opt/ros/humble/share/rosidl_adapter/cmake)
[0.775s] -- Found rosidl_generator_cpp: 3.1.5 (/opt/ros/humble/share/rosidl_generator_cpp/cmake)
[0.785s] -- Using all available rosidl_typesupport_c: rosidl_typesupport_fastrtps_c;rosidl_typesupport_introspection_c
[0.796s] -- Using all available rosidl_typesupport_cpp: rosidl_typesupport_fastrtps_cpp;rosidl_typesupport_introspection_cpp
[0.831s] -- Found nav_msgs: 4.2.4 (/opt/ros/humble/share/nav_msgs/cmake)
[0.846s] -- Found rclcpp: 16.0.10 (/opt/ros/humble/share/rclcpp/cmake)
[0.870s] -- Found rmw_implementation_cmake: 6.1.2 (/opt/ros/humble/share/rmw_implementation_cmake/cmake)
[0.871s] -- Found rmw_fastrtps_cpp: 6.2.7 (/opt/ros/humble/share/rmw_fastrtps_cpp/cmake)
[0.977s] -- Using RMW implementation 'rmw_fastrtps_cpp' as default
[1.013s] -- Found sensor_msgs: 4.2.4 (/opt/ros/humble/share/sensor_msgs/cmake)
[1.030s] -- Found tf2: 0.25.8 (/opt/ros/humble/share/tf2/cmake)
[1.102s] -- Configuring done
[1.167s] -- Generating done
[1.170s] -- Build files have been written to: /home/yusuf/turtlebot3_ws/build/turtlebot3_gazebo
[1.178s] Invoked command in '/home/yusuf/turtlebot3_ws/build/turtlebot3_gazebo' returned '0': CMAKE_PREFIX_PATH=/opt/ros/humble /usr/bin/cmake /home/yusuf/turtlebot3_ws/src/turtlebot3_simulations/turtlebot3_gazebo -DAMENT_CMAKE_SYMLINK_INSTALL=1 -DCMAKE_INSTALL_PREFIX=/home/yusuf/turtlebot3_ws/install/turtlebot3_gazebo
[1.180s] Invoking command in '/home/yusuf/turtlebot3_ws/build/turtlebot3_gazebo': CMAKE_PREFIX_PATH=/opt/ros/humble /usr/bin/cmake --build /home/yusuf/turtlebot3_ws/build/turtlebot3_gazebo -- -j8 -l8
[1.217s] [35m[1mConsolidate compiler generated dependencies of target turtlebot3_drive[0m
[1.219s] [35m[1mConsolidate compiler generated dependencies of target obstacle2[0m
[1.224s] [35m[1mConsolidate compiler generated dependencies of target obstacle1[0m
[1.224s] [35m[1mConsolidate compiler generated dependencies of target obstacles[0m
[1.233s] [ 12%] [32m[1mLinking CXX executable turtlebot3_drive[0m
[1.296s] [ 62%] Built target obstacles
[1.296s] [ 62%] Built target obstacle1
[1.299s] [ 87%] Built target obstacle2
[1.777s] [100%] Built target turtlebot3_drive
[1.787s] Invoked command in '/home/yusuf/turtlebot3_ws/build/turtlebot3_gazebo' returned '0': CMAKE_PREFIX_PATH=/opt/ros/humble /usr/bin/cmake --build /home/yusuf/turtlebot3_ws/build/turtlebot3_gazebo -- -j8 -l8
[1.819s] Invoking command in '/home/yusuf/turtlebot3_ws/build/turtlebot3_gazebo': CMAKE_PREFIX_PATH=/opt/ros/humble /usr/bin/cmake --install /home/yusuf/turtlebot3_ws/build/turtlebot3_gazebo
[1.825s] -- Install configuration: ""
[1.825s] -- Execute custom install script
[1.825s] -- Symlinking: /home/yusuf/turtlebot3_ws/install/turtlebot3_gazebo/lib/turtlebot3_gazebo/turtlebot3_drive
[1.834s] -- Symlinking: /home/yusuf/turtlebot3_ws/install/turtlebot3_gazebo/share/turtlebot3_gazebo//launch/empty_world.launch.py
[1.841s] -- Symlinking: /home/yusuf/turtlebot3_ws/install/turtlebot3_gazebo/share/turtlebot3_gazebo//launch/robot_state_publisher.launch.py
[1.848s] -- Symlinking: /home/yusuf/turtlebot3_ws/install/turtlebot3_gazebo/share/turtlebot3_gazebo//launch/spawn_turtlebot3.launch.py
[1.855s] -- Symlinking: /home/yusuf/turtlebot3_ws/install/turtlebot3_gazebo/share/turtlebot3_gazebo//launch/turtlebot3_dqn_stage1.launch.py
[1.862s] -- Symlinking: /home/yusuf/turtlebot3_ws/install/turtlebot3_gazebo/share/turtlebot3_gazebo//launch/turtlebot3_dqn_stage2.launch.py
[1.870s] -- Symlinking: /home/yusuf/turtlebot3_ws/install/turtlebot3_gazebo/share/turtlebot3_gazebo//launch/turtlebot3_dqn_stage3.launch.py
[1.877s] -- Symlinking: /home/yusuf/turtlebot3_ws/install/turtlebot3_gazebo/share/turtlebot3_gazebo//launch/turtlebot3_dqn_stage4.launch.py
[1.884s] -- Symlinking: /home/yusuf/turtlebot3_ws/install/turtlebot3_gazebo/share/turtlebot3_gazebo//launch/turtlebot3_house.launch.py
[1.891s] -- Symlinking: /home/yusuf/turtlebot3_ws/install/turtlebot3_gazebo/share/turtlebot3_gazebo//launch/turtlebot3_world.launch.py
[1.901s] -- Symlinking: /home/yusuf/turtlebot3_ws/install/turtlebot3_gazebo/share/turtlebot3_gazebo//models/turtlebot3_burger/model-1_4.sdf
[1.908s] -- Symlinking: /home/yusuf/turtlebot3_ws/install/turtlebot3_gazebo/share/turtlebot3_gazebo//models/turtlebot3_burger/model.config
[1.915s] -- Symlinking: /home/yusuf/turtlebot3_ws/install/turtlebot3_gazebo/share/turtlebot3_gazebo//models/turtlebot3_burger/model.sdf
[1.923s] -- Symlinking: /home/yusuf/turtlebot3_ws/install/turtlebot3_gazebo/share/turtlebot3_gazebo//models/turtlebot3_common/meshes/burger_base.dae
[1.930s] -- Symlinking: /home/yusuf/turtlebot3_ws/install/turtlebot3_gazebo/share/turtlebot3_gazebo//models/turtlebot3_common/meshes/lds.dae
[1.938s] -- Symlinking: /home/yusuf/turtlebot3_ws/install/turtlebot3_gazebo/share/turtlebot3_gazebo//models/turtlebot3_common/meshes/r200.dae
[1.945s] -- Symlinking: /home/yusuf/turtlebot3_ws/install/turtlebot3_gazebo/share/turtlebot3_gazebo//models/turtlebot3_common/meshes/tire.dae
[1.952s] -- Symlinking: /home/yusuf/turtlebot3_ws/install/turtlebot3_gazebo/share/turtlebot3_gazebo//models/turtlebot3_common/meshes/waffle_base.dae
[1.959s] -- Symlinking: /home/yusuf/turtlebot3_ws/install/turtlebot3_gazebo/share/turtlebot3_gazebo//models/turtlebot3_common/meshes/waffle_pi_base.dae
[1.966s] -- Symlinking: /home/yusuf/turtlebot3_ws/install/turtlebot3_gazebo/share/turtlebot3_gazebo//models/turtlebot3_common/model.config
[1.974s] -- Symlinking: /home/yusuf/turtlebot3_ws/install/turtlebot3_gazebo/share/turtlebot3_gazebo//models/turtlebot3_dqn_world/goal_box/model.config
[1.981s] -- Symlinking: /home/yusuf/turtlebot3_ws/install/turtlebot3_gazebo/share/turtlebot3_gazebo//models/turtlebot3_dqn_world/goal_box/model.sdf
[1.988s] -- Symlinking: /home/yusuf/turtlebot3_ws/install/turtlebot3_gazebo/share/turtlebot3_gazebo//models/turtlebot3_dqn_world/inner_walls/model.config
[1.995s] -- Symlinking: /home/yusuf/turtlebot3_ws/install/turtlebot3_gazebo/share/turtlebot3_gazebo//models/turtlebot3_dqn_world/inner_walls/model.sdf
[2.002s] -- Symlinking: /home/yusuf/turtlebot3_ws/install/turtlebot3_gazebo/share/turtlebot3_gazebo//models/turtlebot3_dqn_world/model.config
[2.010s] -- Symlinking: /home/yusuf/turtlebot3_ws/install/turtlebot3_gazebo/share/turtlebot3_gazebo//models/turtlebot3_dqn_world/model.sdf
[2.017s] -- Symlinking: /home/yusuf/turtlebot3_ws/install/turtlebot3_gazebo/share/turtlebot3_gazebo//models/turtlebot3_dqn_world/obstacle1/model.config
[2.024s] -- Symlinking: /home/yusuf/turtlebot3_ws/install/turtlebot3_gazebo/share/turtlebot3_gazebo//models/turtlebot3_dqn_world/obstacle1/model.sdf
[2.032s] -- Symlinking: /home/yusuf/turtlebot3_ws/install/turtlebot3_gazebo/share/turtlebot3_gazebo//models/turtlebot3_dqn_world/obstacle2/model.config
[2.039s] -- Symlinking: /home/yusuf/turtlebot3_ws/install/turtlebot3_gazebo/share/turtlebot3_gazebo//models/turtlebot3_dqn_world/obstacle2/model.sdf
[2.046s] -- Symlinking: /home/yusuf/turtlebot3_ws/install/turtlebot3_gazebo/share/turtlebot3_gazebo//models/turtlebot3_dqn_world/obstacle_plugin/CMakeLists.txt
[2.053s] -- Symlinking: /home/yusuf/turtlebot3_ws/install/turtlebot3_gazebo/share/turtlebot3_gazebo//models/turtlebot3_dqn_world/obstacle_plugin/obstacle1.cc
[2.061s] -- Symlinking: /home/yusuf/turtlebot3_ws/install/turtlebot3_gazebo/share/turtlebot3_gazebo//models/turtlebot3_dqn_world/obstacle_plugin/obstacle2.cc
[2.068s] -- Symlinking: /home/yusuf/turtlebot3_ws/install/turtlebot3_gazebo/share/turtlebot3_gazebo//models/turtlebot3_dqn_world/obstacle_plugin/obstacles.cc
[2.075s] -- Symlinking: /home/yusuf/turtlebot3_ws/install/turtlebot3_gazebo/share/turtlebot3_gazebo//models/turtlebot3_dqn_world/obstacles/model.config
[2.082s] -- Symlinking: /home/yusuf/turtlebot3_ws/install/turtlebot3_gazebo/share/turtlebot3_gazebo//models/turtlebot3_dqn_world/obstacles/model.sdf
[2.090s] -- Symlinking: /home/yusuf/turtlebot3_ws/install/turtlebot3_gazebo/share/turtlebot3_gazebo//models/turtlebot3_house/model.config
[2.097s] -- Symlinking: /home/yusuf/turtlebot3_ws/install/turtlebot3_gazebo/share/turtlebot3_gazebo//models/turtlebot3_house/model.sdf
[2.104s] -- Symlinking: /home/yusuf/turtlebot3_ws/install/turtlebot3_gazebo/share/turtlebot3_gazebo//models/turtlebot3_waffle/model-1_4.sdf
[2.111s] -- Symlinking: /home/yusuf/turtlebot3_ws/install/turtlebot3_gazebo/share/turtlebot3_gazebo//models/turtlebot3_waffle/model.config
[2.118s] -- Symlinking: /home/yusuf/turtlebot3_ws/install/turtlebot3_gazebo/share/turtlebot3_gazebo//models/turtlebot3_waffle/model.sdf
[2.126s] -- Symlinking: /home/yusuf/turtlebot3_ws/install/turtlebot3_gazebo/share/turtlebot3_gazebo//models/turtlebot3_waffle_pi/model-1_4_.sdf
[2.134s] -- Symlinking: /home/yusuf/turtlebot3_ws/install/turtlebot3_gazebo/share/turtlebot3_gazebo//models/turtlebot3_waffle_pi/model.config
[2.141s] -- Symlinking: /home/yusuf/turtlebot3_ws/install/turtlebot3_gazebo/share/turtlebot3_gazebo//models/turtlebot3_waffle_pi/model.sdf
[2.148s] -- Symlinking: /home/yusuf/turtlebot3_ws/install/turtlebot3_gazebo/share/turtlebot3_gazebo//models/turtlebot3_world/meshes/hexagon.dae
[2.156s] -- Symlinking: /home/yusuf/turtlebot3_ws/install/turtlebot3_gazebo/share/turtlebot3_gazebo//models/turtlebot3_world/meshes/wall.dae
[2.163s] -- Symlinking: /home/yusuf/turtlebot3_ws/install/turtlebot3_gazebo/share/turtlebot3_gazebo//models/turtlebot3_world/model-1_4.sdf
[2.170s] -- Symlinking: /home/yusuf/turtlebot3_ws/install/turtlebot3_gazebo/share/turtlebot3_gazebo//models/turtlebot3_world/model.config
[2.177s] -- Symlinking: /home/yusuf/turtlebot3_ws/install/turtlebot3_gazebo/share/turtlebot3_gazebo//models/turtlebot3_world/model.sdf
[2.185s] -- Symlinking: /home/yusuf/turtlebot3_ws/install/turtlebot3_gazebo/share/turtlebot3_gazebo//rviz/tb3_gazebo.rviz
[2.192s] -- Symlinking: /home/yusuf/turtlebot3_ws/install/turtlebot3_gazebo/share/turtlebot3_gazebo//urdf/common_properties.urdf
[2.199s] -- Symlinking: /home/yusuf/turtlebot3_ws/install/turtlebot3_gazebo/share/turtlebot3_gazebo//urdf/turtlebot3_burger.urdf
[2.207s] -- Symlinking: /home/yusuf/turtlebot3_ws/install/turtlebot3_gazebo/share/turtlebot3_gazebo//urdf/turtlebot3_waffle.urdf
[2.214s] -- Symlinking: /home/yusuf/turtlebot3_ws/install/turtlebot3_gazebo/share/turtlebot3_gazebo//urdf/turtlebot3_waffle_pi.urdf
[2.221s] -- Symlinking: /home/yusuf/turtlebot3_ws/install/turtlebot3_gazebo/share/turtlebot3_gazebo//worlds/empty_world.world
[2.229s] -- Symlinking: /home/yusuf/turtlebot3_ws/install/turtlebot3_gazebo/share/turtlebot3_gazebo//worlds/turtlebot3_dqn_stage1.world
[2.236s] -- Symlinking: /home/yusuf/turtlebot3_ws/install/turtlebot3_gazebo/share/turtlebot3_gazebo//worlds/turtlebot3_dqn_stage2.world
[2.243s] -- Symlinking: /home/yusuf/turtlebot3_ws/install/turtlebot3_gazebo/share/turtlebot3_gazebo//worlds/turtlebot3_dqn_stage3.world
[2.250s] -- Symlinking: /home/yusuf/turtlebot3_ws/install/turtlebot3_gazebo/share/turtlebot3_gazebo//worlds/turtlebot3_dqn_stage4.world
[2.258s] -- Symlinking: /home/yusuf/turtlebot3_ws/install/turtlebot3_gazebo/share/turtlebot3_gazebo//worlds/turtlebot3_house.world
[2.265s] -- Symlinking: /home/yusuf/turtlebot3_ws/install/turtlebot3_gazebo/share/turtlebot3_gazebo//worlds/turtlebot3_world.world
[2.272s] -- Symlinking: /home/yusuf/turtlebot3_ws/install/turtlebot3_gazebo/include//turtlebot3_gazebo/turtlebot3_drive.hpp
[2.280s] -- Symlinking: /home/yusuf/turtlebot3_ws/install/turtlebot3_gazebo/share/ament_index/resource_index/package_run_dependencies/turtlebot3_gazebo
[2.287s] -- Symlinking: /home/yusuf/turtlebot3_ws/install/turtlebot3_gazebo/share/ament_index/resource_index/parent_prefix_path/turtlebot3_gazebo
[2.295s] -- Symlinking: /home/yusuf/turtlebot3_ws/install/turtlebot3_gazebo/share/turtlebot3_gazebo/environment/ament_prefix_path.sh
[2.302s] -- Symlinking: /home/yusuf/turtlebot3_ws/install/turtlebot3_gazebo/share/turtlebot3_gazebo/environment/ament_prefix_path.dsv
[2.309s] -- Symlinking: /home/yusuf/turtlebot3_ws/install/turtlebot3_gazebo/share/turtlebot3_gazebo/environment/path.sh
[2.317s] -- Symlinking: /home/yusuf/turtlebot3_ws/install/turtlebot3_gazebo/share/turtlebot3_gazebo/environment/path.dsv
[2.324s] -- Symlinking: /home/yusuf/turtlebot3_ws/install/turtlebot3_gazebo/share/turtlebot3_gazebo/local_setup.bash
[2.332s] -- Symlinking: /home/yusuf/turtlebot3_ws/install/turtlebot3_gazebo/share/turtlebot3_gazebo/local_setup.sh
[2.339s] -- Symlinking: /home/yusuf/turtlebot3_ws/install/turtlebot3_gazebo/share/turtlebot3_gazebo/local_setup.zsh
[2.346s] -- Symlinking: /home/yusuf/turtlebot3_ws/install/turtlebot3_gazebo/share/turtlebot3_gazebo/local_setup.dsv
[2.354s] -- Symlinking: /home/yusuf/turtlebot3_ws/install/turtlebot3_gazebo/share/turtlebot3_gazebo/package.dsv
[2.361s] -- Symlinking: /home/yusuf/turtlebot3_ws/install/turtlebot3_gazebo/share/ament_index/resource_index/packages/turtlebot3_gazebo
[2.369s] -- Symlinking: /home/yusuf/turtlebot3_ws/install/turtlebot3_gazebo/share/turtlebot3_gazebo/cmake/ament_cmake_export_include_directories-extras.cmake
[2.376s] -- Symlinking: /home/yusuf/turtlebot3_ws/install/turtlebot3_gazebo/share/turtlebot3_gazebo/cmake/ament_cmake_export_dependencies-extras.cmake
[2.383s] -- Symlinking: /home/yusuf/turtlebot3_ws/install/turtlebot3_gazebo/share/turtlebot3_gazebo/cmake/turtlebot3_gazeboConfig.cmake
[2.390s] -- Symlinking: /home/yusuf/turtlebot3_ws/install/turtlebot3_gazebo/share/turtlebot3_gazebo/cmake/turtlebot3_gazeboConfig-version.cmake
[2.397s] -- Symlinking: /home/yusuf/turtlebot3_ws/install/turtlebot3_gazebo/share/turtlebot3_gazebo/package.xml
[2.407s] Invoked command in '/home/yusuf/turtlebot3_ws/build/turtlebot3_gazebo' returned '0': CMAKE_PREFIX_PATH=/opt/ros/humble /usr/bin/cmake --install /home/yusuf/turtlebot3_ws/build/turtlebot3_gazebo
