running egg_info
creating ../build/yusuf_ozyer/yusuf_ozyer.egg-info
writing ../build/yusuf_ozyer/yusuf_ozyer.egg-info/PKG-INFO
writing dependency_links to ../build/yusuf_ozyer/yusuf_ozyer.egg-info/dependency_links.txt
writing entry points to ../build/yusuf_ozyer/yusuf_ozyer.egg-info/entry_points.txt
writing requirements to ../build/yusuf_ozyer/yusuf_ozyer.egg-info/requires.txt
writing top-level names to ../build/yusuf_ozyer/yusuf_ozyer.egg-info/top_level.txt
writing manifest file '../build/yusuf_ozyer/yusuf_ozyer.egg-info/SOURCES.txt'
reading manifest file '../build/yusuf_ozyer/yusuf_ozyer.egg-info/SOURCES.txt'
adding license file 'LICENSE'
writing manifest file '../build/yusuf_ozyer/yusuf_ozyer.egg-info/SOURCES.txt'
running build
running build_py
creating /home/yusuf/turtlebot3_ws/build/yusuf_ozyer/build
creating /home/yusuf/turtlebot3_ws/build/yusuf_ozyer/build/lib
creating /home/yusuf/turtlebot3_ws/build/yusuf_ozyer/build/lib/yusuf_ozyer
copying yusuf_ozyer/__init__.py -> /home/yusuf/turtlebot3_ws/build/yusuf_ozyer/build/lib/yusuf_ozyer
copying yusuf_ozyer/my_node.py -> /home/yusuf/turtlebot3_ws/build/yusuf_ozyer/build/lib/yusuf_ozyer
running install
running install_lib
creating /home/yusuf/turtlebot3_ws/install/yusuf_ozyer/lib/python3.10/site-packages/yusuf_ozyer
copying /home/yusuf/turtlebot3_ws/build/yusuf_ozyer/build/lib/yusuf_ozyer/__init__.py -> /home/yusuf/turtlebot3_ws/install/yusuf_ozyer/lib/python3.10/site-packages/yusuf_ozyer
copying /home/yusuf/turtlebot3_ws/build/yusuf_ozyer/build/lib/yusuf_ozyer/my_node.py -> /home/yusuf/turtlebot3_ws/install/yusuf_ozyer/lib/python3.10/site-packages/yusuf_ozyer
byte-compiling /home/yusuf/turtlebot3_ws/install/yusuf_ozyer/lib/python3.10/site-packages/yusuf_ozyer/__init__.py to __init__.cpython-310.pyc
byte-compiling /home/yusuf/turtlebot3_ws/install/yusuf_ozyer/lib/python3.10/site-packages/yusuf_ozyer/my_node.py to my_node.cpython-310.pyc
running install_data
creating /home/yusuf/turtlebot3_ws/install/yusuf_ozyer/share/ament_index
creating /home/yusuf/turtlebot3_ws/install/yusuf_ozyer/share/ament_index/resource_index
creating /home/yusuf/turtlebot3_ws/install/yusuf_ozyer/share/ament_index/resource_index/packages
copying resource/yusuf_ozyer -> /home/yusuf/turtlebot3_ws/install/yusuf_ozyer/share/ament_index/resource_index/packages
copying package.xml -> /home/yusuf/turtlebot3_ws/install/yusuf_ozyer/share/yusuf_ozyer
running install_egg_info
Copying ../build/yusuf_ozyer/yusuf_ozyer.egg-info to /home/yusuf/turtlebot3_ws/install/yusuf_ozyer/lib/python3.10/site-packages/yusuf_ozyer-0.0.0-py3.10.egg-info
running install_scripts
Installing my_node script to /home/yusuf/turtlebot3_ws/install/yusuf_ozyer/lib/yusuf_ozyer
writing list of installed files to '/home/yusuf/turtlebot3_ws/build/yusuf_ozyer/install.log'
