running egg_info
writing ../build/yusuf_ozyer/yusuf_ozyer.egg-info/PKG-INFO
writing dependency_links to ../build/yusuf_ozyer/yusuf_ozyer.egg-info/dependency_links.txt
writing entry points to ../build/yusuf_ozyer/yusuf_ozyer.egg-info/entry_points.txt
writing requirements to ../build/yusuf_ozyer/yusuf_ozyer.egg-info/requires.txt
writing top-level names to ../build/yusuf_ozyer/yusuf_ozyer.egg-info/top_level.txt
reading manifest file '../build/yusuf_ozyer/yusuf_ozyer.egg-info/SOURCES.txt'
adding license file 'LICENSE'
writing manifest file '../build/yusuf_ozyer/yusuf_ozyer.egg-info/SOURCES.txt'
running build
running build_py
running install
running install_lib
running install_data
running install_egg_info
removing '/home/yusuf/turtlebot3_ws/install/yusuf_ozyer/lib/python3.10/site-packages/yusuf_ozyer-0.0.0-py3.10.egg-info' (and everything under it)
Copying ../build/yusuf_ozyer/yusuf_ozyer.egg-info to /home/yusuf/turtlebot3_ws/install/yusuf_ozyer/lib/python3.10/site-packages/yusuf_ozyer-0.0.0-py3.10.egg-info
running install_scripts
Installing hareket_kontrol script to /home/yusuf/turtlebot3_ws/install/yusuf_ozyer/lib/yusuf_ozyer
Installing lidar_subscriber script to /home/yusuf/turtlebot3_ws/install/yusuf_ozyer/lib/yusuf_ozyer
writing list of installed files to '/home/yusuf/turtlebot3_ws/build/yusuf_ozyer/install.log'
