[0.711s] Invoking command in '/home/yusuf/turtlebot3_ws/yusuf_ozyer': PYTHONPATH=/home/yusuf/turtlebot3_ws/build/yusuf_ozyer/prefix_override:/usr/lib/python3/dist-packages/colcon_core/task/python/colcon_distutils_commands:/home/yusuf/turtlebot3_ws/install/yusuf_ozyer/lib/python3.10/site-packages:${PYTHONPATH} /usr/bin/python3 -W ignore:setup.py install is deprecated setup.py egg_info --egg-base ../build/yusuf_ozyer build --build-base /home/yusuf/turtlebot3_ws/build/yusuf_ozyer/build install --record /home/yusuf/turtlebot3_ws/build/yusuf_ozyer/install.log --single-version-externally-managed install_data
[0.948s] running egg_info
[0.949s] writing ../build/yusuf_ozyer/yusuf_ozyer.egg-info/PKG-INFO
[0.949s] writing dependency_links to ../build/yusuf_ozyer/yusuf_ozyer.egg-info/dependency_links.txt
[0.949s] writing entry points to ../build/yusuf_ozyer/yusuf_ozyer.egg-info/entry_points.txt
[0.949s] writing requirements to ../build/yusuf_ozyer/yusuf_ozyer.egg-info/requires.txt
[0.949s] writing top-level names to ../build/yusuf_ozyer/yusuf_ozyer.egg-info/top_level.txt
[0.951s] reading manifest file '../build/yusuf_ozyer/yusuf_ozyer.egg-info/SOURCES.txt'
[0.951s] adding license file 'LICENSE'
[0.952s] writing manifest file '../build/yusuf_ozyer/yusuf_ozyer.egg-info/SOURCES.txt'
[0.952s] running build
[0.952s] running build_py
[0.952s] running install
[0.952s] running install_lib
[0.954s] running install_data
[0.954s] running install_egg_info
[0.955s] removing '/home/yusuf/turtlebot3_ws/install/yusuf_ozyer/lib/python3.10/site-packages/yusuf_ozyer-0.0.0-py3.10.egg-info' (and everything under it)
[0.956s] Copying ../build/yusuf_ozyer/yusuf_ozyer.egg-info to /home/yusuf/turtlebot3_ws/install/yusuf_ozyer/lib/python3.10/site-packages/yusuf_ozyer-0.0.0-py3.10.egg-info
[0.957s] running install_scripts
[0.976s] Installing hareket_kontrol script to /home/yusuf/turtlebot3_ws/install/yusuf_ozyer/lib/yusuf_ozyer
[0.976s] writing list of installed files to '/home/yusuf/turtlebot3_ws/build/yusuf_ozyer/install.log'
[0.997s] Invoked command in '/home/yusuf/turtlebot3_ws/yusuf_ozyer' returned '0': PYTHONPATH=/home/yusuf/turtlebot3_ws/build/yusuf_ozyer/prefix_override:/usr/lib/python3/dist-packages/colcon_core/task/python/colcon_distutils_commands:/home/yusuf/turtlebot3_ws/install/yusuf_ozyer/lib/python3.10/site-packages:${PYTHONPATH} /usr/bin/python3 -W ignore:setup.py install is deprecated setup.py egg_info --egg-base ../build/yusuf_ozyer build --build-base /home/yusuf/turtlebot3_ws/build/yusuf_ozyer/build install --record /home/yusuf/turtlebot3_ws/build/yusuf_ozyer/install.log --single-version-externally-managed install_data
