[0.823s] Invoking command in '/home/yusuf/turtlebot3_ws/build/yusuf_ozyer': PYTHONPATH=/home/yusuf/turtlebot3_ws/build/yusuf_ozyer/prefix_override:/usr/lib/python3/dist-packages/colcon_core/task/python/colcon_distutils_commands:/home/yusuf/turtlebot3_ws/install/yusuf_ozyer/lib/python3.10/site-packages:${PYTHONPATH} /usr/bin/python3 -W ignore:setup.py install is deprecated setup.py develop --uninstall --editable --build-directory /home/yusuf/turtlebot3_ws/build/yusuf_ozyer/build
[1.155s] running develop
[1.156s] /usr/lib/python3/dist-packages/setuptools/command/easy_install.py:158: EasyInstallDeprecationWarning: easy_install command is deprecated. Use build and pip and other standards-based tools.
[1.156s]   warnings.warn(
[1.385s] Removing /home/yusuf/turtlebot3_ws/install/yusuf_ozyer/lib/python3.10/site-packages/yusuf-ozyer.egg-link (link to .)
[1.414s] Invoked command in '/home/yusuf/turtlebot3_ws/build/yusuf_ozyer' returned '0': PYTHONPATH=/home/yusuf/turtlebot3_ws/build/yusuf_ozyer/prefix_override:/usr/lib/python3/dist-packages/colcon_core/task/python/colcon_distutils_commands:/home/yusuf/turtlebot3_ws/install/yusuf_ozyer/lib/python3.10/site-packages:${PYTHONPATH} /usr/bin/python3 -W ignore:setup.py install is deprecated setup.py develop --uninstall --editable --build-directory /home/yusuf/turtlebot3_ws/build/yusuf_ozyer/build
[1.415s] Invoking command in '/home/yusuf/turtlebot3_ws/yusuf_ozyer': PYTHONPATH=/home/yusuf/turtlebot3_ws/build/yusuf_ozyer/prefix_override:/usr/lib/python3/dist-packages/colcon_core/task/python/colcon_distutils_commands:/home/yusuf/turtlebot3_ws/install/yusuf_ozyer/lib/python3.10/site-packages:${PYTHONPATH} /usr/bin/python3 -W ignore:setup.py install is deprecated setup.py egg_info --egg-base ../build/yusuf_ozyer build --build-base /home/yusuf/turtlebot3_ws/build/yusuf_ozyer/build install --record /home/yusuf/turtlebot3_ws/build/yusuf_ozyer/install.log --single-version-externally-managed install_data --force
[1.680s] running egg_info
[1.681s] writing ../build/yusuf_ozyer/yusuf_ozyer.egg-info/PKG-INFO
[1.681s] writing dependency_links to ../build/yusuf_ozyer/yusuf_ozyer.egg-info/dependency_links.txt
[1.681s] writing entry points to ../build/yusuf_ozyer/yusuf_ozyer.egg-info/entry_points.txt
[1.681s] writing requirements to ../build/yusuf_ozyer/yusuf_ozyer.egg-info/requires.txt
[1.681s] writing top-level names to ../build/yusuf_ozyer/yusuf_ozyer.egg-info/top_level.txt
[1.683s] reading manifest file '../build/yusuf_ozyer/yusuf_ozyer.egg-info/SOURCES.txt'
[1.683s] adding license file 'LICENSE'
[1.684s] writing manifest file '../build/yusuf_ozyer/yusuf_ozyer.egg-info/SOURCES.txt'
[1.684s] running build
[1.684s] running build_py
[1.685s] copying yusuf_ozyer/hareket_kontrol.py -> /home/yusuf/turtlebot3_ws/build/yusuf_ozyer/build/lib/yusuf_ozyer
[1.685s] running install
[1.685s] running install_lib
[1.686s] copying /home/yusuf/turtlebot3_ws/build/yusuf_ozyer/build/lib/yusuf_ozyer/__init__.py -> /home/yusuf/turtlebot3_ws/install/yusuf_ozyer/lib/python3.10/site-packages/yusuf_ozyer
[1.686s] copying /home/yusuf/turtlebot3_ws/build/yusuf_ozyer/build/lib/yusuf_ozyer/lidar_subscriber.py -> /home/yusuf/turtlebot3_ws/install/yusuf_ozyer/lib/python3.10/site-packages/yusuf_ozyer
[1.686s] copying /home/yusuf/turtlebot3_ws/build/yusuf_ozyer/build/lib/yusuf_ozyer/hareket_kontrol.py -> /home/yusuf/turtlebot3_ws/install/yusuf_ozyer/lib/python3.10/site-packages/yusuf_ozyer
[1.687s] byte-compiling /home/yusuf/turtlebot3_ws/install/yusuf_ozyer/lib/python3.10/site-packages/yusuf_ozyer/__init__.py to __init__.cpython-310.pyc
[1.687s] byte-compiling /home/yusuf/turtlebot3_ws/install/yusuf_ozyer/lib/python3.10/site-packages/yusuf_ozyer/lidar_subscriber.py to lidar_subscriber.cpython-310.pyc
[1.687s] byte-compiling /home/yusuf/turtlebot3_ws/install/yusuf_ozyer/lib/python3.10/site-packages/yusuf_ozyer/hareket_kontrol.py to hareket_kontrol.cpython-310.pyc
[1.688s] running install_data
[1.688s] copying resource/yusuf_ozyer -> /home/yusuf/turtlebot3_ws/install/yusuf_ozyer/share/ament_index/resource_index/packages
[1.688s] copying package.xml -> /home/yusuf/turtlebot3_ws/install/yusuf_ozyer/share/yusuf_ozyer
[1.688s] running install_egg_info
[1.690s] Copying ../build/yusuf_ozyer/yusuf_ozyer.egg-info to /home/yusuf/turtlebot3_ws/install/yusuf_ozyer/lib/python3.10/site-packages/yusuf_ozyer-0.0.0-py3.10.egg-info
[1.691s] running install_scripts
[1.713s] Installing hareket_kontrol script to /home/yusuf/turtlebot3_ws/install/yusuf_ozyer/lib/yusuf_ozyer
[1.713s] Installing lidar_subscriber script to /home/yusuf/turtlebot3_ws/install/yusuf_ozyer/lib/yusuf_ozyer
[1.713s] writing list of installed files to '/home/yusuf/turtlebot3_ws/build/yusuf_ozyer/install.log'
[1.736s] Invoked command in '/home/yusuf/turtlebot3_ws/yusuf_ozyer' returned '0': PYTHONPATH=/home/yusuf/turtlebot3_ws/build/yusuf_ozyer/prefix_override:/usr/lib/python3/dist-packages/colcon_core/task/python/colcon_distutils_commands:/home/yusuf/turtlebot3_ws/install/yusuf_ozyer/lib/python3.10/site-packages:${PYTHONPATH} /usr/bin/python3 -W ignore:setup.py install is deprecated setup.py egg_info --egg-base ../build/yusuf_ozyer build --build-base /home/yusuf/turtlebot3_ws/build/yusuf_ozyer/build install --record /home/yusuf/turtlebot3_ws/build/yusuf_ozyer/install.log --single-version-externally-managed install_data --force
