[0.008s] Invoking command in '/home/yusuf/turtlebot3_ws/build/turtlebot3_simulations': CMAKE_PREFIX_PATH=/home/yusuf/turtlebot3_ws/install/turtlebot3_gazebo:/home/yusuf/turtlebot3_ws/install/turtlebot3_fake_node:/home/yusuf/turtlebot3_ws/install/turtlebot3:/home/yusuf/turtlebot3_ws/install/turtlebot3_simulations:/home/yusuf/turtlebot3_ws/install/turtlebot3_bringup:/home/yusuf/turtlebot3_ws/install/turtlebot3_node:/home/yusuf/turtlebot3_ws/install/turtlebot3_navigation2:/home/yusuf/turtlebot3_ws/install/turtlebot3_msgs:/home/yusuf/turtlebot3_ws/install/turtlebot3_description:/home/yusuf/turtlebot3_ws/install/turtlebot3_cartographer:/home/yusuf/turtlebot3_ws/install/yusuf_ozyer:/home/yusuf/turtlebot3_ws/install/turtlebot3_teleop:/home/yusuf/turtlebot3_ws/install/turtlebot3_example:/opt/ros/humble /usr/bin/cmake --build /home/yusuf/turtlebot3_ws/build/turtlebot3_simulations -- -j8 -l8
[0.040s] Invoked command in '/home/yusuf/turtlebot3_ws/build/turtlebot3_simulations' returned '0': CMAKE_PREFIX_PATH=/home/yusuf/turtlebot3_ws/install/turtlebot3_gazebo:/home/yusuf/turtlebot3_ws/install/turtlebot3_fake_node:/home/yusuf/turtlebot3_ws/install/turtlebot3:/home/yusuf/turtlebot3_ws/install/turtlebot3_simulations:/home/yusuf/turtlebot3_ws/install/turtlebot3_bringup:/home/yusuf/turtlebot3_ws/install/turtlebot3_node:/home/yusuf/turtlebot3_ws/install/turtlebot3_navigation2:/home/yusuf/turtlebot3_ws/install/turtlebot3_msgs:/home/yusuf/turtlebot3_ws/install/turtlebot3_description:/home/yusuf/turtlebot3_ws/install/turtlebot3_cartographer:/home/yusuf/turtlebot3_ws/install/yusuf_ozyer:/home/yusuf/turtlebot3_ws/install/turtlebot3_teleop:/home/yusuf/turtlebot3_ws/install/turtlebot3_example:/opt/ros/humble /usr/bin/cmake --build /home/yusuf/turtlebot3_ws/build/turtlebot3_simulations -- -j8 -l8
[0.059s] Invoking command in '/home/yusuf/turtlebot3_ws/build/turtlebot3_simulations': CMAKE_PREFIX_PATH=/home/yusuf/turtlebot3_ws/install/turtlebot3_gazebo:/home/yusuf/turtlebot3_ws/install/turtlebot3_fake_node:/home/yusuf/turtlebot3_ws/install/turtlebot3:/home/yusuf/turtlebot3_ws/install/turtlebot3_simulations:/home/yusuf/turtlebot3_ws/install/turtlebot3_bringup:/home/yusuf/turtlebot3_ws/install/turtlebot3_node:/home/yusuf/turtlebot3_ws/install/turtlebot3_navigation2:/home/yusuf/turtlebot3_ws/install/turtlebot3_msgs:/home/yusuf/turtlebot3_ws/install/turtlebot3_description:/home/yusuf/turtlebot3_ws/install/turtlebot3_cartographer:/home/yusuf/turtlebot3_ws/install/yusuf_ozyer:/home/yusuf/turtlebot3_ws/install/turtlebot3_teleop:/home/yusuf/turtlebot3_ws/install/turtlebot3_example:/opt/ros/humble /usr/bin/cmake --install /home/yusuf/turtlebot3_ws/build/turtlebot3_simulations
[0.066s] -- Install configuration: ""
[0.066s] -- Up-to-date: /home/yusuf/turtlebot3_ws/install/turtlebot3_simulations/share/ament_index/resource_index/package_run_dependencies/turtlebot3_simulations
[0.066s] -- Up-to-date: /home/yusuf/turtlebot3_ws/install/turtlebot3_simulations/share/ament_index/resource_index/parent_prefix_path/turtlebot3_simulations
[0.066s] -- Up-to-date: /home/yusuf/turtlebot3_ws/install/turtlebot3_simulations/share/turtlebot3_simulations/environment/ament_prefix_path.sh
[0.066s] -- Up-to-date: /home/yusuf/turtlebot3_ws/install/turtlebot3_simulations/share/turtlebot3_simulations/environment/ament_prefix_path.dsv
[0.066s] -- Up-to-date: /home/yusuf/turtlebot3_ws/install/turtlebot3_simulations/share/turtlebot3_simulations/environment/path.sh
[0.066s] -- Up-to-date: /home/yusuf/turtlebot3_ws/install/turtlebot3_simulations/share/turtlebot3_simulations/environment/path.dsv
[0.066s] -- Up-to-date: /home/yusuf/turtlebot3_ws/install/turtlebot3_simulations/share/turtlebot3_simulations/local_setup.bash
[0.066s] -- Up-to-date: /home/yusuf/turtlebot3_ws/install/turtlebot3_simulations/share/turtlebot3_simulations/local_setup.sh
[0.066s] -- Up-to-date: /home/yusuf/turtlebot3_ws/install/turtlebot3_simulations/share/turtlebot3_simulations/local_setup.zsh
[0.067s] -- Up-to-date: /home/yusuf/turtlebot3_ws/install/turtlebot3_simulations/share/turtlebot3_simulations/local_setup.dsv
[0.067s] -- Up-to-date: /home/yusuf/turtlebot3_ws/install/turtlebot3_simulations/share/turtlebot3_simulations/package.dsv
[0.067s] -- Up-to-date: /home/yusuf/turtlebot3_ws/install/turtlebot3_simulations/share/ament_index/resource_index/packages/turtlebot3_simulations
[0.067s] -- Up-to-date: /home/yusuf/turtlebot3_ws/install/turtlebot3_simulations/share/turtlebot3_simulations/cmake/turtlebot3_simulationsConfig.cmake
[0.067s] -- Up-to-date: /home/yusuf/turtlebot3_ws/install/turtlebot3_simulations/share/turtlebot3_simulations/cmake/turtlebot3_simulationsConfig-version.cmake
[0.067s] -- Up-to-date: /home/yusuf/turtlebot3_ws/install/turtlebot3_simulations/share/turtlebot3_simulations/package.xml
[0.068s] Invoked command in '/home/yusuf/turtlebot3_ws/build/turtlebot3_simulations' returned '0': CMAKE_PREFIX_PATH=/home/yusuf/turtlebot3_ws/install/turtlebot3_gazebo:/home/yusuf/turtlebot3_ws/install/turtlebot3_fake_node:/home/yusuf/turtlebot3_ws/install/turtlebot3:/home/yusuf/turtlebot3_ws/install/turtlebot3_simulations:/home/yusuf/turtlebot3_ws/install/turtlebot3_bringup:/home/yusuf/turtlebot3_ws/install/turtlebot3_node:/home/yusuf/turtlebot3_ws/install/turtlebot3_navigation2:/home/yusuf/turtlebot3_ws/install/turtlebot3_msgs:/home/yusuf/turtlebot3_ws/install/turtlebot3_description:/home/yusuf/turtlebot3_ws/install/turtlebot3_cartographer:/home/yusuf/turtlebot3_ws/install/yusuf_ozyer:/home/yusuf/turtlebot3_ws/install/turtlebot3_teleop:/home/yusuf/turtlebot3_ws/install/turtlebot3_example:/opt/ros/humble /usr/bin/cmake --install /home/yusuf/turtlebot3_ws/build/turtlebot3_simulations
