[0.108s] DEBUG:colcon:Command line arguments: ['/usr/bin/colcon', 'build']
[0.108s] DEBUG:colcon:Parsed command line arguments: Namespace(log_base=None, log_level=None, verb_name='build', build_base='build', install_base='install', merge_install=False, symlink_install=False, test_result_base=None, continue_on_error=False, executor='parallel', parallel_workers=8, event_handlers=None, ignore_user_meta=False, metas=['./colcon.meta'], base_paths=['.'], packages_ignore=None, packages_ignore_regex=None, paths=None, packages_up_to=None, packages_up_to_regex=None, packages_above=None, packages_above_and_dependencies=None, packages_above_depth=None, packages_select_by_dep=None, packages_skip_by_dep=None, packages_skip_up_to=None, packages_select_build_failed=False, packages_skip_build_finished=False, packages_select_test_failures=False, packages_skip_test_passed=False, packages_select=None, packages_skip=None, packages_select_regex=None, packages_skip_regex=None, packages_start=None, packages_end=None, allow_overriding=[], cmake_args=None, cmake_target=None, cmake_target_skip_unavailable=False, cmake_clean_cache=False, cmake_clean_first=False, cmake_force_configure=False, ament_cmake_args=None, catkin_cmake_args=None, catkin_skip_building_tests=False, verb_parser=<colcon_defaults.argument_parser.defaults.DefaultArgumentsDecorator object at 0x7bd333a3d1e0>, verb_extension=<colcon_core.verb.build.BuildVerb object at 0x7bd333a3ccd0>, main=<bound method BuildVerb.main of <colcon_core.verb.build.BuildVerb object at 0x7bd333a3ccd0>>)
[0.285s] Level 1:colcon.colcon_core.package_discovery:discover_packages(colcon_meta) check parameters
[0.285s] Level 1:colcon.colcon_core.package_discovery:discover_packages(recursive) check parameters
[0.285s] Level 1:colcon.colcon_core.package_discovery:discover_packages(ignore) check parameters
[0.285s] Level 1:colcon.colcon_core.package_discovery:discover_packages(path) check parameters
[0.285s] Level 1:colcon.colcon_core.package_discovery:discover_packages(colcon_meta) discover
[0.285s] Level 1:colcon.colcon_core.package_discovery:discover_packages(recursive) discover
[0.285s] INFO:colcon.colcon_core.package_discovery:Crawling recursively for packages in '/home/yusuf/turtlebot3_ws'
[0.286s] Level 1:colcon.colcon_core.package_identification:_identify(.) by extensions ['ignore', 'ignore_ament_install']
[0.286s] Level 1:colcon.colcon_core.package_identification:_identify(.) by extension 'ignore'
[0.286s] Level 1:colcon.colcon_core.package_identification:_identify(.) by extension 'ignore_ament_install'
[0.286s] Level 1:colcon.colcon_core.package_identification:_identify(.) by extensions ['colcon_pkg']
[0.286s] Level 1:colcon.colcon_core.package_identification:_identify(.) by extension 'colcon_pkg'
[0.286s] Level 1:colcon.colcon_core.package_identification:_identify(.) by extensions ['colcon_meta']
[0.286s] Level 1:colcon.colcon_core.package_identification:_identify(.) by extension 'colcon_meta'
[0.286s] Level 1:colcon.colcon_core.package_identification:_identify(.) by extensions ['ros']
[0.286s] Level 1:colcon.colcon_core.package_identification:_identify(.) by extension 'ros'
[0.298s] Level 1:colcon.colcon_core.package_identification:_identify(.) by extensions ['cmake', 'python']
[0.298s] Level 1:colcon.colcon_core.package_identification:_identify(.) by extension 'cmake'
[0.298s] Level 1:colcon.colcon_core.package_identification:_identify(.) by extension 'python'
[0.298s] Level 1:colcon.colcon_core.package_identification:_identify(.) by extensions ['python_setup_py']
[0.298s] Level 1:colcon.colcon_core.package_identification:_identify(.) by extension 'python_setup_py'
[0.298s] Level 1:colcon.colcon_core.package_identification:_identify(build) by extensions ['ignore', 'ignore_ament_install']
[0.298s] Level 1:colcon.colcon_core.package_identification:_identify(build) by extension 'ignore'
[0.298s] Level 1:colcon.colcon_core.package_identification:_identify(build) ignored
[0.298s] Level 1:colcon.colcon_core.package_identification:_identify(install) by extensions ['ignore', 'ignore_ament_install']
[0.298s] Level 1:colcon.colcon_core.package_identification:_identify(install) by extension 'ignore'
[0.298s] Level 1:colcon.colcon_core.package_identification:_identify(install) ignored
[0.299s] Level 1:colcon.colcon_core.package_identification:_identify(log) by extensions ['ignore', 'ignore_ament_install']
[0.299s] Level 1:colcon.colcon_core.package_identification:_identify(log) by extension 'ignore'
[0.299s] Level 1:colcon.colcon_core.package_identification:_identify(log) ignored
[0.299s] Level 1:colcon.colcon_core.package_identification:_identify(src) by extensions ['ignore', 'ignore_ament_install']
[0.299s] Level 1:colcon.colcon_core.package_identification:_identify(src) by extension 'ignore'
[0.299s] Level 1:colcon.colcon_core.package_identification:_identify(src) by extension 'ignore_ament_install'
[0.299s] Level 1:colcon.colcon_core.package_identification:_identify(src) by extensions ['colcon_pkg']
[0.299s] Level 1:colcon.colcon_core.package_identification:_identify(src) by extension 'colcon_pkg'
[0.299s] Level 1:colcon.colcon_core.package_identification:_identify(src) by extensions ['colcon_meta']
[0.299s] Level 1:colcon.colcon_core.package_identification:_identify(src) by extension 'colcon_meta'
[0.299s] Level 1:colcon.colcon_core.package_identification:_identify(src) by extensions ['ros']
[0.299s] Level 1:colcon.colcon_core.package_identification:_identify(src) by extension 'ros'
[0.299s] Level 1:colcon.colcon_core.package_identification:_identify(src) by extensions ['cmake', 'python']
[0.299s] Level 1:colcon.colcon_core.package_identification:_identify(src) by extension 'cmake'
[0.299s] Level 1:colcon.colcon_core.package_identification:_identify(src) by extension 'python'
[0.299s] Level 1:colcon.colcon_core.package_identification:_identify(src) by extensions ['python_setup_py']
[0.299s] Level 1:colcon.colcon_core.package_identification:_identify(src) by extension 'python_setup_py'
[0.299s] Level 1:colcon.colcon_core.package_identification:_identify(src/build) by extensions ['ignore', 'ignore_ament_install']
[0.299s] Level 1:colcon.colcon_core.package_identification:_identify(src/build) by extension 'ignore'
[0.299s] Level 1:colcon.colcon_core.package_identification:_identify(src/build) ignored
[0.300s] Level 1:colcon.colcon_core.package_identification:_identify(src/install) by extensions ['ignore', 'ignore_ament_install']
[0.300s] Level 1:colcon.colcon_core.package_identification:_identify(src/install) by extension 'ignore'
[0.300s] Level 1:colcon.colcon_core.package_identification:_identify(src/install) ignored
[0.300s] Level 1:colcon.colcon_core.package_identification:_identify(src/log) by extensions ['ignore', 'ignore_ament_install']
[0.300s] Level 1:colcon.colcon_core.package_identification:_identify(src/log) by extension 'ignore'
[0.300s] Level 1:colcon.colcon_core.package_identification:_identify(src/log) ignored
[0.300s] Level 1:colcon.colcon_core.package_identification:_identify(src/turtlebot3_simulations) by extensions ['ignore', 'ignore_ament_install']
[0.300s] Level 1:colcon.colcon_core.package_identification:_identify(src/turtlebot3_simulations) by extension 'ignore'
[0.300s] Level 1:colcon.colcon_core.package_identification:_identify(src/turtlebot3_simulations) by extension 'ignore_ament_install'
[0.300s] Level 1:colcon.colcon_core.package_identification:_identify(src/turtlebot3_simulations) by extensions ['colcon_pkg']
[0.300s] Level 1:colcon.colcon_core.package_identification:_identify(src/turtlebot3_simulations) by extension 'colcon_pkg'
[0.300s] Level 1:colcon.colcon_core.package_identification:_identify(src/turtlebot3_simulations) by extensions ['colcon_meta']
[0.300s] Level 1:colcon.colcon_core.package_identification:_identify(src/turtlebot3_simulations) by extension 'colcon_meta'
[0.300s] Level 1:colcon.colcon_core.package_identification:_identify(src/turtlebot3_simulations) by extensions ['ros']
[0.300s] Level 1:colcon.colcon_core.package_identification:_identify(src/turtlebot3_simulations) by extension 'ros'
[0.300s] Level 1:colcon.colcon_core.package_identification:_identify(src/turtlebot3_simulations) by extensions ['cmake', 'python']
[0.300s] Level 1:colcon.colcon_core.package_identification:_identify(src/turtlebot3_simulations) by extension 'cmake'
[0.301s] Level 1:colcon.colcon_core.package_identification:_identify(src/turtlebot3_simulations) by extension 'python'
[0.301s] Level 1:colcon.colcon_core.package_identification:_identify(src/turtlebot3_simulations) by extensions ['python_setup_py']
[0.301s] Level 1:colcon.colcon_core.package_identification:_identify(src/turtlebot3_simulations) by extension 'python_setup_py'
[0.301s] Level 1:colcon.colcon_core.package_identification:_identify(src/turtlebot3_simulations/turtlebot3_fake_node) by extensions ['ignore', 'ignore_ament_install']
[0.301s] Level 1:colcon.colcon_core.package_identification:_identify(src/turtlebot3_simulations/turtlebot3_fake_node) by extension 'ignore'
[0.301s] Level 1:colcon.colcon_core.package_identification:_identify(src/turtlebot3_simulations/turtlebot3_fake_node) by extension 'ignore_ament_install'
[0.301s] Level 1:colcon.colcon_core.package_identification:_identify(src/turtlebot3_simulations/turtlebot3_fake_node) by extensions ['colcon_pkg']
[0.301s] Level 1:colcon.colcon_core.package_identification:_identify(src/turtlebot3_simulations/turtlebot3_fake_node) by extension 'colcon_pkg'
[0.301s] Level 1:colcon.colcon_core.package_identification:_identify(src/turtlebot3_simulations/turtlebot3_fake_node) by extensions ['colcon_meta']
[0.301s] Level 1:colcon.colcon_core.package_identification:_identify(src/turtlebot3_simulations/turtlebot3_fake_node) by extension 'colcon_meta'
[0.301s] Level 1:colcon.colcon_core.package_identification:_identify(src/turtlebot3_simulations/turtlebot3_fake_node) by extensions ['ros']
[0.301s] Level 1:colcon.colcon_core.package_identification:_identify(src/turtlebot3_simulations/turtlebot3_fake_node) by extension 'ros'
[0.304s] DEBUG:colcon.colcon_core.package_identification:Package 'src/turtlebot3_simulations/turtlebot3_fake_node' with type 'ros.ament_cmake' and name 'turtlebot3_fake_node'
[0.305s] Level 1:colcon.colcon_core.package_identification:_identify(src/turtlebot3_simulations/turtlebot3_gazebo) by extensions ['ignore', 'ignore_ament_install']
[0.305s] Level 1:colcon.colcon_core.package_identification:_identify(src/turtlebot3_simulations/turtlebot3_gazebo) by extension 'ignore'
[0.305s] Level 1:colcon.colcon_core.package_identification:_identify(src/turtlebot3_simulations/turtlebot3_gazebo) by extension 'ignore_ament_install'
[0.305s] Level 1:colcon.colcon_core.package_identification:_identify(src/turtlebot3_simulations/turtlebot3_gazebo) by extensions ['colcon_pkg']
[0.305s] Level 1:colcon.colcon_core.package_identification:_identify(src/turtlebot3_simulations/turtlebot3_gazebo) by extension 'colcon_pkg'
[0.305s] Level 1:colcon.colcon_core.package_identification:_identify(src/turtlebot3_simulations/turtlebot3_gazebo) by extensions ['colcon_meta']
[0.305s] Level 1:colcon.colcon_core.package_identification:_identify(src/turtlebot3_simulations/turtlebot3_gazebo) by extension 'colcon_meta'
[0.305s] Level 1:colcon.colcon_core.package_identification:_identify(src/turtlebot3_simulations/turtlebot3_gazebo) by extensions ['ros']
[0.305s] Level 1:colcon.colcon_core.package_identification:_identify(src/turtlebot3_simulations/turtlebot3_gazebo) by extension 'ros'
[0.306s] DEBUG:colcon.colcon_core.package_identification:Package 'src/turtlebot3_simulations/turtlebot3_gazebo' with type 'ros.ament_cmake' and name 'turtlebot3_gazebo'
[0.306s] Level 1:colcon.colcon_core.package_identification:_identify(src/turtlebot3_simulations/turtlebot3_simulations) by extensions ['ignore', 'ignore_ament_install']
[0.306s] Level 1:colcon.colcon_core.package_identification:_identify(src/turtlebot3_simulations/turtlebot3_simulations) by extension 'ignore'
[0.306s] Level 1:colcon.colcon_core.package_identification:_identify(src/turtlebot3_simulations/turtlebot3_simulations) by extension 'ignore_ament_install'
[0.306s] Level 1:colcon.colcon_core.package_identification:_identify(src/turtlebot3_simulations/turtlebot3_simulations) by extensions ['colcon_pkg']
[0.306s] Level 1:colcon.colcon_core.package_identification:_identify(src/turtlebot3_simulations/turtlebot3_simulations) by extension 'colcon_pkg'
[0.307s] Level 1:colcon.colcon_core.package_identification:_identify(src/turtlebot3_simulations/turtlebot3_simulations) by extensions ['colcon_meta']
[0.307s] Level 1:colcon.colcon_core.package_identification:_identify(src/turtlebot3_simulations/turtlebot3_simulations) by extension 'colcon_meta'
[0.307s] Level 1:colcon.colcon_core.package_identification:_identify(src/turtlebot3_simulations/turtlebot3_simulations) by extensions ['ros']
[0.307s] Level 1:colcon.colcon_core.package_identification:_identify(src/turtlebot3_simulations/turtlebot3_simulations) by extension 'ros'
[0.307s] DEBUG:colcon.colcon_core.package_identification:Package 'src/turtlebot3_simulations/turtlebot3_simulations' with type 'ros.ament_cmake' and name 'turtlebot3_simulations'
[0.308s] Level 1:colcon.colcon_core.package_identification:_identify(yusuf_ozyer) by extensions ['ignore', 'ignore_ament_install']
[0.308s] Level 1:colcon.colcon_core.package_identification:_identify(yusuf_ozyer) by extension 'ignore'
[0.308s] Level 1:colcon.colcon_core.package_identification:_identify(yusuf_ozyer) by extension 'ignore_ament_install'
[0.308s] Level 1:colcon.colcon_core.package_identification:_identify(yusuf_ozyer) by extensions ['colcon_pkg']
[0.308s] Level 1:colcon.colcon_core.package_identification:_identify(yusuf_ozyer) by extension 'colcon_pkg'
[0.308s] Level 1:colcon.colcon_core.package_identification:_identify(yusuf_ozyer) by extensions ['colcon_meta']
[0.308s] Level 1:colcon.colcon_core.package_identification:_identify(yusuf_ozyer) by extension 'colcon_meta'
[0.308s] Level 1:colcon.colcon_core.package_identification:_identify(yusuf_ozyer) by extensions ['ros']
[0.308s] Level 1:colcon.colcon_core.package_identification:_identify(yusuf_ozyer) by extension 'ros'
[0.308s] DEBUG:colcon.colcon_core.package_identification:Package 'yusuf_ozyer' with type 'ros.ament_python' and name 'yusuf_ozyer'
[0.309s] Level 1:colcon.colcon_core.package_discovery:discover_packages(recursive) using defaults
[0.309s] Level 1:colcon.colcon_core.package_discovery:discover_packages(ignore) discover
[0.309s] Level 1:colcon.colcon_core.package_discovery:discover_packages(ignore) using defaults
[0.309s] Level 1:colcon.colcon_core.package_discovery:discover_packages(path) discover
[0.309s] Level 1:colcon.colcon_core.package_discovery:discover_packages(path) using defaults
[0.341s] Level 1:colcon.colcon_core.package_discovery:discover_packages(prefix_path) check parameters
[0.341s] Level 1:colcon.colcon_core.package_discovery:discover_packages(prefix_path) discover
[0.343s] DEBUG:colcon.colcon_installed_package_information.package_discovery:Found 4 installed packages in /home/yusuf/turtlebot3_ws/install
[0.344s] DEBUG:colcon.colcon_installed_package_information.package_discovery:Found 374 installed packages in /opt/ros/humble
[0.346s] Level 1:colcon.colcon_core.package_discovery:discover_packages(prefix_path) using defaults
[0.397s] Level 5:colcon.colcon_core.verb:set package 'turtlebot3_fake_node' build argument 'cmake_args' from command line to 'None'
[0.397s] Level 5:colcon.colcon_core.verb:set package 'turtlebot3_fake_node' build argument 'cmake_target' from command line to 'None'
[0.397s] Level 5:colcon.colcon_core.verb:set package 'turtlebot3_fake_node' build argument 'cmake_target_skip_unavailable' from command line to 'False'
[0.397s] Level 5:colcon.colcon_core.verb:set package 'turtlebot3_fake_node' build argument 'cmake_clean_cache' from command line to 'False'
[0.397s] Level 5:colcon.colcon_core.verb:set package 'turtlebot3_fake_node' build argument 'cmake_clean_first' from command line to 'False'
[0.397s] Level 5:colcon.colcon_core.verb:set package 'turtlebot3_fake_node' build argument 'cmake_force_configure' from command line to 'False'
[0.397s] Level 5:colcon.colcon_core.verb:set package 'turtlebot3_fake_node' build argument 'ament_cmake_args' from command line to 'None'
[0.397s] Level 5:colcon.colcon_core.verb:set package 'turtlebot3_fake_node' build argument 'catkin_cmake_args' from command line to 'None'
[0.397s] Level 5:colcon.colcon_core.verb:set package 'turtlebot3_fake_node' build argument 'catkin_skip_building_tests' from command line to 'False'
[0.397s] DEBUG:colcon.colcon_core.verb:Building package 'turtlebot3_fake_node' with the following arguments: {'ament_cmake_args': None, 'build_base': '/home/yusuf/turtlebot3_ws/build/turtlebot3_fake_node', 'catkin_cmake_args': None, 'catkin_skip_building_tests': False, 'cmake_args': None, 'cmake_clean_cache': False, 'cmake_clean_first': False, 'cmake_force_configure': False, 'cmake_target': None, 'cmake_target_skip_unavailable': False, 'install_base': '/home/yusuf/turtlebot3_ws/install/turtlebot3_fake_node', 'merge_install': False, 'path': '/home/yusuf/turtlebot3_ws/src/turtlebot3_simulations/turtlebot3_fake_node', 'symlink_install': False, 'test_result_base': None}
[0.398s] Level 5:colcon.colcon_core.verb:set package 'turtlebot3_gazebo' build argument 'cmake_args' from command line to 'None'
[0.398s] Level 5:colcon.colcon_core.verb:set package 'turtlebot3_gazebo' build argument 'cmake_target' from command line to 'None'
[0.398s] Level 5:colcon.colcon_core.verb:set package 'turtlebot3_gazebo' build argument 'cmake_target_skip_unavailable' from command line to 'False'
[0.398s] Level 5:colcon.colcon_core.verb:set package 'turtlebot3_gazebo' build argument 'cmake_clean_cache' from command line to 'False'
[0.398s] Level 5:colcon.colcon_core.verb:set package 'turtlebot3_gazebo' build argument 'cmake_clean_first' from command line to 'False'
[0.398s] Level 5:colcon.colcon_core.verb:set package 'turtlebot3_gazebo' build argument 'cmake_force_configure' from command line to 'False'
[0.398s] Level 5:colcon.colcon_core.verb:set package 'turtlebot3_gazebo' build argument 'ament_cmake_args' from command line to 'None'
[0.398s] Level 5:colcon.colcon_core.verb:set package 'turtlebot3_gazebo' build argument 'catkin_cmake_args' from command line to 'None'
[0.398s] Level 5:colcon.colcon_core.verb:set package 'turtlebot3_gazebo' build argument 'catkin_skip_building_tests' from command line to 'False'
[0.398s] DEBUG:colcon.colcon_core.verb:Building package 'turtlebot3_gazebo' with the following arguments: {'ament_cmake_args': None, 'build_base': '/home/yusuf/turtlebot3_ws/build/turtlebot3_gazebo', 'catkin_cmake_args': None, 'catkin_skip_building_tests': False, 'cmake_args': None, 'cmake_clean_cache': False, 'cmake_clean_first': False, 'cmake_force_configure': False, 'cmake_target': None, 'cmake_target_skip_unavailable': False, 'install_base': '/home/yusuf/turtlebot3_ws/install/turtlebot3_gazebo', 'merge_install': False, 'path': '/home/yusuf/turtlebot3_ws/src/turtlebot3_simulations/turtlebot3_gazebo', 'symlink_install': False, 'test_result_base': None}
[0.398s] Level 5:colcon.colcon_core.verb:set package 'yusuf_ozyer' build argument 'cmake_args' from command line to 'None'
[0.398s] Level 5:colcon.colcon_core.verb:set package 'yusuf_ozyer' build argument 'cmake_target' from command line to 'None'
[0.398s] Level 5:colcon.colcon_core.verb:set package 'yusuf_ozyer' build argument 'cmake_target_skip_unavailable' from command line to 'False'
[0.398s] Level 5:colcon.colcon_core.verb:set package 'yusuf_ozyer' build argument 'cmake_clean_cache' from command line to 'False'
[0.398s] Level 5:colcon.colcon_core.verb:set package 'yusuf_ozyer' build argument 'cmake_clean_first' from command line to 'False'
[0.398s] Level 5:colcon.colcon_core.verb:set package 'yusuf_ozyer' build argument 'cmake_force_configure' from command line to 'False'
[0.398s] Level 5:colcon.colcon_core.verb:set package 'yusuf_ozyer' build argument 'ament_cmake_args' from command line to 'None'
[0.398s] Level 5:colcon.colcon_core.verb:set package 'yusuf_ozyer' build argument 'catkin_cmake_args' from command line to 'None'
[0.398s] Level 5:colcon.colcon_core.verb:set package 'yusuf_ozyer' build argument 'catkin_skip_building_tests' from command line to 'False'
[0.398s] DEBUG:colcon.colcon_core.verb:Building package 'yusuf_ozyer' with the following arguments: {'ament_cmake_args': None, 'build_base': '/home/yusuf/turtlebot3_ws/build/yusuf_ozyer', 'catkin_cmake_args': None, 'catkin_skip_building_tests': False, 'cmake_args': None, 'cmake_clean_cache': False, 'cmake_clean_first': False, 'cmake_force_configure': False, 'cmake_target': None, 'cmake_target_skip_unavailable': False, 'install_base': '/home/yusuf/turtlebot3_ws/install/yusuf_ozyer', 'merge_install': False, 'path': '/home/yusuf/turtlebot3_ws/yusuf_ozyer', 'symlink_install': False, 'test_result_base': None}
[0.399s] Level 5:colcon.colcon_core.verb:set package 'turtlebot3_simulations' build argument 'cmake_args' from command line to 'None'
[0.399s] Level 5:colcon.colcon_core.verb:set package 'turtlebot3_simulations' build argument 'cmake_target' from command line to 'None'
[0.399s] Level 5:colcon.colcon_core.verb:set package 'turtlebot3_simulations' build argument 'cmake_target_skip_unavailable' from command line to 'False'
[0.399s] Level 5:colcon.colcon_core.verb:set package 'turtlebot3_simulations' build argument 'cmake_clean_cache' from command line to 'False'
[0.399s] Level 5:colcon.colcon_core.verb:set package 'turtlebot3_simulations' build argument 'cmake_clean_first' from command line to 'False'
[0.399s] Level 5:colcon.colcon_core.verb:set package 'turtlebot3_simulations' build argument 'cmake_force_configure' from command line to 'False'
[0.399s] Level 5:colcon.colcon_core.verb:set package 'turtlebot3_simulations' build argument 'ament_cmake_args' from command line to 'None'
[0.399s] Level 5:colcon.colcon_core.verb:set package 'turtlebot3_simulations' build argument 'catkin_cmake_args' from command line to 'None'
[0.399s] Level 5:colcon.colcon_core.verb:set package 'turtlebot3_simulations' build argument 'catkin_skip_building_tests' from command line to 'False'
[0.399s] DEBUG:colcon.colcon_core.verb:Building package 'turtlebot3_simulations' with the following arguments: {'ament_cmake_args': None, 'build_base': '/home/yusuf/turtlebot3_ws/build/turtlebot3_simulations', 'catkin_cmake_args': None, 'catkin_skip_building_tests': False, 'cmake_args': None, 'cmake_clean_cache': False, 'cmake_clean_first': False, 'cmake_force_configure': False, 'cmake_target': None, 'cmake_target_skip_unavailable': False, 'install_base': '/home/yusuf/turtlebot3_ws/install/turtlebot3_simulations', 'merge_install': False, 'path': '/home/yusuf/turtlebot3_ws/src/turtlebot3_simulations/turtlebot3_simulations', 'symlink_install': False, 'test_result_base': None}
[0.399s] INFO:colcon.colcon_core.executor:Executing jobs using 'parallel' executor
[0.400s] DEBUG:colcon.colcon_parallel_executor.executor.parallel:run_until_complete
[0.401s] INFO:colcon.colcon_ros.task.ament_cmake.build:Building ROS package in '/home/yusuf/turtlebot3_ws/src/turtlebot3_simulations/turtlebot3_fake_node' with build type 'ament_cmake'
[0.401s] INFO:colcon.colcon_cmake.task.cmake.build:Building CMake package in '/home/yusuf/turtlebot3_ws/src/turtlebot3_simulations/turtlebot3_fake_node'
[0.403s] INFO:colcon.colcon_core.plugin_system:Skipping extension 'colcon_core.shell.bat': Not used on non-Windows systems
[0.403s] INFO:colcon.colcon_core.shell:Skip shell extension 'powershell' for command environment: Not usable outside of PowerShell
[0.403s] DEBUG:colcon.colcon_core.shell:Skip shell extension 'dsv' for command environment
[0.407s] INFO:colcon.colcon_ros.task.ament_cmake.build:Building ROS package in '/home/yusuf/turtlebot3_ws/src/turtlebot3_simulations/turtlebot3_gazebo' with build type 'ament_cmake'
[0.408s] INFO:colcon.colcon_cmake.task.cmake.build:Building CMake package in '/home/yusuf/turtlebot3_ws/src/turtlebot3_simulations/turtlebot3_gazebo'
[0.408s] INFO:colcon.colcon_core.shell:Skip shell extension 'powershell' for command environment: Not usable outside of PowerShell
[0.408s] DEBUG:colcon.colcon_core.shell:Skip shell extension 'dsv' for command environment
[0.411s] INFO:colcon.colcon_ros.task.ament_python.build:Building ROS package in '/home/yusuf/turtlebot3_ws/yusuf_ozyer' with build type 'ament_python'
[0.412s] Level 1:colcon.colcon_core.shell:create_environment_hook('yusuf_ozyer', 'ament_prefix_path')
[0.412s] INFO:colcon.colcon_core.shell:Creating environment hook '/home/yusuf/turtlebot3_ws/install/yusuf_ozyer/share/yusuf_ozyer/hook/ament_prefix_path.ps1'
[0.413s] INFO:colcon.colcon_core.shell:Creating environment descriptor '/home/yusuf/turtlebot3_ws/install/yusuf_ozyer/share/yusuf_ozyer/hook/ament_prefix_path.dsv'
[0.413s] INFO:colcon.colcon_core.shell:Creating environment hook '/home/yusuf/turtlebot3_ws/install/yusuf_ozyer/share/yusuf_ozyer/hook/ament_prefix_path.sh'
[0.414s] INFO:colcon.colcon_core.shell:Skip shell extension 'powershell' for command environment: Not usable outside of PowerShell
[0.414s] DEBUG:colcon.colcon_core.shell:Skip shell extension 'dsv' for command environment
[0.423s] DEBUG:colcon.colcon_core.event_handler.log_command:Invoking command in '/home/yusuf/turtlebot3_ws/build/turtlebot3_fake_node': CMAKE_PREFIX_PATH=${CMAKE_PREFIX_PATH}:/home/yusuf/turtlebot3_ws/install/yusuf_ozyer:/opt/ros/humble /usr/bin/cmake --build /home/yusuf/turtlebot3_ws/build/turtlebot3_fake_node -- -j8 -l8
[0.463s] DEBUG:colcon.colcon_core.event_handler.log_command:Invoking command in '/home/yusuf/turtlebot3_ws/build/turtlebot3_gazebo': CMAKE_PREFIX_PATH=${CMAKE_PREFIX_PATH}:/home/yusuf/turtlebot3_ws/install/yusuf_ozyer:/opt/ros/humble /usr/bin/cmake --build /home/yusuf/turtlebot3_ws/build/turtlebot3_gazebo -- -j8 -l8
[0.790s] INFO:colcon.colcon_core.task.python.build:Building Python package in '/home/yusuf/turtlebot3_ws/yusuf_ozyer'
[0.791s] INFO:colcon.colcon_core.shell:Skip shell extension 'powershell' for command environment: Not usable outside of PowerShell
[0.791s] DEBUG:colcon.colcon_core.shell:Skip shell extension 'dsv' for command environment
[0.796s] DEBUG:colcon.colcon_core.event_handler.log_command:Invoked command in '/home/yusuf/turtlebot3_ws/build/turtlebot3_gazebo' returned '0': CMAKE_PREFIX_PATH=${CMAKE_PREFIX_PATH}:/home/yusuf/turtlebot3_ws/install/yusuf_ozyer:/opt/ros/humble /usr/bin/cmake --build /home/yusuf/turtlebot3_ws/build/turtlebot3_gazebo -- -j8 -l8
[0.850s] DEBUG:colcon.colcon_core.event_handler.log_command:Invoking command in '/home/yusuf/turtlebot3_ws/build/turtlebot3_gazebo': CMAKE_PREFIX_PATH=${CMAKE_PREFIX_PATH}:/home/yusuf/turtlebot3_ws/install/yusuf_ozyer:/opt/ros/humble /usr/bin/cmake --install /home/yusuf/turtlebot3_ws/build/turtlebot3_gazebo
[0.888s] Level 1:colcon.colcon_core.environment:create_environment_scripts_only(turtlebot3_gazebo)
[0.889s] DEBUG:colcon.colcon_core.event_handler.log_command:Invoked command in '/home/yusuf/turtlebot3_ws/build/turtlebot3_gazebo' returned '0': CMAKE_PREFIX_PATH=${CMAKE_PREFIX_PATH}:/home/yusuf/turtlebot3_ws/install/yusuf_ozyer:/opt/ros/humble /usr/bin/cmake --install /home/yusuf/turtlebot3_ws/build/turtlebot3_gazebo
[0.892s] Level 1:colcon.colcon_core.environment:checking '/home/yusuf/turtlebot3_ws/install/turtlebot3_gazebo' for CMake module files
[0.892s] Level 1:colcon.colcon_core.environment:checking '/home/yusuf/turtlebot3_ws/install/turtlebot3_gazebo' for CMake config files
[0.893s] Level 1:colcon.colcon_core.shell:create_environment_hook('turtlebot3_gazebo', 'cmake_prefix_path')
[0.893s] INFO:colcon.colcon_core.shell:Creating environment hook '/home/yusuf/turtlebot3_ws/install/turtlebot3_gazebo/share/turtlebot3_gazebo/hook/cmake_prefix_path.ps1'
[0.894s] INFO:colcon.colcon_core.shell:Creating environment descriptor '/home/yusuf/turtlebot3_ws/install/turtlebot3_gazebo/share/turtlebot3_gazebo/hook/cmake_prefix_path.dsv'
[0.895s] INFO:colcon.colcon_core.shell:Creating environment hook '/home/yusuf/turtlebot3_ws/install/turtlebot3_gazebo/share/turtlebot3_gazebo/hook/cmake_prefix_path.sh'
[0.896s] Level 1:colcon.colcon_core.environment:checking '/home/yusuf/turtlebot3_ws/install/turtlebot3_gazebo/lib'
[0.896s] Level 1:colcon.colcon_core.environment:checking '/home/yusuf/turtlebot3_ws/install/turtlebot3_gazebo/bin'
[0.896s] Level 1:colcon.colcon_core.environment:checking '/home/yusuf/turtlebot3_ws/install/turtlebot3_gazebo/lib/pkgconfig/turtlebot3_gazebo.pc'
[0.897s] Level 1:colcon.colcon_core.environment:checking '/home/yusuf/turtlebot3_ws/install/turtlebot3_gazebo/lib/python3.10/site-packages'
[0.897s] Level 1:colcon.colcon_core.environment:checking '/home/yusuf/turtlebot3_ws/install/turtlebot3_gazebo/bin'
[0.898s] INFO:colcon.colcon_core.shell:Creating package script '/home/yusuf/turtlebot3_ws/install/turtlebot3_gazebo/share/turtlebot3_gazebo/package.ps1'
[0.899s] INFO:colcon.colcon_core.shell:Creating package descriptor '/home/yusuf/turtlebot3_ws/install/turtlebot3_gazebo/share/turtlebot3_gazebo/package.dsv'
[0.900s] INFO:colcon.colcon_core.shell:Creating package script '/home/yusuf/turtlebot3_ws/install/turtlebot3_gazebo/share/turtlebot3_gazebo/package.sh'
[0.901s] INFO:colcon.colcon_core.shell:Creating package script '/home/yusuf/turtlebot3_ws/install/turtlebot3_gazebo/share/turtlebot3_gazebo/package.bash'
[0.903s] INFO:colcon.colcon_core.shell:Creating package script '/home/yusuf/turtlebot3_ws/install/turtlebot3_gazebo/share/turtlebot3_gazebo/package.zsh'
[0.904s] Level 1:colcon.colcon_core.environment:create_file_with_runtime_dependencies(/home/yusuf/turtlebot3_ws/install/turtlebot3_gazebo/share/colcon-core/packages/turtlebot3_gazebo)
[0.947s] Level 1:colcon.colcon_core.environment:create_environment_scripts_only(turtlebot3_gazebo)
[0.947s] Level 1:colcon.colcon_core.environment:checking '/home/yusuf/turtlebot3_ws/install/turtlebot3_gazebo' for CMake module files
[0.948s] Level 1:colcon.colcon_core.environment:checking '/home/yusuf/turtlebot3_ws/install/turtlebot3_gazebo' for CMake config files
[0.949s] Level 1:colcon.colcon_core.shell:create_environment_hook('turtlebot3_gazebo', 'cmake_prefix_path')
[0.949s] INFO:colcon.colcon_core.shell:Creating environment hook '/home/yusuf/turtlebot3_ws/install/turtlebot3_gazebo/share/turtlebot3_gazebo/hook/cmake_prefix_path.ps1'
[0.950s] INFO:colcon.colcon_core.shell:Creating environment descriptor '/home/yusuf/turtlebot3_ws/install/turtlebot3_gazebo/share/turtlebot3_gazebo/hook/cmake_prefix_path.dsv'
[0.950s] INFO:colcon.colcon_core.shell:Creating environment hook '/home/yusuf/turtlebot3_ws/install/turtlebot3_gazebo/share/turtlebot3_gazebo/hook/cmake_prefix_path.sh'
[0.951s] Level 1:colcon.colcon_core.environment:checking '/home/yusuf/turtlebot3_ws/install/turtlebot3_gazebo/lib'
[0.951s] Level 1:colcon.colcon_core.environment:checking '/home/yusuf/turtlebot3_ws/install/turtlebot3_gazebo/bin'
[0.951s] Level 1:colcon.colcon_core.environment:checking '/home/yusuf/turtlebot3_ws/install/turtlebot3_gazebo/lib/pkgconfig/turtlebot3_gazebo.pc'
[0.952s] Level 1:colcon.colcon_core.environment:checking '/home/yusuf/turtlebot3_ws/install/turtlebot3_gazebo/lib/python3.10/site-packages'
[0.952s] Level 1:colcon.colcon_core.environment:checking '/home/yusuf/turtlebot3_ws/install/turtlebot3_gazebo/bin'
[0.952s] INFO:colcon.colcon_core.shell:Creating package script '/home/yusuf/turtlebot3_ws/install/turtlebot3_gazebo/share/turtlebot3_gazebo/package.ps1'
[0.953s] INFO:colcon.colcon_core.shell:Creating package descriptor '/home/yusuf/turtlebot3_ws/install/turtlebot3_gazebo/share/turtlebot3_gazebo/package.dsv'
[0.954s] INFO:colcon.colcon_core.shell:Creating package script '/home/yusuf/turtlebot3_ws/install/turtlebot3_gazebo/share/turtlebot3_gazebo/package.sh'
[0.955s] INFO:colcon.colcon_core.shell:Creating package script '/home/yusuf/turtlebot3_ws/install/turtlebot3_gazebo/share/turtlebot3_gazebo/package.bash'
[0.955s] INFO:colcon.colcon_core.shell:Creating package script '/home/yusuf/turtlebot3_ws/install/turtlebot3_gazebo/share/turtlebot3_gazebo/package.zsh'
[0.956s] Level 1:colcon.colcon_core.environment:create_file_with_runtime_dependencies(/home/yusuf/turtlebot3_ws/install/turtlebot3_gazebo/share/colcon-core/packages/turtlebot3_gazebo)
[1.210s] DEBUG:colcon.colcon_core.event_handler.log_command:Invoked command in '/home/yusuf/turtlebot3_ws/build/turtlebot3_fake_node' returned '0': CMAKE_PREFIX_PATH=${CMAKE_PREFIX_PATH}:/home/yusuf/turtlebot3_ws/install/yusuf_ozyer:/opt/ros/humble /usr/bin/cmake --build /home/yusuf/turtlebot3_ws/build/turtlebot3_fake_node -- -j8 -l8
[1.238s] DEBUG:colcon.colcon_core.event_handler.log_command:Invoking command in '/home/yusuf/turtlebot3_ws/build/turtlebot3_fake_node': CMAKE_PREFIX_PATH=${CMAKE_PREFIX_PATH}:/home/yusuf/turtlebot3_ws/install/yusuf_ozyer:/opt/ros/humble /usr/bin/cmake --install /home/yusuf/turtlebot3_ws/build/turtlebot3_fake_node
[1.247s] DEBUG:colcon.colcon_core.event_handler.log_command:Invoking command in '/home/yusuf/turtlebot3_ws/yusuf_ozyer': PYTHONPATH=/home/yusuf/turtlebot3_ws/build/yusuf_ozyer/prefix_override:/usr/lib/python3/dist-packages/colcon_core/task/python/colcon_distutils_commands:/home/yusuf/turtlebot3_ws/install/yusuf_ozyer/lib/python3.10/site-packages:${PYTHONPATH} /usr/bin/python3 -W ignore:setup.py install is deprecated setup.py egg_info --egg-base ../build/yusuf_ozyer build --build-base /home/yusuf/turtlebot3_ws/build/yusuf_ozyer/build install --record /home/yusuf/turtlebot3_ws/build/yusuf_ozyer/install.log --single-version-externally-managed install_data
[1.262s] Level 1:colcon.colcon_core.environment:create_environment_scripts_only(turtlebot3_fake_node)
[1.262s] Level 1:colcon.colcon_core.environment:checking '/home/yusuf/turtlebot3_ws/install/turtlebot3_fake_node' for CMake module files
[1.263s] DEBUG:colcon.colcon_core.event_handler.log_command:Invoked command in '/home/yusuf/turtlebot3_ws/build/turtlebot3_fake_node' returned '0': CMAKE_PREFIX_PATH=${CMAKE_PREFIX_PATH}:/home/yusuf/turtlebot3_ws/install/yusuf_ozyer:/opt/ros/humble /usr/bin/cmake --install /home/yusuf/turtlebot3_ws/build/turtlebot3_fake_node
[1.263s] Level 1:colcon.colcon_core.environment:checking '/home/yusuf/turtlebot3_ws/install/turtlebot3_fake_node' for CMake config files
[1.263s] Level 1:colcon.colcon_core.shell:create_environment_hook('turtlebot3_fake_node', 'cmake_prefix_path')
[1.264s] INFO:colcon.colcon_core.shell:Creating environment hook '/home/yusuf/turtlebot3_ws/install/turtlebot3_fake_node/share/turtlebot3_fake_node/hook/cmake_prefix_path.ps1'
[1.264s] INFO:colcon.colcon_core.shell:Creating environment descriptor '/home/yusuf/turtlebot3_ws/install/turtlebot3_fake_node/share/turtlebot3_fake_node/hook/cmake_prefix_path.dsv'
[1.264s] INFO:colcon.colcon_core.shell:Creating environment hook '/home/yusuf/turtlebot3_ws/install/turtlebot3_fake_node/share/turtlebot3_fake_node/hook/cmake_prefix_path.sh'
[1.265s] Level 1:colcon.colcon_core.environment:checking '/home/yusuf/turtlebot3_ws/install/turtlebot3_fake_node/lib'
[1.265s] Level 1:colcon.colcon_core.environment:checking '/home/yusuf/turtlebot3_ws/install/turtlebot3_fake_node/bin'
[1.265s] Level 1:colcon.colcon_core.environment:checking '/home/yusuf/turtlebot3_ws/install/turtlebot3_fake_node/lib/pkgconfig/turtlebot3_fake_node.pc'
[1.265s] Level 1:colcon.colcon_core.environment:checking '/home/yusuf/turtlebot3_ws/install/turtlebot3_fake_node/lib/python3.10/site-packages'
[1.266s] Level 1:colcon.colcon_core.environment:checking '/home/yusuf/turtlebot3_ws/install/turtlebot3_fake_node/bin'
[1.266s] INFO:colcon.colcon_core.shell:Creating package script '/home/yusuf/turtlebot3_ws/install/turtlebot3_fake_node/share/turtlebot3_fake_node/package.ps1'
[1.266s] INFO:colcon.colcon_core.shell:Creating package descriptor '/home/yusuf/turtlebot3_ws/install/turtlebot3_fake_node/share/turtlebot3_fake_node/package.dsv'
[1.267s] INFO:colcon.colcon_core.shell:Creating package script '/home/yusuf/turtlebot3_ws/install/turtlebot3_fake_node/share/turtlebot3_fake_node/package.sh'
[1.267s] INFO:colcon.colcon_core.shell:Creating package script '/home/yusuf/turtlebot3_ws/install/turtlebot3_fake_node/share/turtlebot3_fake_node/package.bash'
[1.267s] INFO:colcon.colcon_core.shell:Creating package script '/home/yusuf/turtlebot3_ws/install/turtlebot3_fake_node/share/turtlebot3_fake_node/package.zsh'
[1.268s] Level 1:colcon.colcon_core.environment:create_file_with_runtime_dependencies(/home/yusuf/turtlebot3_ws/install/turtlebot3_fake_node/share/colcon-core/packages/turtlebot3_fake_node)
[1.293s] Level 1:colcon.colcon_core.environment:create_environment_scripts_only(turtlebot3_fake_node)
[1.293s] Level 1:colcon.colcon_core.environment:checking '/home/yusuf/turtlebot3_ws/install/turtlebot3_fake_node' for CMake module files
[1.293s] Level 1:colcon.colcon_core.environment:checking '/home/yusuf/turtlebot3_ws/install/turtlebot3_fake_node' for CMake config files
[1.294s] Level 1:colcon.colcon_core.shell:create_environment_hook('turtlebot3_fake_node', 'cmake_prefix_path')
[1.294s] INFO:colcon.colcon_core.shell:Creating environment hook '/home/yusuf/turtlebot3_ws/install/turtlebot3_fake_node/share/turtlebot3_fake_node/hook/cmake_prefix_path.ps1'
[1.294s] INFO:colcon.colcon_core.shell:Creating environment descriptor '/home/yusuf/turtlebot3_ws/install/turtlebot3_fake_node/share/turtlebot3_fake_node/hook/cmake_prefix_path.dsv'
[1.295s] INFO:colcon.colcon_core.shell:Creating environment hook '/home/yusuf/turtlebot3_ws/install/turtlebot3_fake_node/share/turtlebot3_fake_node/hook/cmake_prefix_path.sh'
[1.295s] Level 1:colcon.colcon_core.environment:checking '/home/yusuf/turtlebot3_ws/install/turtlebot3_fake_node/lib'
[1.295s] Level 1:colcon.colcon_core.environment:checking '/home/yusuf/turtlebot3_ws/install/turtlebot3_fake_node/bin'
[1.295s] Level 1:colcon.colcon_core.environment:checking '/home/yusuf/turtlebot3_ws/install/turtlebot3_fake_node/lib/pkgconfig/turtlebot3_fake_node.pc'
[1.296s] Level 1:colcon.colcon_core.environment:checking '/home/yusuf/turtlebot3_ws/install/turtlebot3_fake_node/lib/python3.10/site-packages'
[1.296s] Level 1:colcon.colcon_core.environment:checking '/home/yusuf/turtlebot3_ws/install/turtlebot3_fake_node/bin'
[1.296s] INFO:colcon.colcon_core.shell:Creating package script '/home/yusuf/turtlebot3_ws/install/turtlebot3_fake_node/share/turtlebot3_fake_node/package.ps1'
[1.297s] INFO:colcon.colcon_core.shell:Creating package descriptor '/home/yusuf/turtlebot3_ws/install/turtlebot3_fake_node/share/turtlebot3_fake_node/package.dsv'
[1.297s] INFO:colcon.colcon_core.shell:Creating package script '/home/yusuf/turtlebot3_ws/install/turtlebot3_fake_node/share/turtlebot3_fake_node/package.sh'
[1.298s] INFO:colcon.colcon_core.shell:Creating package script '/home/yusuf/turtlebot3_ws/install/turtlebot3_fake_node/share/turtlebot3_fake_node/package.bash'
[1.298s] INFO:colcon.colcon_core.shell:Creating package script '/home/yusuf/turtlebot3_ws/install/turtlebot3_fake_node/share/turtlebot3_fake_node/package.zsh'
[1.299s] Level 1:colcon.colcon_core.environment:create_file_with_runtime_dependencies(/home/yusuf/turtlebot3_ws/install/turtlebot3_fake_node/share/colcon-core/packages/turtlebot3_fake_node)
[1.299s] INFO:colcon.colcon_ros.task.ament_cmake.build:Building ROS package in '/home/yusuf/turtlebot3_ws/src/turtlebot3_simulations/turtlebot3_simulations' with build type 'ament_cmake'
[1.299s] INFO:colcon.colcon_cmake.task.cmake.build:Building CMake package in '/home/yusuf/turtlebot3_ws/src/turtlebot3_simulations/turtlebot3_simulations'
[1.299s] INFO:colcon.colcon_core.shell:Skip shell extension 'powershell' for command environment: Not usable outside of PowerShell
[1.299s] DEBUG:colcon.colcon_core.shell:Skip shell extension 'dsv' for command environment
[1.310s] DEBUG:colcon.colcon_core.event_handler.log_command:Invoking command in '/home/yusuf/turtlebot3_ws/build/turtlebot3_simulations': CMAKE_PREFIX_PATH=/home/yusuf/turtlebot3_ws/install/turtlebot3_gazebo:/home/yusuf/turtlebot3_ws/install/turtlebot3_fake_node:/home/yusuf/turtlebot3_ws/install/turtlebot3_simulations:/home/yusuf/turtlebot3_ws/install/yusuf_ozyer:/opt/ros/humble /usr/bin/cmake --build /home/yusuf/turtlebot3_ws/build/turtlebot3_simulations -- -j8 -l8
[1.558s] DEBUG:colcon.colcon_core.event_handler.log_command:Invoked command in '/home/yusuf/turtlebot3_ws/build/turtlebot3_simulations' returned '0': CMAKE_PREFIX_PATH=/home/yusuf/turtlebot3_ws/install/turtlebot3_gazebo:/home/yusuf/turtlebot3_ws/install/turtlebot3_fake_node:/home/yusuf/turtlebot3_ws/install/turtlebot3_simulations:/home/yusuf/turtlebot3_ws/install/yusuf_ozyer:/opt/ros/humble /usr/bin/cmake --build /home/yusuf/turtlebot3_ws/build/turtlebot3_simulations -- -j8 -l8
[1.567s] Level 1:colcon.colcon_core.environment:checking '/home/yusuf/turtlebot3_ws/install/yusuf_ozyer' for CMake module files
[1.567s] DEBUG:colcon.colcon_core.event_handler.log_command:Invoked command in '/home/yusuf/turtlebot3_ws/yusuf_ozyer' returned '0': PYTHONPATH=/home/yusuf/turtlebot3_ws/build/yusuf_ozyer/prefix_override:/usr/lib/python3/dist-packages/colcon_core/task/python/colcon_distutils_commands:/home/yusuf/turtlebot3_ws/install/yusuf_ozyer/lib/python3.10/site-packages:${PYTHONPATH} /usr/bin/python3 -W ignore:setup.py install is deprecated setup.py egg_info --egg-base ../build/yusuf_ozyer build --build-base /home/yusuf/turtlebot3_ws/build/yusuf_ozyer/build install --record /home/yusuf/turtlebot3_ws/build/yusuf_ozyer/install.log --single-version-externally-managed install_data
[1.567s] Level 1:colcon.colcon_core.environment:checking '/home/yusuf/turtlebot3_ws/install/yusuf_ozyer' for CMake config files
[1.568s] Level 1:colcon.colcon_core.environment:checking '/home/yusuf/turtlebot3_ws/install/yusuf_ozyer/lib'
[1.568s] Level 1:colcon.colcon_core.environment:checking '/home/yusuf/turtlebot3_ws/install/yusuf_ozyer/bin'
[1.568s] Level 1:colcon.colcon_core.environment:checking '/home/yusuf/turtlebot3_ws/install/yusuf_ozyer/lib/pkgconfig/yusuf_ozyer.pc'
[1.568s] Level 1:colcon.colcon_core.environment:checking '/home/yusuf/turtlebot3_ws/install/yusuf_ozyer/lib/python3.10/site-packages'
[1.568s] Level 1:colcon.colcon_core.shell:create_environment_hook('yusuf_ozyer', 'pythonpath')
[1.569s] INFO:colcon.colcon_core.shell:Creating environment hook '/home/yusuf/turtlebot3_ws/install/yusuf_ozyer/share/yusuf_ozyer/hook/pythonpath.ps1'
[1.569s] INFO:colcon.colcon_core.shell:Creating environment descriptor '/home/yusuf/turtlebot3_ws/install/yusuf_ozyer/share/yusuf_ozyer/hook/pythonpath.dsv'
[1.570s] INFO:colcon.colcon_core.shell:Creating environment hook '/home/yusuf/turtlebot3_ws/install/yusuf_ozyer/share/yusuf_ozyer/hook/pythonpath.sh'
[1.570s] Level 1:colcon.colcon_core.environment:checking '/home/yusuf/turtlebot3_ws/install/yusuf_ozyer/bin'
[1.570s] Level 1:colcon.colcon_core.environment:create_environment_scripts_only(yusuf_ozyer)
[1.570s] INFO:colcon.colcon_core.shell:Creating package script '/home/yusuf/turtlebot3_ws/install/yusuf_ozyer/share/yusuf_ozyer/package.ps1'
[1.571s] INFO:colcon.colcon_core.shell:Creating package descriptor '/home/yusuf/turtlebot3_ws/install/yusuf_ozyer/share/yusuf_ozyer/package.dsv'
[1.571s] INFO:colcon.colcon_core.shell:Creating package script '/home/yusuf/turtlebot3_ws/install/yusuf_ozyer/share/yusuf_ozyer/package.sh'
[1.572s] INFO:colcon.colcon_core.shell:Creating package script '/home/yusuf/turtlebot3_ws/install/yusuf_ozyer/share/yusuf_ozyer/package.bash'
[1.572s] INFO:colcon.colcon_core.shell:Creating package script '/home/yusuf/turtlebot3_ws/install/yusuf_ozyer/share/yusuf_ozyer/package.zsh'
[1.573s] Level 1:colcon.colcon_core.environment:create_file_with_runtime_dependencies(/home/yusuf/turtlebot3_ws/install/yusuf_ozyer/share/colcon-core/packages/yusuf_ozyer)
[1.579s] DEBUG:colcon.colcon_core.event_handler.log_command:Invoking command in '/home/yusuf/turtlebot3_ws/build/turtlebot3_simulations': CMAKE_PREFIX_PATH=/home/yusuf/turtlebot3_ws/install/turtlebot3_gazebo:/home/yusuf/turtlebot3_ws/install/turtlebot3_fake_node:/home/yusuf/turtlebot3_ws/install/turtlebot3_simulations:/home/yusuf/turtlebot3_ws/install/yusuf_ozyer:/opt/ros/humble /usr/bin/cmake --install /home/yusuf/turtlebot3_ws/build/turtlebot3_simulations
[1.599s] Level 1:colcon.colcon_core.environment:create_environment_scripts_only(turtlebot3_simulations)
[1.599s] Level 1:colcon.colcon_core.environment:checking '/home/yusuf/turtlebot3_ws/install/turtlebot3_simulations' for CMake module files
[1.599s] DEBUG:colcon.colcon_core.event_handler.log_command:Invoked command in '/home/yusuf/turtlebot3_ws/build/turtlebot3_simulations' returned '0': CMAKE_PREFIX_PATH=/home/yusuf/turtlebot3_ws/install/turtlebot3_gazebo:/home/yusuf/turtlebot3_ws/install/turtlebot3_fake_node:/home/yusuf/turtlebot3_ws/install/turtlebot3_simulations:/home/yusuf/turtlebot3_ws/install/yusuf_ozyer:/opt/ros/humble /usr/bin/cmake --install /home/yusuf/turtlebot3_ws/build/turtlebot3_simulations
[1.600s] Level 1:colcon.colcon_core.environment:checking '/home/yusuf/turtlebot3_ws/install/turtlebot3_simulations' for CMake config files
[1.600s] Level 1:colcon.colcon_core.shell:create_environment_hook('turtlebot3_simulations', 'cmake_prefix_path')
[1.600s] INFO:colcon.colcon_core.shell:Creating environment hook '/home/yusuf/turtlebot3_ws/install/turtlebot3_simulations/share/turtlebot3_simulations/hook/cmake_prefix_path.ps1'
[1.601s] INFO:colcon.colcon_core.shell:Creating environment descriptor '/home/yusuf/turtlebot3_ws/install/turtlebot3_simulations/share/turtlebot3_simulations/hook/cmake_prefix_path.dsv'
[1.601s] INFO:colcon.colcon_core.shell:Creating environment hook '/home/yusuf/turtlebot3_ws/install/turtlebot3_simulations/share/turtlebot3_simulations/hook/cmake_prefix_path.sh'
[1.601s] Level 1:colcon.colcon_core.environment:checking '/home/yusuf/turtlebot3_ws/install/turtlebot3_simulations/bin'
[1.601s] Level 1:colcon.colcon_core.environment:checking '/home/yusuf/turtlebot3_ws/install/turtlebot3_simulations/lib/pkgconfig/turtlebot3_simulations.pc'
[1.602s] Level 1:colcon.colcon_core.environment:checking '/home/yusuf/turtlebot3_ws/install/turtlebot3_simulations/lib/python3.10/site-packages'
[1.602s] Level 1:colcon.colcon_core.environment:checking '/home/yusuf/turtlebot3_ws/install/turtlebot3_simulations/bin'
[1.602s] INFO:colcon.colcon_core.shell:Creating package script '/home/yusuf/turtlebot3_ws/install/turtlebot3_simulations/share/turtlebot3_simulations/package.ps1'
[1.603s] INFO:colcon.colcon_core.shell:Creating package descriptor '/home/yusuf/turtlebot3_ws/install/turtlebot3_simulations/share/turtlebot3_simulations/package.dsv'
[1.603s] INFO:colcon.colcon_core.shell:Creating package script '/home/yusuf/turtlebot3_ws/install/turtlebot3_simulations/share/turtlebot3_simulations/package.sh'
[1.604s] INFO:colcon.colcon_core.shell:Creating package script '/home/yusuf/turtlebot3_ws/install/turtlebot3_simulations/share/turtlebot3_simulations/package.bash'
[1.604s] INFO:colcon.colcon_core.shell:Creating package script '/home/yusuf/turtlebot3_ws/install/turtlebot3_simulations/share/turtlebot3_simulations/package.zsh'
[1.604s] Level 1:colcon.colcon_core.environment:create_file_with_runtime_dependencies(/home/yusuf/turtlebot3_ws/install/turtlebot3_simulations/share/colcon-core/packages/turtlebot3_simulations)
[1.625s] Level 1:colcon.colcon_core.environment:create_environment_scripts_only(turtlebot3_simulations)
[1.625s] Level 1:colcon.colcon_core.environment:checking '/home/yusuf/turtlebot3_ws/install/turtlebot3_simulations' for CMake module files
[1.625s] Level 1:colcon.colcon_core.environment:checking '/home/yusuf/turtlebot3_ws/install/turtlebot3_simulations' for CMake config files
[1.626s] Level 1:colcon.colcon_core.shell:create_environment_hook('turtlebot3_simulations', 'cmake_prefix_path')
[1.626s] INFO:colcon.colcon_core.shell:Creating environment hook '/home/yusuf/turtlebot3_ws/install/turtlebot3_simulations/share/turtlebot3_simulations/hook/cmake_prefix_path.ps1'
[1.626s] INFO:colcon.colcon_core.shell:Creating environment descriptor '/home/yusuf/turtlebot3_ws/install/turtlebot3_simulations/share/turtlebot3_simulations/hook/cmake_prefix_path.dsv'
[1.627s] INFO:colcon.colcon_core.shell:Creating environment hook '/home/yusuf/turtlebot3_ws/install/turtlebot3_simulations/share/turtlebot3_simulations/hook/cmake_prefix_path.sh'
[1.627s] Level 1:colcon.colcon_core.environment:checking '/home/yusuf/turtlebot3_ws/install/turtlebot3_simulations/bin'
[1.627s] Level 1:colcon.colcon_core.environment:checking '/home/yusuf/turtlebot3_ws/install/turtlebot3_simulations/lib/pkgconfig/turtlebot3_simulations.pc'
[1.627s] Level 1:colcon.colcon_core.environment:checking '/home/yusuf/turtlebot3_ws/install/turtlebot3_simulations/lib/python3.10/site-packages'
[1.628s] Level 1:colcon.colcon_core.environment:checking '/home/yusuf/turtlebot3_ws/install/turtlebot3_simulations/bin'
[1.628s] INFO:colcon.colcon_core.shell:Creating package script '/home/yusuf/turtlebot3_ws/install/turtlebot3_simulations/share/turtlebot3_simulations/package.ps1'
[1.629s] INFO:colcon.colcon_core.shell:Creating package descriptor '/home/yusuf/turtlebot3_ws/install/turtlebot3_simulations/share/turtlebot3_simulations/package.dsv'
[1.629s] INFO:colcon.colcon_core.shell:Creating package script '/home/yusuf/turtlebot3_ws/install/turtlebot3_simulations/share/turtlebot3_simulations/package.sh'
[1.629s] INFO:colcon.colcon_core.shell:Creating package script '/home/yusuf/turtlebot3_ws/install/turtlebot3_simulations/share/turtlebot3_simulations/package.bash'
[1.630s] INFO:colcon.colcon_core.shell:Creating package script '/home/yusuf/turtlebot3_ws/install/turtlebot3_simulations/share/turtlebot3_simulations/package.zsh'
[1.631s] Level 1:colcon.colcon_core.environment:create_file_with_runtime_dependencies(/home/yusuf/turtlebot3_ws/install/turtlebot3_simulations/share/colcon-core/packages/turtlebot3_simulations)
[1.631s] DEBUG:colcon.colcon_parallel_executor.executor.parallel:closing loop
[1.631s] DEBUG:colcon.colcon_parallel_executor.executor.parallel:loop closed
[1.631s] DEBUG:colcon.colcon_parallel_executor.executor.parallel:run_until_complete finished with '0'
[1.631s] DEBUG:colcon.colcon_core.event_reactor:joining thread
[1.638s] INFO:colcon.colcon_core.plugin_system:Skipping extension 'colcon_notification.desktop_notification.terminal_notifier': Not used on non-Darwin systems
[1.638s] INFO:colcon.colcon_core.plugin_system:Skipping extension 'colcon_notification.desktop_notification.win32': Not used on non-Windows systems
[1.638s] INFO:colcon.colcon_notification.desktop_notification:Sending desktop notification using 'notify2'
[1.645s] DEBUG:colcon.colcon_core.event_reactor:joined thread
[1.645s] INFO:colcon.colcon_core.shell:Creating prefix script '/home/yusuf/turtlebot3_ws/install/local_setup.ps1'
[1.646s] INFO:colcon.colcon_core.shell:Creating prefix util module '/home/yusuf/turtlebot3_ws/install/_local_setup_util_ps1.py'
[1.648s] INFO:colcon.colcon_core.shell:Creating prefix chain script '/home/yusuf/turtlebot3_ws/install/setup.ps1'
[1.649s] INFO:colcon.colcon_core.shell:Creating prefix script '/home/yusuf/turtlebot3_ws/install/local_setup.sh'
[1.650s] INFO:colcon.colcon_core.shell:Creating prefix util module '/home/yusuf/turtlebot3_ws/install/_local_setup_util_sh.py'
[1.651s] INFO:colcon.colcon_core.shell:Creating prefix chain script '/home/yusuf/turtlebot3_ws/install/setup.sh'
[1.652s] INFO:colcon.colcon_core.shell:Creating prefix script '/home/yusuf/turtlebot3_ws/install/local_setup.bash'
[1.652s] INFO:colcon.colcon_core.shell:Creating prefix chain script '/home/yusuf/turtlebot3_ws/install/setup.bash'
[1.654s] INFO:colcon.colcon_core.shell:Creating prefix script '/home/yusuf/turtlebot3_ws/install/local_setup.zsh'
[1.654s] INFO:colcon.colcon_core.shell:Creating prefix chain script '/home/yusuf/turtlebot3_ws/install/setup.zsh'
