[0.134s] DEBUG:colcon:Command line arguments: ['/usr/bin/colcon', 'build']
[0.134s] DEBUG:colcon:Parsed command line arguments: Namespace(log_base=None, log_level=None, verb_name='build', build_base='build', install_base='install', merge_install=False, symlink_install=False, test_result_base=None, continue_on_error=False, executor='parallel', parallel_workers=8, event_handlers=None, ignore_user_meta=False, metas=['./colcon.meta'], base_paths=['.'], packages_ignore=None, packages_ignore_regex=None, paths=None, packages_up_to=None, packages_up_to_regex=None, packages_above=None, packages_above_and_dependencies=None, packages_above_depth=None, packages_select_by_dep=None, packages_skip_by_dep=None, packages_skip_up_to=None, packages_select_build_failed=False, packages_skip_build_finished=False, packages_select_test_failures=False, packages_skip_test_passed=False, packages_select=None, packages_skip=None, packages_select_regex=None, packages_skip_regex=None, packages_start=None, packages_end=None, allow_overriding=[], cmake_args=None, cmake_target=None, cmake_target_skip_unavailable=False, cmake_clean_cache=False, cmake_clean_first=False, cmake_force_configure=False, ament_cmake_args=None, catkin_cmake_args=None, catkin_skip_building_tests=False, verb_parser=<colcon_defaults.argument_parser.defaults.DefaultArgumentsDecorator object at 0x7d3dc753d1b0>, verb_extension=<colcon_core.verb.build.BuildVerb object at 0x7d3dc753cca0>, main=<bound method BuildVerb.main of <colcon_core.verb.build.BuildVerb object at 0x7d3dc753cca0>>)
[0.318s] Level 1:colcon.colcon_core.package_discovery:discover_packages(colcon_meta) check parameters
[0.318s] Level 1:colcon.colcon_core.package_discovery:discover_packages(recursive) check parameters
[0.318s] Level 1:colcon.colcon_core.package_discovery:discover_packages(ignore) check parameters
[0.318s] Level 1:colcon.colcon_core.package_discovery:discover_packages(path) check parameters
[0.318s] Level 1:colcon.colcon_core.package_discovery:discover_packages(colcon_meta) discover
[0.318s] Level 1:colcon.colcon_core.package_discovery:discover_packages(recursive) discover
[0.318s] INFO:colcon.colcon_core.package_discovery:Crawling recursively for packages in '/home/yusuf/turtlebot3_ws'
[0.318s] Level 1:colcon.colcon_core.package_identification:_identify(.) by extensions ['ignore', 'ignore_ament_install']
[0.318s] Level 1:colcon.colcon_core.package_identification:_identify(.) by extension 'ignore'
[0.318s] Level 1:colcon.colcon_core.package_identification:_identify(.) by extension 'ignore_ament_install'
[0.318s] Level 1:colcon.colcon_core.package_identification:_identify(.) by extensions ['colcon_pkg']
[0.318s] Level 1:colcon.colcon_core.package_identification:_identify(.) by extension 'colcon_pkg'
[0.318s] Level 1:colcon.colcon_core.package_identification:_identify(.) by extensions ['colcon_meta']
[0.318s] Level 1:colcon.colcon_core.package_identification:_identify(.) by extension 'colcon_meta'
[0.318s] Level 1:colcon.colcon_core.package_identification:_identify(.) by extensions ['ros']
[0.318s] Level 1:colcon.colcon_core.package_identification:_identify(.) by extension 'ros'
[0.329s] Level 1:colcon.colcon_core.package_identification:_identify(.) by extensions ['cmake', 'python']
[0.329s] Level 1:colcon.colcon_core.package_identification:_identify(.) by extension 'cmake'
[0.329s] Level 1:colcon.colcon_core.package_identification:_identify(.) by extension 'python'
[0.329s] Level 1:colcon.colcon_core.package_identification:_identify(.) by extensions ['python_setup_py']
[0.329s] Level 1:colcon.colcon_core.package_identification:_identify(.) by extension 'python_setup_py'
[0.329s] Level 1:colcon.colcon_core.package_identification:_identify(build) by extensions ['ignore', 'ignore_ament_install']
[0.329s] Level 1:colcon.colcon_core.package_identification:_identify(build) by extension 'ignore'
[0.329s] Level 1:colcon.colcon_core.package_identification:_identify(build) ignored
[0.329s] Level 1:colcon.colcon_core.package_identification:_identify(install) by extensions ['ignore', 'ignore_ament_install']
[0.330s] Level 1:colcon.colcon_core.package_identification:_identify(install) by extension 'ignore'
[0.330s] Level 1:colcon.colcon_core.package_identification:_identify(install) ignored
[0.330s] Level 1:colcon.colcon_core.package_identification:_identify(log) by extensions ['ignore', 'ignore_ament_install']
[0.330s] Level 1:colcon.colcon_core.package_identification:_identify(log) by extension 'ignore'
[0.330s] Level 1:colcon.colcon_core.package_identification:_identify(log) ignored
[0.330s] Level 1:colcon.colcon_core.package_identification:_identify(src) by extensions ['ignore', 'ignore_ament_install']
[0.330s] Level 1:colcon.colcon_core.package_identification:_identify(src) by extension 'ignore'
[0.330s] Level 1:colcon.colcon_core.package_identification:_identify(src) by extension 'ignore_ament_install'
[0.330s] Level 1:colcon.colcon_core.package_identification:_identify(src) by extensions ['colcon_pkg']
[0.330s] Level 1:colcon.colcon_core.package_identification:_identify(src) by extension 'colcon_pkg'
[0.330s] Level 1:colcon.colcon_core.package_identification:_identify(src) by extensions ['colcon_meta']
[0.330s] Level 1:colcon.colcon_core.package_identification:_identify(src) by extension 'colcon_meta'
[0.330s] Level 1:colcon.colcon_core.package_identification:_identify(src) by extensions ['ros']
[0.330s] Level 1:colcon.colcon_core.package_identification:_identify(src) by extension 'ros'
[0.330s] Level 1:colcon.colcon_core.package_identification:_identify(src) by extensions ['cmake', 'python']
[0.330s] Level 1:colcon.colcon_core.package_identification:_identify(src) by extension 'cmake'
[0.330s] Level 1:colcon.colcon_core.package_identification:_identify(src) by extension 'python'
[0.330s] Level 1:colcon.colcon_core.package_identification:_identify(src) by extensions ['python_setup_py']
[0.331s] Level 1:colcon.colcon_core.package_identification:_identify(src) by extension 'python_setup_py'
[0.331s] Level 1:colcon.colcon_core.package_identification:_identify(src/build) by extensions ['ignore', 'ignore_ament_install']
[0.331s] Level 1:colcon.colcon_core.package_identification:_identify(src/build) by extension 'ignore'
[0.331s] Level 1:colcon.colcon_core.package_identification:_identify(src/build) ignored
[0.331s] Level 1:colcon.colcon_core.package_identification:_identify(src/install) by extensions ['ignore', 'ignore_ament_install']
[0.331s] Level 1:colcon.colcon_core.package_identification:_identify(src/install) by extension 'ignore'
[0.331s] Level 1:colcon.colcon_core.package_identification:_identify(src/install) ignored
[0.331s] Level 1:colcon.colcon_core.package_identification:_identify(src/log) by extensions ['ignore', 'ignore_ament_install']
[0.331s] Level 1:colcon.colcon_core.package_identification:_identify(src/log) by extension 'ignore'
[0.331s] Level 1:colcon.colcon_core.package_identification:_identify(src/log) ignored
[0.331s] Level 1:colcon.colcon_core.package_identification:_identify(src/turtlebot3_simulations) by extensions ['ignore', 'ignore_ament_install']
[0.331s] Level 1:colcon.colcon_core.package_identification:_identify(src/turtlebot3_simulations) by extension 'ignore'
[0.331s] Level 1:colcon.colcon_core.package_identification:_identify(src/turtlebot3_simulations) by extension 'ignore_ament_install'
[0.331s] Level 1:colcon.colcon_core.package_identification:_identify(src/turtlebot3_simulations) by extensions ['colcon_pkg']
[0.331s] Level 1:colcon.colcon_core.package_identification:_identify(src/turtlebot3_simulations) by extension 'colcon_pkg'
[0.331s] Level 1:colcon.colcon_core.package_identification:_identify(src/turtlebot3_simulations) by extensions ['colcon_meta']
[0.332s] Level 1:colcon.colcon_core.package_identification:_identify(src/turtlebot3_simulations) by extension 'colcon_meta'
[0.332s] Level 1:colcon.colcon_core.package_identification:_identify(src/turtlebot3_simulations) by extensions ['ros']
[0.332s] Level 1:colcon.colcon_core.package_identification:_identify(src/turtlebot3_simulations) by extension 'ros'
[0.332s] Level 1:colcon.colcon_core.package_identification:_identify(src/turtlebot3_simulations) by extensions ['cmake', 'python']
[0.332s] Level 1:colcon.colcon_core.package_identification:_identify(src/turtlebot3_simulations) by extension 'cmake'
[0.332s] Level 1:colcon.colcon_core.package_identification:_identify(src/turtlebot3_simulations) by extension 'python'
[0.332s] Level 1:colcon.colcon_core.package_identification:_identify(src/turtlebot3_simulations) by extensions ['python_setup_py']
[0.332s] Level 1:colcon.colcon_core.package_identification:_identify(src/turtlebot3_simulations) by extension 'python_setup_py'
[0.332s] Level 1:colcon.colcon_core.package_identification:_identify(src/turtlebot3_simulations/turtlebot3_fake_node) by extensions ['ignore', 'ignore_ament_install']
[0.332s] Level 1:colcon.colcon_core.package_identification:_identify(src/turtlebot3_simulations/turtlebot3_fake_node) by extension 'ignore'
[0.332s] Level 1:colcon.colcon_core.package_identification:_identify(src/turtlebot3_simulations/turtlebot3_fake_node) by extension 'ignore_ament_install'
[0.332s] Level 1:colcon.colcon_core.package_identification:_identify(src/turtlebot3_simulations/turtlebot3_fake_node) by extensions ['colcon_pkg']
[0.332s] Level 1:colcon.colcon_core.package_identification:_identify(src/turtlebot3_simulations/turtlebot3_fake_node) by extension 'colcon_pkg'
[0.332s] Level 1:colcon.colcon_core.package_identification:_identify(src/turtlebot3_simulations/turtlebot3_fake_node) by extensions ['colcon_meta']
[0.332s] Level 1:colcon.colcon_core.package_identification:_identify(src/turtlebot3_simulations/turtlebot3_fake_node) by extension 'colcon_meta'
[0.332s] Level 1:colcon.colcon_core.package_identification:_identify(src/turtlebot3_simulations/turtlebot3_fake_node) by extensions ['ros']
[0.332s] Level 1:colcon.colcon_core.package_identification:_identify(src/turtlebot3_simulations/turtlebot3_fake_node) by extension 'ros'
[0.335s] DEBUG:colcon.colcon_core.package_identification:Package 'src/turtlebot3_simulations/turtlebot3_fake_node' with type 'ros.ament_cmake' and name 'turtlebot3_fake_node'
[0.335s] Level 1:colcon.colcon_core.package_identification:_identify(src/turtlebot3_simulations/turtlebot3_gazebo) by extensions ['ignore', 'ignore_ament_install']
[0.335s] Level 1:colcon.colcon_core.package_identification:_identify(src/turtlebot3_simulations/turtlebot3_gazebo) by extension 'ignore'
[0.335s] Level 1:colcon.colcon_core.package_identification:_identify(src/turtlebot3_simulations/turtlebot3_gazebo) by extension 'ignore_ament_install'
[0.335s] Level 1:colcon.colcon_core.package_identification:_identify(src/turtlebot3_simulations/turtlebot3_gazebo) by extensions ['colcon_pkg']
[0.335s] Level 1:colcon.colcon_core.package_identification:_identify(src/turtlebot3_simulations/turtlebot3_gazebo) by extension 'colcon_pkg'
[0.335s] Level 1:colcon.colcon_core.package_identification:_identify(src/turtlebot3_simulations/turtlebot3_gazebo) by extensions ['colcon_meta']
[0.336s] Level 1:colcon.colcon_core.package_identification:_identify(src/turtlebot3_simulations/turtlebot3_gazebo) by extension 'colcon_meta'
[0.336s] Level 1:colcon.colcon_core.package_identification:_identify(src/turtlebot3_simulations/turtlebot3_gazebo) by extensions ['ros']
[0.336s] Level 1:colcon.colcon_core.package_identification:_identify(src/turtlebot3_simulations/turtlebot3_gazebo) by extension 'ros'
[0.336s] DEBUG:colcon.colcon_core.package_identification:Package 'src/turtlebot3_simulations/turtlebot3_gazebo' with type 'ros.ament_cmake' and name 'turtlebot3_gazebo'
[0.337s] Level 1:colcon.colcon_core.package_identification:_identify(src/turtlebot3_simulations/turtlebot3_simulations) by extensions ['ignore', 'ignore_ament_install']
[0.337s] Level 1:colcon.colcon_core.package_identification:_identify(src/turtlebot3_simulations/turtlebot3_simulations) by extension 'ignore'
[0.337s] Level 1:colcon.colcon_core.package_identification:_identify(src/turtlebot3_simulations/turtlebot3_simulations) by extension 'ignore_ament_install'
[0.337s] Level 1:colcon.colcon_core.package_identification:_identify(src/turtlebot3_simulations/turtlebot3_simulations) by extensions ['colcon_pkg']
[0.337s] Level 1:colcon.colcon_core.package_identification:_identify(src/turtlebot3_simulations/turtlebot3_simulations) by extension 'colcon_pkg'
[0.337s] Level 1:colcon.colcon_core.package_identification:_identify(src/turtlebot3_simulations/turtlebot3_simulations) by extensions ['colcon_meta']
[0.337s] Level 1:colcon.colcon_core.package_identification:_identify(src/turtlebot3_simulations/turtlebot3_simulations) by extension 'colcon_meta'
[0.337s] Level 1:colcon.colcon_core.package_identification:_identify(src/turtlebot3_simulations/turtlebot3_simulations) by extensions ['ros']
[0.337s] Level 1:colcon.colcon_core.package_identification:_identify(src/turtlebot3_simulations/turtlebot3_simulations) by extension 'ros'
[0.337s] DEBUG:colcon.colcon_core.package_identification:Package 'src/turtlebot3_simulations/turtlebot3_simulations' with type 'ros.ament_cmake' and name 'turtlebot3_simulations'
[0.338s] Level 1:colcon.colcon_core.package_identification:_identify(yusuf_ozyer) by extensions ['ignore', 'ignore_ament_install']
[0.338s] Level 1:colcon.colcon_core.package_identification:_identify(yusuf_ozyer) by extension 'ignore'
[0.338s] Level 1:colcon.colcon_core.package_identification:_identify(yusuf_ozyer) by extension 'ignore_ament_install'
[0.338s] Level 1:colcon.colcon_core.package_identification:_identify(yusuf_ozyer) by extensions ['colcon_pkg']
[0.338s] Level 1:colcon.colcon_core.package_identification:_identify(yusuf_ozyer) by extension 'colcon_pkg'
[0.338s] Level 1:colcon.colcon_core.package_identification:_identify(yusuf_ozyer) by extensions ['colcon_meta']
[0.338s] Level 1:colcon.colcon_core.package_identification:_identify(yusuf_ozyer) by extension 'colcon_meta'
[0.338s] Level 1:colcon.colcon_core.package_identification:_identify(yusuf_ozyer) by extensions ['ros']
[0.338s] Level 1:colcon.colcon_core.package_identification:_identify(yusuf_ozyer) by extension 'ros'
[0.338s] DEBUG:colcon.colcon_core.package_identification:Package 'yusuf_ozyer' with type 'ros.ament_python' and name 'yusuf_ozyer'
[0.338s] Level 1:colcon.colcon_core.package_discovery:discover_packages(recursive) using defaults
[0.338s] Level 1:colcon.colcon_core.package_discovery:discover_packages(ignore) discover
[0.339s] Level 1:colcon.colcon_core.package_discovery:discover_packages(ignore) using defaults
[0.339s] Level 1:colcon.colcon_core.package_discovery:discover_packages(path) discover
[0.339s] Level 1:colcon.colcon_core.package_discovery:discover_packages(path) using defaults
[0.368s] Level 1:colcon.colcon_core.package_discovery:discover_packages(prefix_path) check parameters
[0.368s] Level 1:colcon.colcon_core.package_discovery:discover_packages(prefix_path) discover
[0.370s] DEBUG:colcon.colcon_installed_package_information.package_discovery:Found 4 installed packages in /home/yusuf/turtlebot3_ws/install
[0.371s] DEBUG:colcon.colcon_installed_package_information.package_discovery:Found 374 installed packages in /opt/ros/humble
[0.373s] Level 1:colcon.colcon_core.package_discovery:discover_packages(prefix_path) using defaults
[0.419s] Level 5:colcon.colcon_core.verb:set package 'turtlebot3_fake_node' build argument 'cmake_args' from command line to 'None'
[0.419s] Level 5:colcon.colcon_core.verb:set package 'turtlebot3_fake_node' build argument 'cmake_target' from command line to 'None'
[0.419s] Level 5:colcon.colcon_core.verb:set package 'turtlebot3_fake_node' build argument 'cmake_target_skip_unavailable' from command line to 'False'
[0.419s] Level 5:colcon.colcon_core.verb:set package 'turtlebot3_fake_node' build argument 'cmake_clean_cache' from command line to 'False'
[0.419s] Level 5:colcon.colcon_core.verb:set package 'turtlebot3_fake_node' build argument 'cmake_clean_first' from command line to 'False'
[0.419s] Level 5:colcon.colcon_core.verb:set package 'turtlebot3_fake_node' build argument 'cmake_force_configure' from command line to 'False'
[0.419s] Level 5:colcon.colcon_core.verb:set package 'turtlebot3_fake_node' build argument 'ament_cmake_args' from command line to 'None'
[0.419s] Level 5:colcon.colcon_core.verb:set package 'turtlebot3_fake_node' build argument 'catkin_cmake_args' from command line to 'None'
[0.419s] Level 5:colcon.colcon_core.verb:set package 'turtlebot3_fake_node' build argument 'catkin_skip_building_tests' from command line to 'False'
[0.419s] DEBUG:colcon.colcon_core.verb:Building package 'turtlebot3_fake_node' with the following arguments: {'ament_cmake_args': None, 'build_base': '/home/yusuf/turtlebot3_ws/build/turtlebot3_fake_node', 'catkin_cmake_args': None, 'catkin_skip_building_tests': False, 'cmake_args': None, 'cmake_clean_cache': False, 'cmake_clean_first': False, 'cmake_force_configure': False, 'cmake_target': None, 'cmake_target_skip_unavailable': False, 'install_base': '/home/yusuf/turtlebot3_ws/install/turtlebot3_fake_node', 'merge_install': False, 'path': '/home/yusuf/turtlebot3_ws/src/turtlebot3_simulations/turtlebot3_fake_node', 'symlink_install': False, 'test_result_base': None}
[0.420s] Level 5:colcon.colcon_core.verb:set package 'turtlebot3_gazebo' build argument 'cmake_args' from command line to 'None'
[0.420s] Level 5:colcon.colcon_core.verb:set package 'turtlebot3_gazebo' build argument 'cmake_target' from command line to 'None'
[0.420s] Level 5:colcon.colcon_core.verb:set package 'turtlebot3_gazebo' build argument 'cmake_target_skip_unavailable' from command line to 'False'
[0.420s] Level 5:colcon.colcon_core.verb:set package 'turtlebot3_gazebo' build argument 'cmake_clean_cache' from command line to 'False'
[0.420s] Level 5:colcon.colcon_core.verb:set package 'turtlebot3_gazebo' build argument 'cmake_clean_first' from command line to 'False'
[0.420s] Level 5:colcon.colcon_core.verb:set package 'turtlebot3_gazebo' build argument 'cmake_force_configure' from command line to 'False'
[0.420s] Level 5:colcon.colcon_core.verb:set package 'turtlebot3_gazebo' build argument 'ament_cmake_args' from command line to 'None'
[0.420s] Level 5:colcon.colcon_core.verb:set package 'turtlebot3_gazebo' build argument 'catkin_cmake_args' from command line to 'None'
[0.420s] Level 5:colcon.colcon_core.verb:set package 'turtlebot3_gazebo' build argument 'catkin_skip_building_tests' from command line to 'False'
[0.420s] DEBUG:colcon.colcon_core.verb:Building package 'turtlebot3_gazebo' with the following arguments: {'ament_cmake_args': None, 'build_base': '/home/yusuf/turtlebot3_ws/build/turtlebot3_gazebo', 'catkin_cmake_args': None, 'catkin_skip_building_tests': False, 'cmake_args': None, 'cmake_clean_cache': False, 'cmake_clean_first': False, 'cmake_force_configure': False, 'cmake_target': None, 'cmake_target_skip_unavailable': False, 'install_base': '/home/yusuf/turtlebot3_ws/install/turtlebot3_gazebo', 'merge_install': False, 'path': '/home/yusuf/turtlebot3_ws/src/turtlebot3_simulations/turtlebot3_gazebo', 'symlink_install': False, 'test_result_base': None}
[0.421s] Level 5:colcon.colcon_core.verb:set package 'yusuf_ozyer' build argument 'cmake_args' from command line to 'None'
[0.421s] Level 5:colcon.colcon_core.verb:set package 'yusuf_ozyer' build argument 'cmake_target' from command line to 'None'
[0.421s] Level 5:colcon.colcon_core.verb:set package 'yusuf_ozyer' build argument 'cmake_target_skip_unavailable' from command line to 'False'
[0.421s] Level 5:colcon.colcon_core.verb:set package 'yusuf_ozyer' build argument 'cmake_clean_cache' from command line to 'False'
[0.421s] Level 5:colcon.colcon_core.verb:set package 'yusuf_ozyer' build argument 'cmake_clean_first' from command line to 'False'
[0.421s] Level 5:colcon.colcon_core.verb:set package 'yusuf_ozyer' build argument 'cmake_force_configure' from command line to 'False'
[0.421s] Level 5:colcon.colcon_core.verb:set package 'yusuf_ozyer' build argument 'ament_cmake_args' from command line to 'None'
[0.421s] Level 5:colcon.colcon_core.verb:set package 'yusuf_ozyer' build argument 'catkin_cmake_args' from command line to 'None'
[0.421s] Level 5:colcon.colcon_core.verb:set package 'yusuf_ozyer' build argument 'catkin_skip_building_tests' from command line to 'False'
[0.421s] DEBUG:colcon.colcon_core.verb:Building package 'yusuf_ozyer' with the following arguments: {'ament_cmake_args': None, 'build_base': '/home/yusuf/turtlebot3_ws/build/yusuf_ozyer', 'catkin_cmake_args': None, 'catkin_skip_building_tests': False, 'cmake_args': None, 'cmake_clean_cache': False, 'cmake_clean_first': False, 'cmake_force_configure': False, 'cmake_target': None, 'cmake_target_skip_unavailable': False, 'install_base': '/home/yusuf/turtlebot3_ws/install/yusuf_ozyer', 'merge_install': False, 'path': '/home/yusuf/turtlebot3_ws/yusuf_ozyer', 'symlink_install': False, 'test_result_base': None}
[0.421s] Level 5:colcon.colcon_core.verb:set package 'turtlebot3_simulations' build argument 'cmake_args' from command line to 'None'
[0.421s] Level 5:colcon.colcon_core.verb:set package 'turtlebot3_simulations' build argument 'cmake_target' from command line to 'None'
[0.421s] Level 5:colcon.colcon_core.verb:set package 'turtlebot3_simulations' build argument 'cmake_target_skip_unavailable' from command line to 'False'
[0.421s] Level 5:colcon.colcon_core.verb:set package 'turtlebot3_simulations' build argument 'cmake_clean_cache' from command line to 'False'
[0.421s] Level 5:colcon.colcon_core.verb:set package 'turtlebot3_simulations' build argument 'cmake_clean_first' from command line to 'False'
[0.421s] Level 5:colcon.colcon_core.verb:set package 'turtlebot3_simulations' build argument 'cmake_force_configure' from command line to 'False'
[0.421s] Level 5:colcon.colcon_core.verb:set package 'turtlebot3_simulations' build argument 'ament_cmake_args' from command line to 'None'
[0.421s] Level 5:colcon.colcon_core.verb:set package 'turtlebot3_simulations' build argument 'catkin_cmake_args' from command line to 'None'
[0.421s] Level 5:colcon.colcon_core.verb:set package 'turtlebot3_simulations' build argument 'catkin_skip_building_tests' from command line to 'False'
[0.421s] DEBUG:colcon.colcon_core.verb:Building package 'turtlebot3_simulations' with the following arguments: {'ament_cmake_args': None, 'build_base': '/home/yusuf/turtlebot3_ws/build/turtlebot3_simulations', 'catkin_cmake_args': None, 'catkin_skip_building_tests': False, 'cmake_args': None, 'cmake_clean_cache': False, 'cmake_clean_first': False, 'cmake_force_configure': False, 'cmake_target': None, 'cmake_target_skip_unavailable': False, 'install_base': '/home/yusuf/turtlebot3_ws/install/turtlebot3_simulations', 'merge_install': False, 'path': '/home/yusuf/turtlebot3_ws/src/turtlebot3_simulations/turtlebot3_simulations', 'symlink_install': False, 'test_result_base': None}
[0.422s] INFO:colcon.colcon_core.executor:Executing jobs using 'parallel' executor
[0.422s] DEBUG:colcon.colcon_parallel_executor.executor.parallel:run_until_complete
[0.423s] INFO:colcon.colcon_ros.task.ament_cmake.build:Building ROS package in '/home/yusuf/turtlebot3_ws/src/turtlebot3_simulations/turtlebot3_fake_node' with build type 'ament_cmake'
[0.423s] INFO:colcon.colcon_cmake.task.cmake.build:Building CMake package in '/home/yusuf/turtlebot3_ws/src/turtlebot3_simulations/turtlebot3_fake_node'
[0.425s] INFO:colcon.colcon_core.plugin_system:Skipping extension 'colcon_core.shell.bat': Not used on non-Windows systems
[0.425s] INFO:colcon.colcon_core.shell:Skip shell extension 'powershell' for command environment: Not usable outside of PowerShell
[0.425s] DEBUG:colcon.colcon_core.shell:Skip shell extension 'dsv' for command environment
[0.429s] INFO:colcon.colcon_ros.task.ament_cmake.build:Building ROS package in '/home/yusuf/turtlebot3_ws/src/turtlebot3_simulations/turtlebot3_gazebo' with build type 'ament_cmake'
[0.429s] INFO:colcon.colcon_cmake.task.cmake.build:Building CMake package in '/home/yusuf/turtlebot3_ws/src/turtlebot3_simulations/turtlebot3_gazebo'
[0.429s] INFO:colcon.colcon_core.shell:Skip shell extension 'powershell' for command environment: Not usable outside of PowerShell
[0.429s] DEBUG:colcon.colcon_core.shell:Skip shell extension 'dsv' for command environment
[0.432s] INFO:colcon.colcon_ros.task.ament_python.build:Building ROS package in '/home/yusuf/turtlebot3_ws/yusuf_ozyer' with build type 'ament_python'
[0.432s] Level 1:colcon.colcon_core.shell:create_environment_hook('yusuf_ozyer', 'ament_prefix_path')
[0.432s] INFO:colcon.colcon_core.shell:Creating environment hook '/home/yusuf/turtlebot3_ws/install/yusuf_ozyer/share/yusuf_ozyer/hook/ament_prefix_path.ps1'
[0.433s] INFO:colcon.colcon_core.shell:Creating environment descriptor '/home/yusuf/turtlebot3_ws/install/yusuf_ozyer/share/yusuf_ozyer/hook/ament_prefix_path.dsv'
[0.433s] INFO:colcon.colcon_core.shell:Creating environment hook '/home/yusuf/turtlebot3_ws/install/yusuf_ozyer/share/yusuf_ozyer/hook/ament_prefix_path.sh'
[0.434s] INFO:colcon.colcon_core.shell:Skip shell extension 'powershell' for command environment: Not usable outside of PowerShell
[0.434s] DEBUG:colcon.colcon_core.shell:Skip shell extension 'dsv' for command environment
[0.445s] DEBUG:colcon.colcon_core.event_handler.log_command:Invoking command in '/home/yusuf/turtlebot3_ws/build/turtlebot3_fake_node': CMAKE_PREFIX_PATH=${CMAKE_PREFIX_PATH}:/home/yusuf/turtlebot3_ws/install/yusuf_ozyer:/opt/ros/humble /usr/bin/cmake --build /home/yusuf/turtlebot3_ws/build/turtlebot3_fake_node -- -j8 -l8
[0.449s] DEBUG:colcon.colcon_core.event_handler.log_command:Invoking command in '/home/yusuf/turtlebot3_ws/build/turtlebot3_gazebo': CMAKE_PREFIX_PATH=${CMAKE_PREFIX_PATH}:/home/yusuf/turtlebot3_ws/install/yusuf_ozyer:/opt/ros/humble /usr/bin/cmake --build /home/yusuf/turtlebot3_ws/build/turtlebot3_gazebo -- -j8 -l8
[0.794s] INFO:colcon.colcon_core.task.python.build:Building Python package in '/home/yusuf/turtlebot3_ws/yusuf_ozyer'
[0.794s] INFO:colcon.colcon_core.shell:Skip shell extension 'powershell' for command environment: Not usable outside of PowerShell
[0.794s] DEBUG:colcon.colcon_core.shell:Skip shell extension 'dsv' for command environment
[0.800s] DEBUG:colcon.colcon_core.event_handler.log_command:Invoked command in '/home/yusuf/turtlebot3_ws/build/turtlebot3_gazebo' returned '0': CMAKE_PREFIX_PATH=${CMAKE_PREFIX_PATH}:/home/yusuf/turtlebot3_ws/install/yusuf_ozyer:/opt/ros/humble /usr/bin/cmake --build /home/yusuf/turtlebot3_ws/build/turtlebot3_gazebo -- -j8 -l8
[0.801s] DEBUG:colcon.colcon_core.event_handler.log_command:Invoked command in '/home/yusuf/turtlebot3_ws/build/turtlebot3_fake_node' returned '0': CMAKE_PREFIX_PATH=${CMAKE_PREFIX_PATH}:/home/yusuf/turtlebot3_ws/install/yusuf_ozyer:/opt/ros/humble /usr/bin/cmake --build /home/yusuf/turtlebot3_ws/build/turtlebot3_fake_node -- -j8 -l8
[0.841s] DEBUG:colcon.colcon_core.event_handler.log_command:Invoking command in '/home/yusuf/turtlebot3_ws/build/turtlebot3_fake_node': CMAKE_PREFIX_PATH=${CMAKE_PREFIX_PATH}:/home/yusuf/turtlebot3_ws/install/yusuf_ozyer:/opt/ros/humble /usr/bin/cmake --install /home/yusuf/turtlebot3_ws/build/turtlebot3_fake_node
[0.844s] DEBUG:colcon.colcon_core.event_handler.log_command:Invoking command in '/home/yusuf/turtlebot3_ws/build/turtlebot3_gazebo': CMAKE_PREFIX_PATH=${CMAKE_PREFIX_PATH}:/home/yusuf/turtlebot3_ws/install/yusuf_ozyer:/opt/ros/humble /usr/bin/cmake --install /home/yusuf/turtlebot3_ws/build/turtlebot3_gazebo
[0.868s] Level 1:colcon.colcon_core.environment:create_environment_scripts_only(turtlebot3_fake_node)
[0.870s] DEBUG:colcon.colcon_core.event_handler.log_command:Invoked command in '/home/yusuf/turtlebot3_ws/build/turtlebot3_fake_node' returned '0': CMAKE_PREFIX_PATH=${CMAKE_PREFIX_PATH}:/home/yusuf/turtlebot3_ws/install/yusuf_ozyer:/opt/ros/humble /usr/bin/cmake --install /home/yusuf/turtlebot3_ws/build/turtlebot3_fake_node
[0.873s] Level 1:colcon.colcon_core.environment:checking '/home/yusuf/turtlebot3_ws/install/turtlebot3_fake_node' for CMake module files
[0.873s] Level 1:colcon.colcon_core.environment:checking '/home/yusuf/turtlebot3_ws/install/turtlebot3_fake_node' for CMake config files
[0.874s] Level 1:colcon.colcon_core.shell:create_environment_hook('turtlebot3_fake_node', 'cmake_prefix_path')
[0.874s] INFO:colcon.colcon_core.shell:Creating environment hook '/home/yusuf/turtlebot3_ws/install/turtlebot3_fake_node/share/turtlebot3_fake_node/hook/cmake_prefix_path.ps1'
[0.875s] INFO:colcon.colcon_core.shell:Creating environment descriptor '/home/yusuf/turtlebot3_ws/install/turtlebot3_fake_node/share/turtlebot3_fake_node/hook/cmake_prefix_path.dsv'
[0.875s] INFO:colcon.colcon_core.shell:Creating environment hook '/home/yusuf/turtlebot3_ws/install/turtlebot3_fake_node/share/turtlebot3_fake_node/hook/cmake_prefix_path.sh'
[0.876s] Level 1:colcon.colcon_core.environment:checking '/home/yusuf/turtlebot3_ws/install/turtlebot3_fake_node/lib'
[0.876s] Level 1:colcon.colcon_core.environment:checking '/home/yusuf/turtlebot3_ws/install/turtlebot3_fake_node/bin'
[0.876s] Level 1:colcon.colcon_core.environment:checking '/home/yusuf/turtlebot3_ws/install/turtlebot3_fake_node/lib/pkgconfig/turtlebot3_fake_node.pc'
[0.876s] Level 1:colcon.colcon_core.environment:checking '/home/yusuf/turtlebot3_ws/install/turtlebot3_fake_node/lib/python3.10/site-packages'
[0.877s] Level 1:colcon.colcon_core.environment:checking '/home/yusuf/turtlebot3_ws/install/turtlebot3_fake_node/bin'
[0.877s] INFO:colcon.colcon_core.shell:Creating package script '/home/yusuf/turtlebot3_ws/install/turtlebot3_fake_node/share/turtlebot3_fake_node/package.ps1'
[0.878s] INFO:colcon.colcon_core.shell:Creating package descriptor '/home/yusuf/turtlebot3_ws/install/turtlebot3_fake_node/share/turtlebot3_fake_node/package.dsv'
[0.878s] INFO:colcon.colcon_core.shell:Creating package script '/home/yusuf/turtlebot3_ws/install/turtlebot3_fake_node/share/turtlebot3_fake_node/package.sh'
[0.880s] INFO:colcon.colcon_core.shell:Creating package script '/home/yusuf/turtlebot3_ws/install/turtlebot3_fake_node/share/turtlebot3_fake_node/package.bash'
[0.881s] INFO:colcon.colcon_core.shell:Creating package script '/home/yusuf/turtlebot3_ws/install/turtlebot3_fake_node/share/turtlebot3_fake_node/package.zsh'
[0.884s] Level 1:colcon.colcon_core.environment:create_file_with_runtime_dependencies(/home/yusuf/turtlebot3_ws/install/turtlebot3_fake_node/share/colcon-core/packages/turtlebot3_fake_node)
[0.886s] Level 1:colcon.colcon_core.environment:create_environment_scripts_only(turtlebot3_gazebo)
[0.887s] Level 1:colcon.colcon_core.environment:checking '/home/yusuf/turtlebot3_ws/install/turtlebot3_gazebo' for CMake module files
[0.888s] DEBUG:colcon.colcon_core.event_handler.log_command:Invoked command in '/home/yusuf/turtlebot3_ws/build/turtlebot3_gazebo' returned '0': CMAKE_PREFIX_PATH=${CMAKE_PREFIX_PATH}:/home/yusuf/turtlebot3_ws/install/yusuf_ozyer:/opt/ros/humble /usr/bin/cmake --install /home/yusuf/turtlebot3_ws/build/turtlebot3_gazebo
[0.888s] Level 1:colcon.colcon_core.environment:checking '/home/yusuf/turtlebot3_ws/install/turtlebot3_gazebo' for CMake config files
[0.889s] Level 1:colcon.colcon_core.shell:create_environment_hook('turtlebot3_gazebo', 'cmake_prefix_path')
[0.889s] INFO:colcon.colcon_core.shell:Creating environment hook '/home/yusuf/turtlebot3_ws/install/turtlebot3_gazebo/share/turtlebot3_gazebo/hook/cmake_prefix_path.ps1'
[0.890s] INFO:colcon.colcon_core.shell:Creating environment descriptor '/home/yusuf/turtlebot3_ws/install/turtlebot3_gazebo/share/turtlebot3_gazebo/hook/cmake_prefix_path.dsv'
[0.890s] INFO:colcon.colcon_core.shell:Creating environment hook '/home/yusuf/turtlebot3_ws/install/turtlebot3_gazebo/share/turtlebot3_gazebo/hook/cmake_prefix_path.sh'
[0.891s] Level 1:colcon.colcon_core.environment:checking '/home/yusuf/turtlebot3_ws/install/turtlebot3_gazebo/lib'
[0.891s] Level 1:colcon.colcon_core.environment:checking '/home/yusuf/turtlebot3_ws/install/turtlebot3_gazebo/bin'
[0.891s] Level 1:colcon.colcon_core.environment:checking '/home/yusuf/turtlebot3_ws/install/turtlebot3_gazebo/lib/pkgconfig/turtlebot3_gazebo.pc'
[0.892s] Level 1:colcon.colcon_core.environment:checking '/home/yusuf/turtlebot3_ws/install/turtlebot3_gazebo/lib/python3.10/site-packages'
[0.892s] Level 1:colcon.colcon_core.environment:checking '/home/yusuf/turtlebot3_ws/install/turtlebot3_gazebo/bin'
[0.892s] INFO:colcon.colcon_core.shell:Creating package script '/home/yusuf/turtlebot3_ws/install/turtlebot3_gazebo/share/turtlebot3_gazebo/package.ps1'
[0.893s] INFO:colcon.colcon_core.shell:Creating package descriptor '/home/yusuf/turtlebot3_ws/install/turtlebot3_gazebo/share/turtlebot3_gazebo/package.dsv'
[0.893s] INFO:colcon.colcon_core.shell:Creating package script '/home/yusuf/turtlebot3_ws/install/turtlebot3_gazebo/share/turtlebot3_gazebo/package.sh'
[0.894s] INFO:colcon.colcon_core.shell:Creating package script '/home/yusuf/turtlebot3_ws/install/turtlebot3_gazebo/share/turtlebot3_gazebo/package.bash'
[0.894s] INFO:colcon.colcon_core.shell:Creating package script '/home/yusuf/turtlebot3_ws/install/turtlebot3_gazebo/share/turtlebot3_gazebo/package.zsh'
[0.895s] Level 1:colcon.colcon_core.environment:create_file_with_runtime_dependencies(/home/yusuf/turtlebot3_ws/install/turtlebot3_gazebo/share/colcon-core/packages/turtlebot3_gazebo)
[0.915s] Level 1:colcon.colcon_core.environment:create_environment_scripts_only(turtlebot3_fake_node)
[0.916s] Level 1:colcon.colcon_core.environment:checking '/home/yusuf/turtlebot3_ws/install/turtlebot3_fake_node' for CMake module files
[0.916s] Level 1:colcon.colcon_core.environment:checking '/home/yusuf/turtlebot3_ws/install/turtlebot3_fake_node' for CMake config files
[0.916s] Level 1:colcon.colcon_core.shell:create_environment_hook('turtlebot3_fake_node', 'cmake_prefix_path')
[0.917s] INFO:colcon.colcon_core.shell:Creating environment hook '/home/yusuf/turtlebot3_ws/install/turtlebot3_fake_node/share/turtlebot3_fake_node/hook/cmake_prefix_path.ps1'
[0.917s] INFO:colcon.colcon_core.shell:Creating environment descriptor '/home/yusuf/turtlebot3_ws/install/turtlebot3_fake_node/share/turtlebot3_fake_node/hook/cmake_prefix_path.dsv'
[0.918s] INFO:colcon.colcon_core.shell:Creating environment hook '/home/yusuf/turtlebot3_ws/install/turtlebot3_fake_node/share/turtlebot3_fake_node/hook/cmake_prefix_path.sh'
[0.919s] Level 1:colcon.colcon_core.environment:checking '/home/yusuf/turtlebot3_ws/install/turtlebot3_fake_node/lib'
[0.919s] Level 1:colcon.colcon_core.environment:checking '/home/yusuf/turtlebot3_ws/install/turtlebot3_fake_node/bin'
[0.919s] Level 1:colcon.colcon_core.environment:checking '/home/yusuf/turtlebot3_ws/install/turtlebot3_fake_node/lib/pkgconfig/turtlebot3_fake_node.pc'
[0.919s] Level 1:colcon.colcon_core.environment:checking '/home/yusuf/turtlebot3_ws/install/turtlebot3_fake_node/lib/python3.10/site-packages'
[0.919s] Level 1:colcon.colcon_core.environment:checking '/home/yusuf/turtlebot3_ws/install/turtlebot3_fake_node/bin'
[0.920s] INFO:colcon.colcon_core.shell:Creating package script '/home/yusuf/turtlebot3_ws/install/turtlebot3_fake_node/share/turtlebot3_fake_node/package.ps1'
[0.921s] INFO:colcon.colcon_core.shell:Creating package descriptor '/home/yusuf/turtlebot3_ws/install/turtlebot3_fake_node/share/turtlebot3_fake_node/package.dsv'
[0.921s] INFO:colcon.colcon_core.shell:Creating package script '/home/yusuf/turtlebot3_ws/install/turtlebot3_fake_node/share/turtlebot3_fake_node/package.sh'
[0.922s] INFO:colcon.colcon_core.shell:Creating package script '/home/yusuf/turtlebot3_ws/install/turtlebot3_fake_node/share/turtlebot3_fake_node/package.bash'
[0.923s] INFO:colcon.colcon_core.shell:Creating package script '/home/yusuf/turtlebot3_ws/install/turtlebot3_fake_node/share/turtlebot3_fake_node/package.zsh'
[0.924s] Level 1:colcon.colcon_core.environment:create_file_with_runtime_dependencies(/home/yusuf/turtlebot3_ws/install/turtlebot3_fake_node/share/colcon-core/packages/turtlebot3_fake_node)
[0.939s] Level 1:colcon.colcon_core.environment:create_environment_scripts_only(turtlebot3_gazebo)
[0.940s] Level 1:colcon.colcon_core.environment:checking '/home/yusuf/turtlebot3_ws/install/turtlebot3_gazebo' for CMake module files
[0.941s] Level 1:colcon.colcon_core.environment:checking '/home/yusuf/turtlebot3_ws/install/turtlebot3_gazebo' for CMake config files
[0.941s] Level 1:colcon.colcon_core.shell:create_environment_hook('turtlebot3_gazebo', 'cmake_prefix_path')
[0.941s] INFO:colcon.colcon_core.shell:Creating environment hook '/home/yusuf/turtlebot3_ws/install/turtlebot3_gazebo/share/turtlebot3_gazebo/hook/cmake_prefix_path.ps1'
[0.942s] INFO:colcon.colcon_core.shell:Creating environment descriptor '/home/yusuf/turtlebot3_ws/install/turtlebot3_gazebo/share/turtlebot3_gazebo/hook/cmake_prefix_path.dsv'
[0.942s] INFO:colcon.colcon_core.shell:Creating environment hook '/home/yusuf/turtlebot3_ws/install/turtlebot3_gazebo/share/turtlebot3_gazebo/hook/cmake_prefix_path.sh'
[0.943s] Level 1:colcon.colcon_core.environment:checking '/home/yusuf/turtlebot3_ws/install/turtlebot3_gazebo/lib'
[0.943s] Level 1:colcon.colcon_core.environment:checking '/home/yusuf/turtlebot3_ws/install/turtlebot3_gazebo/bin'
[0.943s] Level 1:colcon.colcon_core.environment:checking '/home/yusuf/turtlebot3_ws/install/turtlebot3_gazebo/lib/pkgconfig/turtlebot3_gazebo.pc'
[0.943s] Level 1:colcon.colcon_core.environment:checking '/home/yusuf/turtlebot3_ws/install/turtlebot3_gazebo/lib/python3.10/site-packages'
[0.943s] Level 1:colcon.colcon_core.environment:checking '/home/yusuf/turtlebot3_ws/install/turtlebot3_gazebo/bin'
[0.944s] INFO:colcon.colcon_core.shell:Creating package script '/home/yusuf/turtlebot3_ws/install/turtlebot3_gazebo/share/turtlebot3_gazebo/package.ps1'
[0.944s] INFO:colcon.colcon_core.shell:Creating package descriptor '/home/yusuf/turtlebot3_ws/install/turtlebot3_gazebo/share/turtlebot3_gazebo/package.dsv'
[0.945s] INFO:colcon.colcon_core.shell:Creating package script '/home/yusuf/turtlebot3_ws/install/turtlebot3_gazebo/share/turtlebot3_gazebo/package.sh'
[0.945s] INFO:colcon.colcon_core.shell:Creating package script '/home/yusuf/turtlebot3_ws/install/turtlebot3_gazebo/share/turtlebot3_gazebo/package.bash'
[0.945s] INFO:colcon.colcon_core.shell:Creating package script '/home/yusuf/turtlebot3_ws/install/turtlebot3_gazebo/share/turtlebot3_gazebo/package.zsh'
[0.946s] Level 1:colcon.colcon_core.environment:create_file_with_runtime_dependencies(/home/yusuf/turtlebot3_ws/install/turtlebot3_gazebo/share/colcon-core/packages/turtlebot3_gazebo)
[0.946s] INFO:colcon.colcon_ros.task.ament_cmake.build:Building ROS package in '/home/yusuf/turtlebot3_ws/src/turtlebot3_simulations/turtlebot3_simulations' with build type 'ament_cmake'
[0.946s] INFO:colcon.colcon_cmake.task.cmake.build:Building CMake package in '/home/yusuf/turtlebot3_ws/src/turtlebot3_simulations/turtlebot3_simulations'
[0.947s] INFO:colcon.colcon_core.shell:Skip shell extension 'powershell' for command environment: Not usable outside of PowerShell
[0.947s] DEBUG:colcon.colcon_core.shell:Skip shell extension 'dsv' for command environment
[0.960s] DEBUG:colcon.colcon_core.event_handler.log_command:Invoking command in '/home/yusuf/turtlebot3_ws/build/turtlebot3_simulations': CMAKE_PREFIX_PATH=/home/yusuf/turtlebot3_ws/install/turtlebot3_gazebo:/home/yusuf/turtlebot3_ws/install/turtlebot3_fake_node:/home/yusuf/turtlebot3_ws/install/turtlebot3_simulations:/home/yusuf/turtlebot3_ws/install/yusuf_ozyer:/opt/ros/humble /usr/bin/cmake --build /home/yusuf/turtlebot3_ws/build/turtlebot3_simulations -- -j8 -l8
[1.002s] DEBUG:colcon.colcon_core.event_handler.log_command:Invoked command in '/home/yusuf/turtlebot3_ws/build/turtlebot3_simulations' returned '0': CMAKE_PREFIX_PATH=/home/yusuf/turtlebot3_ws/install/turtlebot3_gazebo:/home/yusuf/turtlebot3_ws/install/turtlebot3_fake_node:/home/yusuf/turtlebot3_ws/install/turtlebot3_simulations:/home/yusuf/turtlebot3_ws/install/yusuf_ozyer:/opt/ros/humble /usr/bin/cmake --build /home/yusuf/turtlebot3_ws/build/turtlebot3_simulations -- -j8 -l8
[1.028s] DEBUG:colcon.colcon_core.event_handler.log_command:Invoking command in '/home/yusuf/turtlebot3_ws/build/turtlebot3_simulations': CMAKE_PREFIX_PATH=/home/yusuf/turtlebot3_ws/install/turtlebot3_gazebo:/home/yusuf/turtlebot3_ws/install/turtlebot3_fake_node:/home/yusuf/turtlebot3_ws/install/turtlebot3_simulations:/home/yusuf/turtlebot3_ws/install/yusuf_ozyer:/opt/ros/humble /usr/bin/cmake --install /home/yusuf/turtlebot3_ws/build/turtlebot3_simulations
[1.054s] Level 1:colcon.colcon_core.environment:create_environment_scripts_only(turtlebot3_simulations)
[1.054s] Level 1:colcon.colcon_core.environment:checking '/home/yusuf/turtlebot3_ws/install/turtlebot3_simulations' for CMake module files
[1.055s] DEBUG:colcon.colcon_core.event_handler.log_command:Invoked command in '/home/yusuf/turtlebot3_ws/build/turtlebot3_simulations' returned '0': CMAKE_PREFIX_PATH=/home/yusuf/turtlebot3_ws/install/turtlebot3_gazebo:/home/yusuf/turtlebot3_ws/install/turtlebot3_fake_node:/home/yusuf/turtlebot3_ws/install/turtlebot3_simulations:/home/yusuf/turtlebot3_ws/install/yusuf_ozyer:/opt/ros/humble /usr/bin/cmake --install /home/yusuf/turtlebot3_ws/build/turtlebot3_simulations
[1.055s] Level 1:colcon.colcon_core.environment:checking '/home/yusuf/turtlebot3_ws/install/turtlebot3_simulations' for CMake config files
[1.056s] Level 1:colcon.colcon_core.shell:create_environment_hook('turtlebot3_simulations', 'cmake_prefix_path')
[1.056s] INFO:colcon.colcon_core.shell:Creating environment hook '/home/yusuf/turtlebot3_ws/install/turtlebot3_simulations/share/turtlebot3_simulations/hook/cmake_prefix_path.ps1'
[1.056s] INFO:colcon.colcon_core.shell:Creating environment descriptor '/home/yusuf/turtlebot3_ws/install/turtlebot3_simulations/share/turtlebot3_simulations/hook/cmake_prefix_path.dsv'
[1.057s] INFO:colcon.colcon_core.shell:Creating environment hook '/home/yusuf/turtlebot3_ws/install/turtlebot3_simulations/share/turtlebot3_simulations/hook/cmake_prefix_path.sh'
[1.058s] Level 1:colcon.colcon_core.environment:checking '/home/yusuf/turtlebot3_ws/install/turtlebot3_simulations/bin'
[1.058s] Level 1:colcon.colcon_core.environment:checking '/home/yusuf/turtlebot3_ws/install/turtlebot3_simulations/lib/pkgconfig/turtlebot3_simulations.pc'
[1.058s] Level 1:colcon.colcon_core.environment:checking '/home/yusuf/turtlebot3_ws/install/turtlebot3_simulations/lib/python3.10/site-packages'
[1.058s] Level 1:colcon.colcon_core.environment:checking '/home/yusuf/turtlebot3_ws/install/turtlebot3_simulations/bin'
[1.059s] INFO:colcon.colcon_core.shell:Creating package script '/home/yusuf/turtlebot3_ws/install/turtlebot3_simulations/share/turtlebot3_simulations/package.ps1'
[1.059s] INFO:colcon.colcon_core.shell:Creating package descriptor '/home/yusuf/turtlebot3_ws/install/turtlebot3_simulations/share/turtlebot3_simulations/package.dsv'
[1.060s] INFO:colcon.colcon_core.shell:Creating package script '/home/yusuf/turtlebot3_ws/install/turtlebot3_simulations/share/turtlebot3_simulations/package.sh'
[1.060s] INFO:colcon.colcon_core.shell:Creating package script '/home/yusuf/turtlebot3_ws/install/turtlebot3_simulations/share/turtlebot3_simulations/package.bash'
[1.061s] INFO:colcon.colcon_core.shell:Creating package script '/home/yusuf/turtlebot3_ws/install/turtlebot3_simulations/share/turtlebot3_simulations/package.zsh'
[1.062s] Level 1:colcon.colcon_core.environment:create_file_with_runtime_dependencies(/home/yusuf/turtlebot3_ws/install/turtlebot3_simulations/share/colcon-core/packages/turtlebot3_simulations)
[1.086s] Level 1:colcon.colcon_core.environment:create_environment_scripts_only(turtlebot3_simulations)
[1.086s] Level 1:colcon.colcon_core.environment:checking '/home/yusuf/turtlebot3_ws/install/turtlebot3_simulations' for CMake module files
[1.087s] Level 1:colcon.colcon_core.environment:checking '/home/yusuf/turtlebot3_ws/install/turtlebot3_simulations' for CMake config files
[1.087s] Level 1:colcon.colcon_core.shell:create_environment_hook('turtlebot3_simulations', 'cmake_prefix_path')
[1.087s] INFO:colcon.colcon_core.shell:Creating environment hook '/home/yusuf/turtlebot3_ws/install/turtlebot3_simulations/share/turtlebot3_simulations/hook/cmake_prefix_path.ps1'
[1.088s] INFO:colcon.colcon_core.shell:Creating environment descriptor '/home/yusuf/turtlebot3_ws/install/turtlebot3_simulations/share/turtlebot3_simulations/hook/cmake_prefix_path.dsv'
[1.088s] INFO:colcon.colcon_core.shell:Creating environment hook '/home/yusuf/turtlebot3_ws/install/turtlebot3_simulations/share/turtlebot3_simulations/hook/cmake_prefix_path.sh'
[1.089s] Level 1:colcon.colcon_core.environment:checking '/home/yusuf/turtlebot3_ws/install/turtlebot3_simulations/bin'
[1.089s] Level 1:colcon.colcon_core.environment:checking '/home/yusuf/turtlebot3_ws/install/turtlebot3_simulations/lib/pkgconfig/turtlebot3_simulations.pc'
[1.089s] Level 1:colcon.colcon_core.environment:checking '/home/yusuf/turtlebot3_ws/install/turtlebot3_simulations/lib/python3.10/site-packages'
[1.090s] Level 1:colcon.colcon_core.environment:checking '/home/yusuf/turtlebot3_ws/install/turtlebot3_simulations/bin'
[1.090s] INFO:colcon.colcon_core.shell:Creating package script '/home/yusuf/turtlebot3_ws/install/turtlebot3_simulations/share/turtlebot3_simulations/package.ps1'
[1.091s] INFO:colcon.colcon_core.shell:Creating package descriptor '/home/yusuf/turtlebot3_ws/install/turtlebot3_simulations/share/turtlebot3_simulations/package.dsv'
[1.091s] INFO:colcon.colcon_core.shell:Creating package script '/home/yusuf/turtlebot3_ws/install/turtlebot3_simulations/share/turtlebot3_simulations/package.sh'
[1.092s] INFO:colcon.colcon_core.shell:Creating package script '/home/yusuf/turtlebot3_ws/install/turtlebot3_simulations/share/turtlebot3_simulations/package.bash'
[1.092s] INFO:colcon.colcon_core.shell:Creating package script '/home/yusuf/turtlebot3_ws/install/turtlebot3_simulations/share/turtlebot3_simulations/package.zsh'
[1.093s] Level 1:colcon.colcon_core.environment:create_file_with_runtime_dependencies(/home/yusuf/turtlebot3_ws/install/turtlebot3_simulations/share/colcon-core/packages/turtlebot3_simulations)
[1.304s] DEBUG:colcon.colcon_core.event_handler.log_command:Invoking command in '/home/yusuf/turtlebot3_ws/yusuf_ozyer': PYTHONPATH=/home/yusuf/turtlebot3_ws/build/yusuf_ozyer/prefix_override:/usr/lib/python3/dist-packages/colcon_core/task/python/colcon_distutils_commands:/home/yusuf/turtlebot3_ws/install/yusuf_ozyer/lib/python3.10/site-packages:${PYTHONPATH} /usr/bin/python3 -W ignore:setup.py install is deprecated setup.py egg_info --egg-base ../build/yusuf_ozyer build --build-base /home/yusuf/turtlebot3_ws/build/yusuf_ozyer/build install --record /home/yusuf/turtlebot3_ws/build/yusuf_ozyer/install.log --single-version-externally-managed install_data
[1.665s] Level 1:colcon.colcon_core.environment:checking '/home/yusuf/turtlebot3_ws/install/yusuf_ozyer' for CMake module files
[1.666s] DEBUG:colcon.colcon_core.event_handler.log_command:Invoked command in '/home/yusuf/turtlebot3_ws/yusuf_ozyer' returned '0': PYTHONPATH=/home/yusuf/turtlebot3_ws/build/yusuf_ozyer/prefix_override:/usr/lib/python3/dist-packages/colcon_core/task/python/colcon_distutils_commands:/home/yusuf/turtlebot3_ws/install/yusuf_ozyer/lib/python3.10/site-packages:${PYTHONPATH} /usr/bin/python3 -W ignore:setup.py install is deprecated setup.py egg_info --egg-base ../build/yusuf_ozyer build --build-base /home/yusuf/turtlebot3_ws/build/yusuf_ozyer/build install --record /home/yusuf/turtlebot3_ws/build/yusuf_ozyer/install.log --single-version-externally-managed install_data
[1.666s] Level 1:colcon.colcon_core.environment:checking '/home/yusuf/turtlebot3_ws/install/yusuf_ozyer' for CMake config files
[1.667s] Level 1:colcon.colcon_core.environment:checking '/home/yusuf/turtlebot3_ws/install/yusuf_ozyer/lib'
[1.667s] Level 1:colcon.colcon_core.environment:checking '/home/yusuf/turtlebot3_ws/install/yusuf_ozyer/bin'
[1.667s] Level 1:colcon.colcon_core.environment:checking '/home/yusuf/turtlebot3_ws/install/yusuf_ozyer/lib/pkgconfig/yusuf_ozyer.pc'
[1.667s] Level 1:colcon.colcon_core.environment:checking '/home/yusuf/turtlebot3_ws/install/yusuf_ozyer/lib/python3.10/site-packages'
[1.667s] Level 1:colcon.colcon_core.shell:create_environment_hook('yusuf_ozyer', 'pythonpath')
[1.668s] INFO:colcon.colcon_core.shell:Creating environment hook '/home/yusuf/turtlebot3_ws/install/yusuf_ozyer/share/yusuf_ozyer/hook/pythonpath.ps1'
[1.668s] INFO:colcon.colcon_core.shell:Creating environment descriptor '/home/yusuf/turtlebot3_ws/install/yusuf_ozyer/share/yusuf_ozyer/hook/pythonpath.dsv'
[1.668s] INFO:colcon.colcon_core.shell:Creating environment hook '/home/yusuf/turtlebot3_ws/install/yusuf_ozyer/share/yusuf_ozyer/hook/pythonpath.sh'
[1.669s] Level 1:colcon.colcon_core.environment:checking '/home/yusuf/turtlebot3_ws/install/yusuf_ozyer/bin'
[1.669s] Level 1:colcon.colcon_core.environment:create_environment_scripts_only(yusuf_ozyer)
[1.669s] INFO:colcon.colcon_core.shell:Creating package script '/home/yusuf/turtlebot3_ws/install/yusuf_ozyer/share/yusuf_ozyer/package.ps1'
[1.670s] INFO:colcon.colcon_core.shell:Creating package descriptor '/home/yusuf/turtlebot3_ws/install/yusuf_ozyer/share/yusuf_ozyer/package.dsv'
[1.671s] INFO:colcon.colcon_core.shell:Creating package script '/home/yusuf/turtlebot3_ws/install/yusuf_ozyer/share/yusuf_ozyer/package.sh'
[1.671s] INFO:colcon.colcon_core.shell:Creating package script '/home/yusuf/turtlebot3_ws/install/yusuf_ozyer/share/yusuf_ozyer/package.bash'
[1.672s] INFO:colcon.colcon_core.shell:Creating package script '/home/yusuf/turtlebot3_ws/install/yusuf_ozyer/share/yusuf_ozyer/package.zsh'
[1.672s] Level 1:colcon.colcon_core.environment:create_file_with_runtime_dependencies(/home/yusuf/turtlebot3_ws/install/yusuf_ozyer/share/colcon-core/packages/yusuf_ozyer)
[1.672s] DEBUG:colcon.colcon_parallel_executor.executor.parallel:closing loop
[1.673s] DEBUG:colcon.colcon_parallel_executor.executor.parallel:loop closed
[1.673s] DEBUG:colcon.colcon_parallel_executor.executor.parallel:run_until_complete finished with '0'
[1.673s] DEBUG:colcon.colcon_core.event_reactor:joining thread
[1.679s] INFO:colcon.colcon_core.plugin_system:Skipping extension 'colcon_notification.desktop_notification.terminal_notifier': Not used on non-Darwin systems
[1.679s] INFO:colcon.colcon_core.plugin_system:Skipping extension 'colcon_notification.desktop_notification.win32': Not used on non-Windows systems
[1.679s] INFO:colcon.colcon_notification.desktop_notification:Sending desktop notification using 'notify2'
[1.687s] DEBUG:colcon.colcon_core.event_reactor:joined thread
[1.687s] INFO:colcon.colcon_core.shell:Creating prefix script '/home/yusuf/turtlebot3_ws/install/local_setup.ps1'
[1.688s] INFO:colcon.colcon_core.shell:Creating prefix util module '/home/yusuf/turtlebot3_ws/install/_local_setup_util_ps1.py'
[1.690s] INFO:colcon.colcon_core.shell:Creating prefix chain script '/home/yusuf/turtlebot3_ws/install/setup.ps1'
[1.691s] INFO:colcon.colcon_core.shell:Creating prefix script '/home/yusuf/turtlebot3_ws/install/local_setup.sh'
[1.691s] INFO:colcon.colcon_core.shell:Creating prefix util module '/home/yusuf/turtlebot3_ws/install/_local_setup_util_sh.py'
[1.692s] INFO:colcon.colcon_core.shell:Creating prefix chain script '/home/yusuf/turtlebot3_ws/install/setup.sh'
[1.693s] INFO:colcon.colcon_core.shell:Creating prefix script '/home/yusuf/turtlebot3_ws/install/local_setup.bash'
[1.693s] INFO:colcon.colcon_core.shell:Creating prefix chain script '/home/yusuf/turtlebot3_ws/install/setup.bash'
[1.695s] INFO:colcon.colcon_core.shell:Creating prefix script '/home/yusuf/turtlebot3_ws/install/local_setup.zsh'
[1.695s] INFO:colcon.colcon_core.shell:Creating prefix chain script '/home/yusuf/turtlebot3_ws/install/setup.zsh'
